CRITICAL - 2024-07-08 02:29:29 --> ParseError: syntax error, unexpected identifier "select", expecting "," or ";"
in APPPATH\Views\home.php on line 286.
 1 SYSTEMPATH\View\View.php(231): CodeIgniter\View\View->CodeIgniter\View\{closure}()
 2 SYSTEMPATH\Common.php(1178): CodeIgniter\View\View->render('home', [], true)
 3 APPPATH\Controllers\HomeController.php(34): view('home', [...])
 4 SYSTEMPATH\CodeIgniter.php(941): App\Controllers\HomeController->index()
 5 SYSTEMPATH\CodeIgniter.php(502): CodeIgniter\CodeIgniter->runController(Object(App\Controllers\HomeController))
 6 SYSTEMPATH\CodeIgniter.php(361): CodeIgniter\CodeIgniter->handleRequest(null, Object(Config\Cache), false)
 7 FCPATH\index.php(79): CodeIgniter\CodeIgniter->run()
INFO - 2024-07-08 06:37:22 --> Session: Class initialized using 'CodeIgniter\Session\Handlers\FileHandler' driver.
CRITICAL - 2024-07-08 06:37:34 --> ErrorException: Undefined variable $session
in APPPATH\Controllers\HomeController.php on line 98.
 1 APPPATH\Controllers\HomeController.php(98): CodeIgniter\Debug\Exceptions->errorHandler(2, 'Undefined variable $session', 'C:\\wamp\\www\\papsmear\\app\\Controllers\\HomeController.php', 98)
 2 SYSTEMPATH\CodeIgniter.php(941): App\Controllers\HomeController->simpanRegistrasi()
 3 SYSTEMPATH\CodeIgniter.php(502): CodeIgniter\CodeIgniter->runController(Object(App\Controllers\HomeController))
 4 SYSTEMPATH\CodeIgniter.php(361): CodeIgniter\CodeIgniter->handleRequest(null, Object(Config\Cache), false)
 5 FCPATH\index.php(79): CodeIgniter\CodeIgniter->run()
INFO - 2024-07-08 06:38:16 --> Session: Class initialized using 'CodeIgniter\Session\Handlers\FileHandler' driver.
CRITICAL - 2024-07-08 06:38:16 --> ErrorException: Undefined variable $session
in APPPATH\Controllers\HomeController.php on line 100.
 1 APPPATH\Controllers\HomeController.php(100): CodeIgniter\Debug\Exceptions->errorHandler(2, 'Undefined variable $session', 'C:\\wamp\\www\\papsmear\\app\\Controllers\\HomeController.php', 100)
 2 SYSTEMPATH\CodeIgniter.php(941): App\Controllers\HomeController->simpanRegistrasi()
 3 SYSTEMPATH\CodeIgniter.php(502): CodeIgniter\CodeIgniter->runController(Object(App\Controllers\HomeController))
 4 SYSTEMPATH\CodeIgniter.php(361): CodeIgniter\CodeIgniter->handleRequest(null, Object(Config\Cache), false)
 5 FCPATH\index.php(79): CodeIgniter\CodeIgniter->run()
INFO - 2024-07-08 06:44:54 --> Session: Class initialized using 'CodeIgniter\Session\Handlers\FileHandler' driver.
CRITICAL - 2024-07-08 06:44:54 --> ErrorException: Undefined variable $session
in APPPATH\Controllers\HomeController.php on line 101.
 1 APPPATH\Controllers\HomeController.php(101): CodeIgniter\Debug\Exceptions->errorHandler(2, 'Undefined variable $session', 'C:\\wamp\\www\\papsmear\\app\\Controllers\\HomeController.php', 101)
 2 SYSTEMPATH\CodeIgniter.php(941): App\Controllers\HomeController->simpanRegistrasi()
 3 SYSTEMPATH\CodeIgniter.php(502): CodeIgniter\CodeIgniter->runController(Object(App\Controllers\HomeController))
 4 SYSTEMPATH\CodeIgniter.php(361): CodeIgniter\CodeIgniter->handleRequest(null, Object(Config\Cache), false)
 5 FCPATH\index.php(79): CodeIgniter\CodeIgniter->run()
INFO - 2024-07-08 06:48:06 --> Session: Class initialized using 'CodeIgniter\Session\Handlers\FileHandler' driver.
CRITICAL - 2024-07-08 06:48:13 --> ErrorException: Undefined variable $session
in APPPATH\Controllers\HomeController.php on line 98.
 1 APPPATH\Controllers\HomeController.php(98): CodeIgniter\Debug\Exceptions->errorHandler(2, 'Undefined variable $session', 'C:\\wamp\\www\\papsmear\\app\\Controllers\\HomeController.php', 98)
 2 SYSTEMPATH\CodeIgniter.php(941): App\Controllers\HomeController->simpanRegistrasi()
 3 SYSTEMPATH\CodeIgniter.php(502): CodeIgniter\CodeIgniter->runController(Object(App\Controllers\HomeController))
 4 SYSTEMPATH\CodeIgniter.php(361): CodeIgniter\CodeIgniter->handleRequest(null, Object(Config\Cache), false)
 5 FCPATH\index.php(79): CodeIgniter\CodeIgniter->run()
INFO - 2024-07-08 06:49:19 --> Session: Class initialized using 'CodeIgniter\Session\Handlers\FileHandler' driver.
INFO - 2024-07-08 06:49:19 --> Session: Class initialized using 'CodeIgniter\Session\Handlers\FileHandler' driver.
INFO - 2024-07-08 06:49:57 --> Session: Class initialized using 'CodeIgniter\Session\Handlers\FileHandler' driver.
INFO - 2024-07-08 06:49:58 --> Session: Class initialized using 'CodeIgniter\Session\Handlers\FileHandler' driver.
INFO - 2024-07-08 07:14:31 --> Session: Class initialized using 'CodeIgniter\Session\Handlers\FileHandler' driver.
INFO - 2024-07-08 07:15:19 --> Session: Class initialized using 'CodeIgniter\Session\Handlers\FileHandler' driver.
INFO - 2024-07-08 07:15:19 --> Session: Class initialized using 'CodeIgniter\Session\Handlers\FileHandler' driver.
CRITICAL - 2024-07-08 07:23:51 --> Error: Call to undefined method CodeIgniter\Database\MySQLi\Result::numRows()
in APPPATH\Controllers\HomeController.php on line 112.
 1 SYSTEMPATH\CodeIgniter.php(941): App\Controllers\HomeController->simpanRegistrasi()
 2 SYSTEMPATH\CodeIgniter.php(502): CodeIgniter\CodeIgniter->runController(Object(App\Controllers\HomeController))
 3 SYSTEMPATH\CodeIgniter.php(361): CodeIgniter\CodeIgniter->handleRequest(null, Object(Config\Cache), false)
 4 FCPATH\index.php(79): CodeIgniter\CodeIgniter->run()
INFO - 2024-07-08 07:29:23 --> Session: Class initialized using 'CodeIgniter\Session\Handlers\FileHandler' driver.
INFO - 2024-07-08 07:29:59 --> Session: Class initialized using 'CodeIgniter\Session\Handlers\FileHandler' driver.
INFO - 2024-07-08 07:29:59 --> Session: Class initialized using 'CodeIgniter\Session\Handlers\FileHandler' driver.
INFO - 2024-07-08 07:40:12 --> Session: Class initialized using 'CodeIgniter\Session\Handlers\FileHandler' driver.
ERROR - 2024-07-08 07:41:15 --> mysqli_sql_exception: Table 'jadwal' was not locked with LOCK TABLES in C:\wamp\www\papsmear\system\Database\MySQLi\Connection.php:306
Stack trace:
#0 C:\wamp\www\papsmear\system\Database\MySQLi\Connection.php(306): mysqli->query('UPDATE jadwal S...', 0)
#1 C:\wamp\www\papsmear\system\Database\BaseConnection.php(693): CodeIgniter\Database\MySQLi\Connection->execute('UPDATE jadwal S...')
#2 C:\wamp\www\papsmear\app\Models\Jadwal.php(43): CodeIgniter\Database\BaseConnection->simpleQuery('UPDATE jadwal S...')
#3 C:\wamp\www\papsmear\app\Controllers\HomeController.php(151): App\Models\Jadwal->updateKuota('1')
#4 C:\wamp\www\papsmear\system\CodeIgniter.php(941): App\Controllers\HomeController->simpanRegistrasi()
#5 C:\wamp\www\papsmear\system\CodeIgniter.php(502): CodeIgniter\CodeIgniter->runController(Object(App\Controllers\HomeController))
#6 C:\wamp\www\papsmear\system\CodeIgniter.php(361): CodeIgniter\CodeIgniter->handleRequest(NULL, Object(Config\Cache), false)
#7 C:\wamp\www\papsmear\public\index.php(79): CodeIgniter\CodeIgniter->run()
#8 {main}
CRITICAL - 2024-07-08 07:41:15 --> CodeIgniter\Database\Exceptions\DatabaseException: Table 'jadwal' was not locked with LOCK TABLES
in SYSTEMPATH\Database\MySQLi\Connection.php on line 311.
 1 SYSTEMPATH\Database\BaseConnection.php(693): CodeIgniter\Database\MySQLi\Connection->execute('UPDATE jadwal SET kuota = kuota-1 WHERE id = 1')
 2 APPPATH\Models\Jadwal.php(43): CodeIgniter\Database\BaseConnection->simpleQuery('UPDATE jadwal SET kuota = kuota-1 WHERE id = 1')
 3 APPPATH\Controllers\HomeController.php(151): App\Models\Jadwal->updateKuota('1')
 4 SYSTEMPATH\CodeIgniter.php(941): App\Controllers\HomeController->simpanRegistrasi()
 5 SYSTEMPATH\CodeIgniter.php(502): CodeIgniter\CodeIgniter->runController(Object(App\Controllers\HomeController))
 6 SYSTEMPATH\CodeIgniter.php(361): CodeIgniter\CodeIgniter->handleRequest(null, Object(Config\Cache), false)
 7 FCPATH\index.php(79): CodeIgniter\CodeIgniter->run()
CRITICAL - 2024-07-08 07:41:15 --> [Caused by] mysqli_sql_exception: Table 'jadwal' was not locked with LOCK TABLES
in SYSTEMPATH\Database\MySQLi\Connection.php on line 306.
 1 SYSTEMPATH\Database\MySQLi\Connection.php(306): mysqli->query('UPDATE jadwal SET kuota = kuota-1 WHERE id = 1', 0)
 2 SYSTEMPATH\Database\BaseConnection.php(693): CodeIgniter\Database\MySQLi\Connection->execute('UPDATE jadwal SET kuota = kuota-1 WHERE id = 1')
 3 APPPATH\Models\Jadwal.php(43): CodeIgniter\Database\BaseConnection->simpleQuery('UPDATE jadwal SET kuota = kuota-1 WHERE id = 1')
 4 APPPATH\Controllers\HomeController.php(151): App\Models\Jadwal->updateKuota('1')
 5 SYSTEMPATH\CodeIgniter.php(941): App\Controllers\HomeController->simpanRegistrasi()
 6 SYSTEMPATH\CodeIgniter.php(502): CodeIgniter\CodeIgniter->runController(Object(App\Controllers\HomeController))
 7 SYSTEMPATH\CodeIgniter.php(361): CodeIgniter\CodeIgniter->handleRequest(null, Object(Config\Cache), false)
 8 FCPATH\index.php(79): CodeIgniter\CodeIgniter->run()
INFO - 2024-07-08 07:43:33 --> Session: Class initialized using 'CodeIgniter\Session\Handlers\FileHandler' driver.
INFO - 2024-07-08 07:43:33 --> Session: Class initialized using 'CodeIgniter\Session\Handlers\FileHandler' driver.
INFO - 2024-07-08 07:46:54 --> Session: Class initialized using 'CodeIgniter\Session\Handlers\FileHandler' driver.
INFO - 2024-07-08 07:46:54 --> Session: Class initialized using 'CodeIgniter\Session\Handlers\FileHandler' driver.
INFO - 2024-07-08 07:47:56 --> Session: Class initialized using 'CodeIgniter\Session\Handlers\FileHandler' driver.
INFO - 2024-07-08 07:47:56 --> Session: Class initialized using 'CodeIgniter\Session\Handlers\FileHandler' driver.
INFO - 2024-07-08 08:17:14 --> Session: Class initialized using 'CodeIgniter\Session\Handlers\FileHandler' driver.
INFO - 2024-07-08 08:28:37 --> Session: Class initialized using 'CodeIgniter\Session\Handlers\FileHandler' driver.
INFO - 2024-07-08 08:28:37 --> Session: Class initialized using 'CodeIgniter\Session\Handlers\FileHandler' driver.
INFO - 2024-07-08 08:29:14 --> Session: Class initialized using 'CodeIgniter\Session\Handlers\FileHandler' driver.
INFO - 2024-07-08 08:29:14 --> Session: Class initialized using 'CodeIgniter\Session\Handlers\FileHandler' driver.
INFO - 2024-07-08 08:32:55 --> Session: Class initialized using 'CodeIgniter\Session\Handlers\FileHandler' driver.
CRITICAL - 2024-07-08 08:32:55 --> ErrorException: Undefined property: CodeIgniter\View\View::$request
in APPPATH\Views\home.php on line 282.
 1 APPPATH\Views\home.php(282): CodeIgniter\Debug\Exceptions->errorHandler(2, 'Undefined property: CodeIgniter\\View\\View::$request', 'C:\\wamp\\www\\papsmear\\app\\Views\\home.php', 282)
 2 SYSTEMPATH\View\View.php(228): include('C:\\wamp\\www\\papsmear\\app\\Views\\home.php')
 3 SYSTEMPATH\View\View.php(231): CodeIgniter\View\View->CodeIgniter\View\{closure}()
 4 SYSTEMPATH\Common.php(1178): CodeIgniter\View\View->render('home', [], true)
 5 APPPATH\Controllers\HomeController.php(48): view('home', [...])
 6 SYSTEMPATH\CodeIgniter.php(941): App\Controllers\HomeController->index()
 7 SYSTEMPATH\CodeIgniter.php(502): CodeIgniter\CodeIgniter->runController(Object(App\Controllers\HomeController))
 8 SYSTEMPATH\CodeIgniter.php(361): CodeIgniter\CodeIgniter->handleRequest(null, Object(Config\Cache), false)
 9 FCPATH\index.php(79): CodeIgniter\CodeIgniter->run()
INFO - 2024-07-08 08:33:22 --> Session: Class initialized using 'CodeIgniter\Session\Handlers\FileHandler' driver.
INFO - 2024-07-08 08:35:11 --> Session: Class initialized using 'CodeIgniter\Session\Handlers\FileHandler' driver.
INFO - 2024-07-08 08:35:11 --> Session: Class initialized using 'CodeIgniter\Session\Handlers\FileHandler' driver.
INFO - 2024-07-08 08:37:13 --> Session: Class initialized using 'CodeIgniter\Session\Handlers\FileHandler' driver.
INFO - 2024-07-08 08:39:47 --> Session: Class initialized using 'CodeIgniter\Session\Handlers\FileHandler' driver.
INFO - 2024-07-08 08:40:52 --> Session: Class initialized using 'CodeIgniter\Session\Handlers\FileHandler' driver.
INFO - 2024-07-08 14:18:34 --> Session: Class initialized using 'CodeIgniter\Session\Handlers\FileHandler' driver.
INFO - 2024-07-08 14:19:13 --> Session: Class initialized using 'CodeIgniter\Session\Handlers\FileHandler' driver.
INFO - 2024-07-08 14:19:47 --> Session: Class initialized using 'CodeIgniter\Session\Handlers\FileHandler' driver.
INFO - 2024-07-08 14:19:53 --> Session: Class initialized using 'CodeIgniter\Session\Handlers\FileHandler' driver.
INFO - 2024-07-08 14:19:54 --> Session: Class initialized using 'CodeIgniter\Session\Handlers\FileHandler' driver.
INFO - 2024-07-08 14:20:31 --> Session: Class initialized using 'CodeIgniter\Session\Handlers\FileHandler' driver.
INFO - 2024-07-08 14:23:56 --> Session: Class initialized using 'CodeIgniter\Session\Handlers\FileHandler' driver.
INFO - 2024-07-08 14:23:56 --> Session: Class initialized using 'CodeIgniter\Session\Handlers\FileHandler' driver.
INFO - 2024-07-08 14:25:26 --> Session: Class initialized using 'CodeIgniter\Session\Handlers\FileHandler' driver.
INFO - 2024-07-08 14:25:36 --> Session: Class initialized using 'CodeIgniter\Session\Handlers\FileHandler' driver.
INFO - 2024-07-08 14:26:54 --> Session: Class initialized using 'CodeIgniter\Session\Handlers\FileHandler' driver.
INFO - 2024-07-08 14:34:00 --> Session: Class initialized using 'CodeIgniter\Session\Handlers\FileHandler' driver.
INFO - 2024-07-08 14:36:04 --> Session: Class initialized using 'CodeIgniter\Session\Handlers\FileHandler' driver.
CRITICAL - 2024-07-08 14:38:28 --> ParseError: syntax error, unexpected variable "$builder"
in APPPATH\Models\Peserta.php on line 39.
 1 SYSTEMPATH\Autoloader\Autoloader.php(290): CodeIgniter\Autoloader\Autoloader->includeFile('C:\\wamp\\www\\papsmear\\app\\Models\\Peserta.php')
 2 SYSTEMPATH\Autoloader\Autoloader.php(266): CodeIgniter\Autoloader\Autoloader->loadInNamespace('App\\Models\\Peserta')
 3 APPPATH\Controllers\HomeController.php(200): CodeIgniter\Autoloader\Autoloader->loadClass('App\\Models\\Peserta')
 4 SYSTEMPATH\CodeIgniter.php(941): App\Controllers\HomeController->getDataRegistrasi()
 5 SYSTEMPATH\CodeIgniter.php(502): CodeIgniter\CodeIgniter->runController(Object(App\Controllers\HomeController))
 6 SYSTEMPATH\CodeIgniter.php(361): CodeIgniter\CodeIgniter->handleRequest(null, Object(Config\Cache), false)
 7 FCPATH\index.php(79): CodeIgniter\CodeIgniter->run()
CRITICAL - 2024-07-08 14:38:47 --> ParseError: syntax error, unexpected variable "$builder"
in APPPATH\Models\Peserta.php on line 39.
 1 SYSTEMPATH\Autoloader\Autoloader.php(290): CodeIgniter\Autoloader\Autoloader->includeFile('C:\\wamp\\www\\papsmear\\app\\Models\\Peserta.php')
 2 SYSTEMPATH\Autoloader\Autoloader.php(266): CodeIgniter\Autoloader\Autoloader->loadInNamespace('App\\Models\\Peserta')
 3 APPPATH\Controllers\HomeController.php(39): CodeIgniter\Autoloader\Autoloader->loadClass('App\\Models\\Peserta')
 4 SYSTEMPATH\CodeIgniter.php(941): App\Controllers\HomeController->index()
 5 SYSTEMPATH\CodeIgniter.php(502): CodeIgniter\CodeIgniter->runController(Object(App\Controllers\HomeController))
 6 SYSTEMPATH\CodeIgniter.php(361): CodeIgniter\CodeIgniter->handleRequest(null, Object(Config\Cache), false)
 7 FCPATH\index.php(79): CodeIgniter\CodeIgniter->run()
INFO - 2024-07-08 14:39:02 --> Session: Class initialized using 'CodeIgniter\Session\Handlers\FileHandler' driver.
ERROR - 2024-07-08 14:39:11 --> mysqli_sql_exception: Column 'id' in field list is ambiguous in C:\wamp\www\papsmear\system\Database\MySQLi\Connection.php:306
Stack trace:
#0 C:\wamp\www\papsmear\system\Database\MySQLi\Connection.php(306): mysqli->query('SELECT `id`, `n...', 0)
#1 C:\wamp\www\papsmear\system\Database\BaseConnection.php(693): CodeIgniter\Database\MySQLi\Connection->execute('SELECT `id`, `n...')
#2 C:\wamp\www\papsmear\system\Database\BaseConnection.php(607): CodeIgniter\Database\BaseConnection->simpleQuery('SELECT `id`, `n...')
#3 C:\wamp\www\papsmear\system\Database\BaseBuilder.php(1616): CodeIgniter\Database\BaseConnection->query('SELECT `id`, `n...', Array, false)
#4 C:\wamp\www\papsmear\app\Models\Peserta.php(40): CodeIgniter\Database\BaseBuilder->get()
#5 C:\wamp\www\papsmear\app\Controllers\HomeController.php(201): App\Models\Peserta->getDatabyNIPPendaftar('199209022017121...')
#6 C:\wamp\www\papsmear\system\CodeIgniter.php(941): App\Controllers\HomeController->getDataRegistrasi()
#7 C:\wamp\www\papsmear\system\CodeIgniter.php(502): CodeIgniter\CodeIgniter->runController(Object(App\Controllers\HomeController))
#8 C:\wamp\www\papsmear\system\CodeIgniter.php(361): CodeIgniter\CodeIgniter->handleRequest(NULL, Object(Config\Cache), false)
#9 C:\wamp\www\papsmear\public\index.php(79): CodeIgniter\CodeIgniter->run()
#10 {main}
CRITICAL - 2024-07-08 14:39:11 --> CodeIgniter\Database\Exceptions\DatabaseException: Column 'id' in field list is ambiguous
in SYSTEMPATH\Database\BaseConnection.php on line 647.
 1 SYSTEMPATH\Database\BaseBuilder.php(1616): CodeIgniter\Database\BaseConnection->query('SELECT `id`, `nama`, `nik`, `bpjs`, `tgl_lahir`, `telp`, `tinggi`, `berat`, `jenis_id`, `jadwal_id`, `sesi_id`, `nama_pendaftar`, `nip_pendaftar`, `kodesatker_pendaftar`, `unitkerja_pendaftar`, `tgl_daftar`, `jenis`.`nama` AS `nama_jenis`
FROM `peserta`
JOIN `jenis` ON `peserta`.`jenis_id` = `jenis`.`id`
WHERE `peserta`.`nip_pendaftar` = :peserta.nip_pendaftar:', [...], false)
 2 APPPATH\Models\Peserta.php(40): CodeIgniter\Database\BaseBuilder->get()
 3 APPPATH\Controllers\HomeController.php(201): App\Models\Peserta->getDatabyNIPPendaftar('199209022017121001')
 4 SYSTEMPATH\CodeIgniter.php(941): App\Controllers\HomeController->getDataRegistrasi()
 5 SYSTEMPATH\CodeIgniter.php(502): CodeIgniter\CodeIgniter->runController(Object(App\Controllers\HomeController))
 6 SYSTEMPATH\CodeIgniter.php(361): CodeIgniter\CodeIgniter->handleRequest(null, Object(Config\Cache), false)
 7 FCPATH\index.php(79): CodeIgniter\CodeIgniter->run()
CRITICAL - 2024-07-08 14:39:11 --> [Caused by] CodeIgniter\Database\Exceptions\DatabaseException: Column 'id' in field list is ambiguous
in SYSTEMPATH\Database\MySQLi\Connection.php on line 311.
 1 SYSTEMPATH\Database\BaseConnection.php(693): CodeIgniter\Database\MySQLi\Connection->execute('SELECT `id`, `nama`, `nik`, `bpjs`, `tgl_lahir`, `telp`, `tinggi`, `berat`, `jenis_id`, `jadwal_id`, `sesi_id`, `nama_pendaftar`, `nip_pendaftar`, `kodesatker_pendaftar`, `unitkerja_pendaftar`, `tgl_daftar`, `jenis`.`nama` AS `nama_jenis`
FROM `peserta`
JOIN `jenis` ON `peserta`.`jenis_id` = `jenis`.`id`
WHERE `peserta`.`nip_pendaftar` = \'199209022017121001\'')
 2 SYSTEMPATH\Database\BaseConnection.php(607): CodeIgniter\Database\BaseConnection->simpleQuery('SELECT `id`, `nama`, `nik`, `bpjs`, `tgl_lahir`, `telp`, `tinggi`, `berat`, `jenis_id`, `jadwal_id`, `sesi_id`, `nama_pendaftar`, `nip_pendaftar`, `kodesatker_pendaftar`, `unitkerja_pendaftar`, `tgl_daftar`, `jenis`.`nama` AS `nama_jenis`
FROM `peserta`
JOIN `jenis` ON `peserta`.`jenis_id` = `jenis`.`id`
WHERE `peserta`.`nip_pendaftar` = \'199209022017121001\'')
 3 SYSTEMPATH\Database\BaseBuilder.php(1616): CodeIgniter\Database\BaseConnection->query('SELECT `id`, `nama`, `nik`, `bpjs`, `tgl_lahir`, `telp`, `tinggi`, `berat`, `jenis_id`, `jadwal_id`, `sesi_id`, `nama_pendaftar`, `nip_pendaftar`, `kodesatker_pendaftar`, `unitkerja_pendaftar`, `tgl_daftar`, `jenis`.`nama` AS `nama_jenis`
FROM `peserta`
JOIN `jenis` ON `peserta`.`jenis_id` = `jenis`.`id`
WHERE `peserta`.`nip_pendaftar` = :peserta.nip_pendaftar:', [...], false)
 4 APPPATH\Models\Peserta.php(40): CodeIgniter\Database\BaseBuilder->get()
 5 APPPATH\Controllers\HomeController.php(201): App\Models\Peserta->getDatabyNIPPendaftar('199209022017121001')
 6 SYSTEMPATH\CodeIgniter.php(941): App\Controllers\HomeController->getDataRegistrasi()
 7 SYSTEMPATH\CodeIgniter.php(502): CodeIgniter\CodeIgniter->runController(Object(App\Controllers\HomeController))
 8 SYSTEMPATH\CodeIgniter.php(361): CodeIgniter\CodeIgniter->handleRequest(null, Object(Config\Cache), false)
 9 FCPATH\index.php(79): CodeIgniter\CodeIgniter->run()
CRITICAL - 2024-07-08 14:39:11 --> [Caused by] mysqli_sql_exception: Column 'id' in field list is ambiguous
in SYSTEMPATH\Database\MySQLi\Connection.php on line 306.
 1 SYSTEMPATH\Database\MySQLi\Connection.php(306): mysqli->query('SELECT `id`, `nama`, `nik`, `bpjs`, `tgl_lahir`, `telp`, `tinggi`, `berat`, `jenis_id`, `jadwal_id`, `sesi_id`, `nama_pendaftar`, `nip_pendaftar`, `kodesatker_pendaftar`, `unitkerja_pendaftar`, `tgl_daftar`, `jenis`.`nama` AS `nama_jenis`
FROM `peserta`
JOIN `jenis` ON `peserta`.`jenis_id` = `jenis`.`id`
WHERE `peserta`.`nip_pendaftar` = \'199209022017121001\'', 0)
 2 SYSTEMPATH\Database\BaseConnection.php(693): CodeIgniter\Database\MySQLi\Connection->execute('SELECT `id`, `nama`, `nik`, `bpjs`, `tgl_lahir`, `telp`, `tinggi`, `berat`, `jenis_id`, `jadwal_id`, `sesi_id`, `nama_pendaftar`, `nip_pendaftar`, `kodesatker_pendaftar`, `unitkerja_pendaftar`, `tgl_daftar`, `jenis`.`nama` AS `nama_jenis`
FROM `peserta`
JOIN `jenis` ON `peserta`.`jenis_id` = `jenis`.`id`
WHERE `peserta`.`nip_pendaftar` = \'199209022017121001\'')
 3 SYSTEMPATH\Database\BaseConnection.php(607): CodeIgniter\Database\BaseConnection->simpleQuery('SELECT `id`, `nama`, `nik`, `bpjs`, `tgl_lahir`, `telp`, `tinggi`, `berat`, `jenis_id`, `jadwal_id`, `sesi_id`, `nama_pendaftar`, `nip_pendaftar`, `kodesatker_pendaftar`, `unitkerja_pendaftar`, `tgl_daftar`, `jenis`.`nama` AS `nama_jenis`
FROM `peserta`
JOIN `jenis` ON `peserta`.`jenis_id` = `jenis`.`id`
WHERE `peserta`.`nip_pendaftar` = \'199209022017121001\'')
 4 SYSTEMPATH\Database\BaseBuilder.php(1616): CodeIgniter\Database\BaseConnection->query('SELECT `id`, `nama`, `nik`, `bpjs`, `tgl_lahir`, `telp`, `tinggi`, `berat`, `jenis_id`, `jadwal_id`, `sesi_id`, `nama_pendaftar`, `nip_pendaftar`, `kodesatker_pendaftar`, `unitkerja_pendaftar`, `tgl_daftar`, `jenis`.`nama` AS `nama_jenis`
FROM `peserta`
JOIN `jenis` ON `peserta`.`jenis_id` = `jenis`.`id`
WHERE `peserta`.`nip_pendaftar` = :peserta.nip_pendaftar:', [...], false)
 5 APPPATH\Models\Peserta.php(40): CodeIgniter\Database\BaseBuilder->get()
 6 APPPATH\Controllers\HomeController.php(201): App\Models\Peserta->getDatabyNIPPendaftar('199209022017121001')
 7 SYSTEMPATH\CodeIgniter.php(941): App\Controllers\HomeController->getDataRegistrasi()
 8 SYSTEMPATH\CodeIgniter.php(502): CodeIgniter\CodeIgniter->runController(Object(App\Controllers\HomeController))
 9 SYSTEMPATH\CodeIgniter.php(361): CodeIgniter\CodeIgniter->handleRequest(null, Object(Config\Cache), false)
10 FCPATH\index.php(79): CodeIgniter\CodeIgniter->run()
INFO - 2024-07-08 14:40:10 --> Session: Class initialized using 'CodeIgniter\Session\Handlers\FileHandler' driver.
INFO - 2024-07-08 14:45:48 --> Session: Class initialized using 'CodeIgniter\Session\Handlers\FileHandler' driver.
INFO - 2024-07-08 15:01:53 --> Session: Class initialized using 'CodeIgniter\Session\Handlers\FileHandler' driver.
INFO - 2024-07-08 15:07:13 --> Session: Class initialized using 'CodeIgniter\Session\Handlers\FileHandler' driver.
