WARNING - 2026-03-06 09:33:53 --> [DEPRECATED] Creation of dynamic property App\Libraries\Recaptcha::$settings is deprecated in APPPATH\Libraries\Recaptcha.php on line 29.
 1 APPPATH\Controllers\RegistController.php(27): App\Libraries\Recaptcha->__construct()
 2 SYSTEMPATH\CodeIgniter.php(913): App\Controllers\RegistController->__construct()
 3 SYSTEMPATH\CodeIgniter.php(493): CodeIgniter\CodeIgniter->createController()
 4 SYSTEMPATH\CodeIgniter.php(361): CodeIgniter\CodeIgniter->handleRequest(null, Object(Config\Cache), false)
 5 FCPATH\index.php(79): CodeIgniter\CodeIgniter->run()
WARNING - 2026-03-06 09:33:53 --> [DEPRECATED] Creation of dynamic property App\Libraries\Recaptcha::$_siteKey is deprecated in APPPATH\Libraries\Recaptcha.php on line 31.
 1 APPPATH\Controllers\RegistController.php(27): App\Libraries\Recaptcha->__construct()
 2 SYSTEMPATH\CodeIgniter.php(913): App\Controllers\RegistController->__construct()
 3 SYSTEMPATH\CodeIgniter.php(493): CodeIgniter\CodeIgniter->createController()
 4 SYSTEMPATH\CodeIgniter.php(361): CodeIgniter\CodeIgniter->handleRequest(null, Object(Config\Cache), false)
 5 FCPATH\index.php(79): CodeIgniter\CodeIgniter->run()
WARNING - 2026-03-06 09:33:53 --> [DEPRECATED] Creation of dynamic property App\Libraries\Recaptcha::$_secretKey is deprecated in APPPATH\Libraries\Recaptcha.php on line 32.
 1 APPPATH\Controllers\RegistController.php(27): App\Libraries\Recaptcha->__construct()
 2 SYSTEMPATH\CodeIgniter.php(913): App\Controllers\RegistController->__construct()
 3 SYSTEMPATH\CodeIgniter.php(493): CodeIgniter\CodeIgniter->createController()
 4 SYSTEMPATH\CodeIgniter.php(361): CodeIgniter\CodeIgniter->handleRequest(null, Object(Config\Cache), false)
 5 FCPATH\index.php(79): CodeIgniter\CodeIgniter->run()
WARNING - 2026-03-06 09:33:53 --> [DEPRECATED] Creation of dynamic property App\Libraries\Recaptcha::$_language is deprecated in APPPATH\Libraries\Recaptcha.php on line 33.
 1 APPPATH\Controllers\RegistController.php(27): App\Libraries\Recaptcha->__construct()
 2 SYSTEMPATH\CodeIgniter.php(913): App\Controllers\RegistController->__construct()
 3 SYSTEMPATH\CodeIgniter.php(493): CodeIgniter\CodeIgniter->createController()
 4 SYSTEMPATH\CodeIgniter.php(361): CodeIgniter\CodeIgniter->handleRequest(null, Object(Config\Cache), false)
 5 FCPATH\index.php(79): CodeIgniter\CodeIgniter->run()
INFO - 2026-03-06 09:33:53 --> Session: Class initialized using 'CodeIgniter\Session\Handlers\FileHandler' driver.
WARNING - 2026-03-06 09:40:49 --> [DEPRECATED] Creation of dynamic property App\Libraries\Recaptcha::$settings is deprecated in APPPATH\Libraries\Recaptcha.php on line 29.
 1 APPPATH\Controllers\RegistController.php(27): App\Libraries\Recaptcha->__construct()
 2 SYSTEMPATH\CodeIgniter.php(913): App\Controllers\RegistController->__construct()
 3 SYSTEMPATH\CodeIgniter.php(493): CodeIgniter\CodeIgniter->createController()
 4 SYSTEMPATH\CodeIgniter.php(361): CodeIgniter\CodeIgniter->handleRequest(null, Object(Config\Cache), false)
 5 FCPATH\index.php(79): CodeIgniter\CodeIgniter->run()
WARNING - 2026-03-06 09:40:49 --> [DEPRECATED] Creation of dynamic property App\Libraries\Recaptcha::$_siteKey is deprecated in APPPATH\Libraries\Recaptcha.php on line 31.
 1 APPPATH\Controllers\RegistController.php(27): App\Libraries\Recaptcha->__construct()
 2 SYSTEMPATH\CodeIgniter.php(913): App\Controllers\RegistController->__construct()
 3 SYSTEMPATH\CodeIgniter.php(493): CodeIgniter\CodeIgniter->createController()
 4 SYSTEMPATH\CodeIgniter.php(361): CodeIgniter\CodeIgniter->handleRequest(null, Object(Config\Cache), false)
 5 FCPATH\index.php(79): CodeIgniter\CodeIgniter->run()
WARNING - 2026-03-06 09:40:49 --> [DEPRECATED] Creation of dynamic property App\Libraries\Recaptcha::$_secretKey is deprecated in APPPATH\Libraries\Recaptcha.php on line 32.
 1 APPPATH\Controllers\RegistController.php(27): App\Libraries\Recaptcha->__construct()
 2 SYSTEMPATH\CodeIgniter.php(913): App\Controllers\RegistController->__construct()
 3 SYSTEMPATH\CodeIgniter.php(493): CodeIgniter\CodeIgniter->createController()
 4 SYSTEMPATH\CodeIgniter.php(361): CodeIgniter\CodeIgniter->handleRequest(null, Object(Config\Cache), false)
 5 FCPATH\index.php(79): CodeIgniter\CodeIgniter->run()
WARNING - 2026-03-06 09:40:49 --> [DEPRECATED] Creation of dynamic property App\Libraries\Recaptcha::$_language is deprecated in APPPATH\Libraries\Recaptcha.php on line 33.
 1 APPPATH\Controllers\RegistController.php(27): App\Libraries\Recaptcha->__construct()
 2 SYSTEMPATH\CodeIgniter.php(913): App\Controllers\RegistController->__construct()
 3 SYSTEMPATH\CodeIgniter.php(493): CodeIgniter\CodeIgniter->createController()
 4 SYSTEMPATH\CodeIgniter.php(361): CodeIgniter\CodeIgniter->handleRequest(null, Object(Config\Cache), false)
 5 FCPATH\index.php(79): CodeIgniter\CodeIgniter->run()
INFO - 2026-03-06 09:40:49 --> Session: Class initialized using 'CodeIgniter\Session\Handlers\FileHandler' driver.
WARNING - 2026-03-06 09:42:50 --> [DEPRECATED] Creation of dynamic property App\Libraries\Recaptcha::$settings is deprecated in APPPATH\Libraries\Recaptcha.php on line 29.
 1 APPPATH\Controllers\RegistController.php(27): App\Libraries\Recaptcha->__construct()
 2 SYSTEMPATH\CodeIgniter.php(913): App\Controllers\RegistController->__construct()
 3 SYSTEMPATH\CodeIgniter.php(493): CodeIgniter\CodeIgniter->createController()
 4 SYSTEMPATH\CodeIgniter.php(361): CodeIgniter\CodeIgniter->handleRequest(null, Object(Config\Cache), false)
 5 FCPATH\index.php(79): CodeIgniter\CodeIgniter->run()
WARNING - 2026-03-06 09:42:50 --> [DEPRECATED] Creation of dynamic property App\Libraries\Recaptcha::$_siteKey is deprecated in APPPATH\Libraries\Recaptcha.php on line 31.
 1 APPPATH\Controllers\RegistController.php(27): App\Libraries\Recaptcha->__construct()
 2 SYSTEMPATH\CodeIgniter.php(913): App\Controllers\RegistController->__construct()
 3 SYSTEMPATH\CodeIgniter.php(493): CodeIgniter\CodeIgniter->createController()
 4 SYSTEMPATH\CodeIgniter.php(361): CodeIgniter\CodeIgniter->handleRequest(null, Object(Config\Cache), false)
 5 FCPATH\index.php(79): CodeIgniter\CodeIgniter->run()
WARNING - 2026-03-06 09:42:50 --> [DEPRECATED] Creation of dynamic property App\Libraries\Recaptcha::$_secretKey is deprecated in APPPATH\Libraries\Recaptcha.php on line 32.
 1 APPPATH\Controllers\RegistController.php(27): App\Libraries\Recaptcha->__construct()
 2 SYSTEMPATH\CodeIgniter.php(913): App\Controllers\RegistController->__construct()
 3 SYSTEMPATH\CodeIgniter.php(493): CodeIgniter\CodeIgniter->createController()
 4 SYSTEMPATH\CodeIgniter.php(361): CodeIgniter\CodeIgniter->handleRequest(null, Object(Config\Cache), false)
 5 FCPATH\index.php(79): CodeIgniter\CodeIgniter->run()
WARNING - 2026-03-06 09:42:50 --> [DEPRECATED] Creation of dynamic property App\Libraries\Recaptcha::$_language is deprecated in APPPATH\Libraries\Recaptcha.php on line 33.
 1 APPPATH\Controllers\RegistController.php(27): App\Libraries\Recaptcha->__construct()
 2 SYSTEMPATH\CodeIgniter.php(913): App\Controllers\RegistController->__construct()
 3 SYSTEMPATH\CodeIgniter.php(493): CodeIgniter\CodeIgniter->createController()
 4 SYSTEMPATH\CodeIgniter.php(361): CodeIgniter\CodeIgniter->handleRequest(null, Object(Config\Cache), false)
 5 FCPATH\index.php(79): CodeIgniter\CodeIgniter->run()
INFO - 2026-03-06 09:42:50 --> Session: Class initialized using 'CodeIgniter\Session\Handlers\FileHandler' driver.
WARNING - 2026-03-06 10:43:38 --> [DEPRECATED] Creation of dynamic property App\Libraries\Recaptcha::$settings is deprecated in APPPATH\Libraries\Recaptcha.php on line 29.
 1 APPPATH\Controllers\RegistController.php(27): App\Libraries\Recaptcha->__construct()
 2 SYSTEMPATH\CodeIgniter.php(913): App\Controllers\RegistController->__construct()
 3 SYSTEMPATH\CodeIgniter.php(493): CodeIgniter\CodeIgniter->createController()
 4 SYSTEMPATH\CodeIgniter.php(361): CodeIgniter\CodeIgniter->handleRequest(null, Object(Config\Cache), false)
 5 FCPATH\index.php(79): CodeIgniter\CodeIgniter->run()
WARNING - 2026-03-06 10:43:38 --> [DEPRECATED] Creation of dynamic property App\Libraries\Recaptcha::$_siteKey is deprecated in APPPATH\Libraries\Recaptcha.php on line 31.
 1 APPPATH\Controllers\RegistController.php(27): App\Libraries\Recaptcha->__construct()
 2 SYSTEMPATH\CodeIgniter.php(913): App\Controllers\RegistController->__construct()
 3 SYSTEMPATH\CodeIgniter.php(493): CodeIgniter\CodeIgniter->createController()
 4 SYSTEMPATH\CodeIgniter.php(361): CodeIgniter\CodeIgniter->handleRequest(null, Object(Config\Cache), false)
 5 FCPATH\index.php(79): CodeIgniter\CodeIgniter->run()
WARNING - 2026-03-06 10:43:38 --> [DEPRECATED] Creation of dynamic property App\Libraries\Recaptcha::$_secretKey is deprecated in APPPATH\Libraries\Recaptcha.php on line 32.
 1 APPPATH\Controllers\RegistController.php(27): App\Libraries\Recaptcha->__construct()
 2 SYSTEMPATH\CodeIgniter.php(913): App\Controllers\RegistController->__construct()
 3 SYSTEMPATH\CodeIgniter.php(493): CodeIgniter\CodeIgniter->createController()
 4 SYSTEMPATH\CodeIgniter.php(361): CodeIgniter\CodeIgniter->handleRequest(null, Object(Config\Cache), false)
 5 FCPATH\index.php(79): CodeIgniter\CodeIgniter->run()
WARNING - 2026-03-06 10:43:38 --> [DEPRECATED] Creation of dynamic property App\Libraries\Recaptcha::$_language is deprecated in APPPATH\Libraries\Recaptcha.php on line 33.
 1 APPPATH\Controllers\RegistController.php(27): App\Libraries\Recaptcha->__construct()
 2 SYSTEMPATH\CodeIgniter.php(913): App\Controllers\RegistController->__construct()
 3 SYSTEMPATH\CodeIgniter.php(493): CodeIgniter\CodeIgniter->createController()
 4 SYSTEMPATH\CodeIgniter.php(361): CodeIgniter\CodeIgniter->handleRequest(null, Object(Config\Cache), false)
 5 FCPATH\index.php(79): CodeIgniter\CodeIgniter->run()
INFO - 2026-03-06 10:43:38 --> Session: Class initialized using 'CodeIgniter\Session\Handlers\FileHandler' driver.
WARNING - 2026-03-06 10:45:58 --> [DEPRECATED] Creation of dynamic property App\Libraries\Recaptcha::$settings is deprecated in APPPATH\Libraries\Recaptcha.php on line 29.
 1 APPPATH\Controllers\RegistController.php(27): App\Libraries\Recaptcha->__construct()
 2 SYSTEMPATH\CodeIgniter.php(913): App\Controllers\RegistController->__construct()
 3 SYSTEMPATH\CodeIgniter.php(493): CodeIgniter\CodeIgniter->createController()
 4 SYSTEMPATH\CodeIgniter.php(361): CodeIgniter\CodeIgniter->handleRequest(null, Object(Config\Cache), false)
 5 FCPATH\index.php(79): CodeIgniter\CodeIgniter->run()
WARNING - 2026-03-06 10:45:58 --> [DEPRECATED] Creation of dynamic property App\Libraries\Recaptcha::$_siteKey is deprecated in APPPATH\Libraries\Recaptcha.php on line 31.
 1 APPPATH\Controllers\RegistController.php(27): App\Libraries\Recaptcha->__construct()
 2 SYSTEMPATH\CodeIgniter.php(913): App\Controllers\RegistController->__construct()
 3 SYSTEMPATH\CodeIgniter.php(493): CodeIgniter\CodeIgniter->createController()
 4 SYSTEMPATH\CodeIgniter.php(361): CodeIgniter\CodeIgniter->handleRequest(null, Object(Config\Cache), false)
 5 FCPATH\index.php(79): CodeIgniter\CodeIgniter->run()
WARNING - 2026-03-06 10:45:58 --> [DEPRECATED] Creation of dynamic property App\Libraries\Recaptcha::$_secretKey is deprecated in APPPATH\Libraries\Recaptcha.php on line 32.
 1 APPPATH\Controllers\RegistController.php(27): App\Libraries\Recaptcha->__construct()
 2 SYSTEMPATH\CodeIgniter.php(913): App\Controllers\RegistController->__construct()
 3 SYSTEMPATH\CodeIgniter.php(493): CodeIgniter\CodeIgniter->createController()
 4 SYSTEMPATH\CodeIgniter.php(361): CodeIgniter\CodeIgniter->handleRequest(null, Object(Config\Cache), false)
 5 FCPATH\index.php(79): CodeIgniter\CodeIgniter->run()
WARNING - 2026-03-06 10:45:58 --> [DEPRECATED] Creation of dynamic property App\Libraries\Recaptcha::$_language is deprecated in APPPATH\Libraries\Recaptcha.php on line 33.
 1 APPPATH\Controllers\RegistController.php(27): App\Libraries\Recaptcha->__construct()
 2 SYSTEMPATH\CodeIgniter.php(913): App\Controllers\RegistController->__construct()
 3 SYSTEMPATH\CodeIgniter.php(493): CodeIgniter\CodeIgniter->createController()
 4 SYSTEMPATH\CodeIgniter.php(361): CodeIgniter\CodeIgniter->handleRequest(null, Object(Config\Cache), false)
 5 FCPATH\index.php(79): CodeIgniter\CodeIgniter->run()
INFO - 2026-03-06 10:45:58 --> Session: Class initialized using 'CodeIgniter\Session\Handlers\FileHandler' driver.
ERROR - 2026-03-06 10:45:58 --> mysqli_sql_exception: Unknown column 'jenis' in 'field list' in C:\wamp64\www\regist-sktt\system\Database\MySQLi\Connection.php:306
Stack trace:
#0 C:\wamp64\www\regist-sktt\system\Database\MySQLi\Connection.php(306): mysqli->query('SELECT DISTINCT...', 0)
#1 C:\wamp64\www\regist-sktt\system\Database\BaseConnection.php(693): CodeIgniter\Database\MySQLi\Connection->execute('SELECT DISTINCT...')
#2 C:\wamp64\www\regist-sktt\system\Database\BaseConnection.php(607): CodeIgniter\Database\BaseConnection->simpleQuery('SELECT DISTINCT...')
#3 C:\wamp64\www\regist-sktt\system\Database\BaseBuilder.php(1616): CodeIgniter\Database\BaseConnection->query('SELECT DISTINCT...', Array, false)
#4 C:\wamp64\www\regist-sktt\app\Models\Peserta.php(108): CodeIgniter\Database\BaseBuilder->get()
#5 C:\wamp64\www\regist-sktt\app\Controllers\RegistController.php(44): App\Models\Peserta->getDistinctJabatan()
#6 C:\wamp64\www\regist-sktt\system\CodeIgniter.php(941): App\Controllers\RegistController->index()
#7 C:\wamp64\www\regist-sktt\system\CodeIgniter.php(502): CodeIgniter\CodeIgniter->runController(Object(App\Controllers\RegistController))
#8 C:\wamp64\www\regist-sktt\system\CodeIgniter.php(361): CodeIgniter\CodeIgniter->handleRequest(NULL, Object(Config\Cache), false)
#9 C:\wamp64\www\regist-sktt\public\index.php(79): CodeIgniter\CodeIgniter->run()
#10 {main}
CRITICAL - 2026-03-06 10:45:58 --> CodeIgniter\Database\Exceptions\DatabaseException: Unknown column 'jenis' in 'field list'
in SYSTEMPATH\Database\BaseConnection.php on line 647.
 1 SYSTEMPATH\Database\BaseBuilder.php(1616): CodeIgniter\Database\BaseConnection->query('SELECT DISTINCT `jenis`
FROM `peserta`
WHERE `jenis` IS NOT NULL', [], false)
 2 APPPATH\Models\Peserta.php(108): CodeIgniter\Database\BaseBuilder->get()
 3 APPPATH\Controllers\RegistController.php(44): App\Models\Peserta->getDistinctJabatan()
 4 SYSTEMPATH\CodeIgniter.php(941): App\Controllers\RegistController->index()
 5 SYSTEMPATH\CodeIgniter.php(502): CodeIgniter\CodeIgniter->runController(Object(App\Controllers\RegistController))
 6 SYSTEMPATH\CodeIgniter.php(361): CodeIgniter\CodeIgniter->handleRequest(null, Object(Config\Cache), false)
 7 FCPATH\index.php(79): CodeIgniter\CodeIgniter->run()
CRITICAL - 2026-03-06 10:45:58 --> [Caused by] CodeIgniter\Database\Exceptions\DatabaseException: Unknown column 'jenis' in 'field list'
in SYSTEMPATH\Database\MySQLi\Connection.php on line 311.
 1 SYSTEMPATH\Database\BaseConnection.php(693): CodeIgniter\Database\MySQLi\Connection->execute('SELECT DISTINCT `jenis`
FROM `peserta`
WHERE `jenis` IS NOT NULL')
 2 SYSTEMPATH\Database\BaseConnection.php(607): CodeIgniter\Database\BaseConnection->simpleQuery('SELECT DISTINCT `jenis`
FROM `peserta`
WHERE `jenis` IS NOT NULL')
 3 SYSTEMPATH\Database\BaseBuilder.php(1616): CodeIgniter\Database\BaseConnection->query('SELECT DISTINCT `jenis`
FROM `peserta`
WHERE `jenis` IS NOT NULL', [], false)
 4 APPPATH\Models\Peserta.php(108): CodeIgniter\Database\BaseBuilder->get()
 5 APPPATH\Controllers\RegistController.php(44): App\Models\Peserta->getDistinctJabatan()
 6 SYSTEMPATH\CodeIgniter.php(941): App\Controllers\RegistController->index()
 7 SYSTEMPATH\CodeIgniter.php(502): CodeIgniter\CodeIgniter->runController(Object(App\Controllers\RegistController))
 8 SYSTEMPATH\CodeIgniter.php(361): CodeIgniter\CodeIgniter->handleRequest(null, Object(Config\Cache), false)
 9 FCPATH\index.php(79): CodeIgniter\CodeIgniter->run()
CRITICAL - 2026-03-06 10:45:58 --> [Caused by] mysqli_sql_exception: Unknown column 'jenis' in 'field list'
in SYSTEMPATH\Database\MySQLi\Connection.php on line 306.
 1 SYSTEMPATH\Database\MySQLi\Connection.php(306): mysqli->query('SELECT DISTINCT `jenis`
FROM `peserta`
WHERE `jenis` IS NOT NULL', 0)
 2 SYSTEMPATH\Database\BaseConnection.php(693): CodeIgniter\Database\MySQLi\Connection->execute('SELECT DISTINCT `jenis`
FROM `peserta`
WHERE `jenis` IS NOT NULL')
 3 SYSTEMPATH\Database\BaseConnection.php(607): CodeIgniter\Database\BaseConnection->simpleQuery('SELECT DISTINCT `jenis`
FROM `peserta`
WHERE `jenis` IS NOT NULL')
 4 SYSTEMPATH\Database\BaseBuilder.php(1616): CodeIgniter\Database\BaseConnection->query('SELECT DISTINCT `jenis`
FROM `peserta`
WHERE `jenis` IS NOT NULL', [], false)
 5 APPPATH\Models\Peserta.php(108): CodeIgniter\Database\BaseBuilder->get()
 6 APPPATH\Controllers\RegistController.php(44): App\Models\Peserta->getDistinctJabatan()
 7 SYSTEMPATH\CodeIgniter.php(941): App\Controllers\RegistController->index()
 8 SYSTEMPATH\CodeIgniter.php(502): CodeIgniter\CodeIgniter->runController(Object(App\Controllers\RegistController))
 9 SYSTEMPATH\CodeIgniter.php(361): CodeIgniter\CodeIgniter->handleRequest(null, Object(Config\Cache), false)
10 FCPATH\index.php(79): CodeIgniter\CodeIgniter->run()
WARNING - 2026-03-06 10:46:49 --> [DEPRECATED] Creation of dynamic property App\Libraries\Recaptcha::$settings is deprecated in APPPATH\Libraries\Recaptcha.php on line 29.
 1 APPPATH\Controllers\RegistController.php(27): App\Libraries\Recaptcha->__construct()
 2 SYSTEMPATH\CodeIgniter.php(913): App\Controllers\RegistController->__construct()
 3 SYSTEMPATH\CodeIgniter.php(493): CodeIgniter\CodeIgniter->createController()
 4 SYSTEMPATH\CodeIgniter.php(361): CodeIgniter\CodeIgniter->handleRequest(null, Object(Config\Cache), false)
 5 FCPATH\index.php(79): CodeIgniter\CodeIgniter->run()
WARNING - 2026-03-06 10:46:49 --> [DEPRECATED] Creation of dynamic property App\Libraries\Recaptcha::$_siteKey is deprecated in APPPATH\Libraries\Recaptcha.php on line 31.
 1 APPPATH\Controllers\RegistController.php(27): App\Libraries\Recaptcha->__construct()
 2 SYSTEMPATH\CodeIgniter.php(913): App\Controllers\RegistController->__construct()
 3 SYSTEMPATH\CodeIgniter.php(493): CodeIgniter\CodeIgniter->createController()
 4 SYSTEMPATH\CodeIgniter.php(361): CodeIgniter\CodeIgniter->handleRequest(null, Object(Config\Cache), false)
 5 FCPATH\index.php(79): CodeIgniter\CodeIgniter->run()
WARNING - 2026-03-06 10:46:49 --> [DEPRECATED] Creation of dynamic property App\Libraries\Recaptcha::$_secretKey is deprecated in APPPATH\Libraries\Recaptcha.php on line 32.
 1 APPPATH\Controllers\RegistController.php(27): App\Libraries\Recaptcha->__construct()
 2 SYSTEMPATH\CodeIgniter.php(913): App\Controllers\RegistController->__construct()
 3 SYSTEMPATH\CodeIgniter.php(493): CodeIgniter\CodeIgniter->createController()
 4 SYSTEMPATH\CodeIgniter.php(361): CodeIgniter\CodeIgniter->handleRequest(null, Object(Config\Cache), false)
 5 FCPATH\index.php(79): CodeIgniter\CodeIgniter->run()
WARNING - 2026-03-06 10:46:49 --> [DEPRECATED] Creation of dynamic property App\Libraries\Recaptcha::$_language is deprecated in APPPATH\Libraries\Recaptcha.php on line 33.
 1 APPPATH\Controllers\RegistController.php(27): App\Libraries\Recaptcha->__construct()
 2 SYSTEMPATH\CodeIgniter.php(913): App\Controllers\RegistController->__construct()
 3 SYSTEMPATH\CodeIgniter.php(493): CodeIgniter\CodeIgniter->createController()
 4 SYSTEMPATH\CodeIgniter.php(361): CodeIgniter\CodeIgniter->handleRequest(null, Object(Config\Cache), false)
 5 FCPATH\index.php(79): CodeIgniter\CodeIgniter->run()
INFO - 2026-03-06 10:46:49 --> Session: Class initialized using 'CodeIgniter\Session\Handlers\FileHandler' driver.
CRITICAL - 2026-03-06 10:46:49 --> ErrorException: Undefined property: stdClass::$jenis
in APPPATH\Views\home_sktt.php on line 97.
 1 APPPATH\Views\home_sktt.php(97): CodeIgniter\Debug\Exceptions->errorHandler(2, 'Undefined property: stdClass::$jenis', 'C:\\wamp64\\www\\regist-sktt\\app\\Views\\home_sktt.php', 97)
 2 SYSTEMPATH\View\View.php(228): include('C:\\wamp64\\www\\regist-sktt\\app\\Views\\home_sktt.php')
 3 SYSTEMPATH\View\View.php(231): CodeIgniter\View\View->CodeIgniter\View\{closure}()
 4 SYSTEMPATH\Common.php(1178): CodeIgniter\View\View->render('home_sktt', [], true)
 5 APPPATH\Controllers\RegistController.php(49): view('home_sktt', [...])
 6 SYSTEMPATH\CodeIgniter.php(941): App\Controllers\RegistController->index()
 7 SYSTEMPATH\CodeIgniter.php(502): CodeIgniter\CodeIgniter->runController(Object(App\Controllers\RegistController))
 8 SYSTEMPATH\CodeIgniter.php(361): CodeIgniter\CodeIgniter->handleRequest(null, Object(Config\Cache), false)
 9 FCPATH\index.php(79): CodeIgniter\CodeIgniter->run()
WARNING - 2026-03-06 10:47:16 --> [DEPRECATED] Creation of dynamic property App\Libraries\Recaptcha::$settings is deprecated in APPPATH\Libraries\Recaptcha.php on line 29.
 1 APPPATH\Controllers\RegistController.php(27): App\Libraries\Recaptcha->__construct()
 2 SYSTEMPATH\CodeIgniter.php(913): App\Controllers\RegistController->__construct()
 3 SYSTEMPATH\CodeIgniter.php(493): CodeIgniter\CodeIgniter->createController()
 4 SYSTEMPATH\CodeIgniter.php(361): CodeIgniter\CodeIgniter->handleRequest(null, Object(Config\Cache), false)
 5 FCPATH\index.php(79): CodeIgniter\CodeIgniter->run()
WARNING - 2026-03-06 10:47:16 --> [DEPRECATED] Creation of dynamic property App\Libraries\Recaptcha::$_siteKey is deprecated in APPPATH\Libraries\Recaptcha.php on line 31.
 1 APPPATH\Controllers\RegistController.php(27): App\Libraries\Recaptcha->__construct()
 2 SYSTEMPATH\CodeIgniter.php(913): App\Controllers\RegistController->__construct()
 3 SYSTEMPATH\CodeIgniter.php(493): CodeIgniter\CodeIgniter->createController()
 4 SYSTEMPATH\CodeIgniter.php(361): CodeIgniter\CodeIgniter->handleRequest(null, Object(Config\Cache), false)
 5 FCPATH\index.php(79): CodeIgniter\CodeIgniter->run()
WARNING - 2026-03-06 10:47:16 --> [DEPRECATED] Creation of dynamic property App\Libraries\Recaptcha::$_secretKey is deprecated in APPPATH\Libraries\Recaptcha.php on line 32.
 1 APPPATH\Controllers\RegistController.php(27): App\Libraries\Recaptcha->__construct()
 2 SYSTEMPATH\CodeIgniter.php(913): App\Controllers\RegistController->__construct()
 3 SYSTEMPATH\CodeIgniter.php(493): CodeIgniter\CodeIgniter->createController()
 4 SYSTEMPATH\CodeIgniter.php(361): CodeIgniter\CodeIgniter->handleRequest(null, Object(Config\Cache), false)
 5 FCPATH\index.php(79): CodeIgniter\CodeIgniter->run()
WARNING - 2026-03-06 10:47:16 --> [DEPRECATED] Creation of dynamic property App\Libraries\Recaptcha::$_language is deprecated in APPPATH\Libraries\Recaptcha.php on line 33.
 1 APPPATH\Controllers\RegistController.php(27): App\Libraries\Recaptcha->__construct()
 2 SYSTEMPATH\CodeIgniter.php(913): App\Controllers\RegistController->__construct()
 3 SYSTEMPATH\CodeIgniter.php(493): CodeIgniter\CodeIgniter->createController()
 4 SYSTEMPATH\CodeIgniter.php(361): CodeIgniter\CodeIgniter->handleRequest(null, Object(Config\Cache), false)
 5 FCPATH\index.php(79): CodeIgniter\CodeIgniter->run()
INFO - 2026-03-06 10:47:16 --> Session: Class initialized using 'CodeIgniter\Session\Handlers\FileHandler' driver.
WARNING - 2026-03-06 10:49:24 --> [DEPRECATED] Creation of dynamic property App\Libraries\Recaptcha::$settings is deprecated in APPPATH\Libraries\Recaptcha.php on line 29.
 1 APPPATH\Controllers\RegistController.php(27): App\Libraries\Recaptcha->__construct()
 2 SYSTEMPATH\CodeIgniter.php(913): App\Controllers\RegistController->__construct()
 3 SYSTEMPATH\CodeIgniter.php(493): CodeIgniter\CodeIgniter->createController()
 4 SYSTEMPATH\CodeIgniter.php(361): CodeIgniter\CodeIgniter->handleRequest(null, Object(Config\Cache), false)
 5 FCPATH\index.php(79): CodeIgniter\CodeIgniter->run()
WARNING - 2026-03-06 10:49:24 --> [DEPRECATED] Creation of dynamic property App\Libraries\Recaptcha::$_siteKey is deprecated in APPPATH\Libraries\Recaptcha.php on line 31.
 1 APPPATH\Controllers\RegistController.php(27): App\Libraries\Recaptcha->__construct()
 2 SYSTEMPATH\CodeIgniter.php(913): App\Controllers\RegistController->__construct()
 3 SYSTEMPATH\CodeIgniter.php(493): CodeIgniter\CodeIgniter->createController()
 4 SYSTEMPATH\CodeIgniter.php(361): CodeIgniter\CodeIgniter->handleRequest(null, Object(Config\Cache), false)
 5 FCPATH\index.php(79): CodeIgniter\CodeIgniter->run()
WARNING - 2026-03-06 10:49:24 --> [DEPRECATED] Creation of dynamic property App\Libraries\Recaptcha::$_secretKey is deprecated in APPPATH\Libraries\Recaptcha.php on line 32.
 1 APPPATH\Controllers\RegistController.php(27): App\Libraries\Recaptcha->__construct()
 2 SYSTEMPATH\CodeIgniter.php(913): App\Controllers\RegistController->__construct()
 3 SYSTEMPATH\CodeIgniter.php(493): CodeIgniter\CodeIgniter->createController()
 4 SYSTEMPATH\CodeIgniter.php(361): CodeIgniter\CodeIgniter->handleRequest(null, Object(Config\Cache), false)
 5 FCPATH\index.php(79): CodeIgniter\CodeIgniter->run()
WARNING - 2026-03-06 10:49:24 --> [DEPRECATED] Creation of dynamic property App\Libraries\Recaptcha::$_language is deprecated in APPPATH\Libraries\Recaptcha.php on line 33.
 1 APPPATH\Controllers\RegistController.php(27): App\Libraries\Recaptcha->__construct()
 2 SYSTEMPATH\CodeIgniter.php(913): App\Controllers\RegistController->__construct()
 3 SYSTEMPATH\CodeIgniter.php(493): CodeIgniter\CodeIgniter->createController()
 4 SYSTEMPATH\CodeIgniter.php(361): CodeIgniter\CodeIgniter->handleRequest(null, Object(Config\Cache), false)
 5 FCPATH\index.php(79): CodeIgniter\CodeIgniter->run()
INFO - 2026-03-06 10:49:24 --> Session: Class initialized using 'CodeIgniter\Session\Handlers\FileHandler' driver.
CRITICAL - 2026-03-06 10:54:30 --> ParseError: syntax error, unexpected token "public", expecting end of file
in APPPATH\Controllers\RegistController.php on line 158.
 1 SYSTEMPATH\Autoloader\Autoloader.php(290): CodeIgniter\Autoloader\Autoloader->includeFile('C:\\wamp64\\www\\regist-sktt\\app\\Controllers\\RegistController.php')
 2 SYSTEMPATH\Autoloader\Autoloader.php(266): CodeIgniter\Autoloader\Autoloader->loadInNamespace('App\\Controllers\\RegistController')
 3 [internal function]: CodeIgniter\Autoloader\Autoloader->loadClass('App\\Controllers\\RegistController')
 4 SYSTEMPATH\CodeIgniter.php(899): class_exists('\\App\\Controllers\\RegistController', true)
 5 SYSTEMPATH\CodeIgniter.php(489): CodeIgniter\CodeIgniter->startController()
 6 SYSTEMPATH\CodeIgniter.php(361): CodeIgniter\CodeIgniter->handleRequest(null, Object(Config\Cache), false)
 7 FCPATH\index.php(79): CodeIgniter\CodeIgniter->run()
CRITICAL - 2026-03-06 10:55:32 --> ParseError: syntax error, unexpected token "public", expecting end of file
in APPPATH\Controllers\RegistController.php on line 158.
 1 SYSTEMPATH\Autoloader\Autoloader.php(290): CodeIgniter\Autoloader\Autoloader->includeFile('C:\\wamp64\\www\\regist-sktt\\app\\Controllers\\RegistController.php')
 2 SYSTEMPATH\Autoloader\Autoloader.php(266): CodeIgniter\Autoloader\Autoloader->loadInNamespace('App\\Controllers\\RegistController')
 3 [internal function]: CodeIgniter\Autoloader\Autoloader->loadClass('App\\Controllers\\RegistController')
 4 SYSTEMPATH\CodeIgniter.php(899): class_exists('\\App\\Controllers\\RegistController', true)
 5 SYSTEMPATH\CodeIgniter.php(489): CodeIgniter\CodeIgniter->startController()
 6 SYSTEMPATH\CodeIgniter.php(361): CodeIgniter\CodeIgniter->handleRequest(null, Object(Config\Cache), false)
 7 FCPATH\index.php(79): CodeIgniter\CodeIgniter->run()
INFO - 2026-03-06 11:09:15 --> Session: Class initialized using 'CodeIgniter\Session\Handlers\FileHandler' driver.
CRITICAL - 2026-03-06 11:09:15 --> ErrorException: Trying to access array offset on value of type null
in APPPATH\Views\home_sktt.php on line 155.
 1 APPPATH\Views\home_sktt.php(155): CodeIgniter\Debug\Exceptions->errorHandler(2, 'Trying to access array offset on value of type null', 'C:\\wamp64\\www\\regist-sktt\\app\\Views\\home_sktt.php', 155)
 2 SYSTEMPATH\View\View.php(228): include('C:\\wamp64\\www\\regist-sktt\\app\\Views\\home_sktt.php')
 3 SYSTEMPATH\View\View.php(231): CodeIgniter\View\View->CodeIgniter\View\{closure}()
 4 SYSTEMPATH\Common.php(1178): CodeIgniter\View\View->render('home_sktt', [], true)
 5 APPPATH\Controllers\RegistController.php(74): view('home_sktt', [...])
 6 SYSTEMPATH\CodeIgniter.php(941): App\Controllers\RegistController->index()
 7 SYSTEMPATH\CodeIgniter.php(502): CodeIgniter\CodeIgniter->runController(Object(App\Controllers\RegistController))
 8 SYSTEMPATH\CodeIgniter.php(361): CodeIgniter\CodeIgniter->handleRequest(null, Object(Config\Cache), false)
 9 FCPATH\index.php(79): CodeIgniter\CodeIgniter->run()
CRITICAL - 2026-03-06 11:11:16 --> Error: Call to undefined function App\Controllers\create_captcha()
in APPPATH\Controllers\RegistController.php on line 48.
 1 APPPATH\Controllers\RegistController.php(65): App\Controllers\RegistController->generateCaptcha()
 2 SYSTEMPATH\CodeIgniter.php(941): App\Controllers\RegistController->index()
 3 SYSTEMPATH\CodeIgniter.php(502): CodeIgniter\CodeIgniter->runController(Object(App\Controllers\RegistController))
 4 SYSTEMPATH\CodeIgniter.php(361): CodeIgniter\CodeIgniter->handleRequest(null, Object(Config\Cache), false)
 5 FCPATH\index.php(79): CodeIgniter\CodeIgniter->run()
CRITICAL - 2026-03-06 11:12:21 --> ErrorException: imagettftext(): Invalid font filename
in APPPATH\Controllers\RegistController.php on line 42.
 1 [internal function]: CodeIgniter\Debug\Exceptions->errorHandler(2, 'imagettftext(): Invalid font filename', 'C:\\wamp64\\www\\regist-sktt\\app\\Controllers\\RegistController.php', 42)
 2 APPPATH\Controllers\RegistController.php(42): imagettftext(Object(GdImage), 20, 0, 15, 35, 0, 'C:\\wamp64\\www\\regist-sktt\\system\\Fonts/texB.ttf', 'gi1g')
 3 APPPATH\Controllers\RegistController.php(68): App\Controllers\RegistController->generateCaptcha()
 4 SYSTEMPATH\CodeIgniter.php(941): App\Controllers\RegistController->index()
 5 SYSTEMPATH\CodeIgniter.php(502): CodeIgniter\CodeIgniter->runController(Object(App\Controllers\RegistController))
 6 SYSTEMPATH\CodeIgniter.php(361): CodeIgniter\CodeIgniter->handleRequest(null, Object(Config\Cache), false)
 7 FCPATH\index.php(79): CodeIgniter\CodeIgniter->run()
INFO - 2026-03-06 11:13:09 --> Session: Class initialized using 'CodeIgniter\Session\Handlers\FileHandler' driver.
CRITICAL - 2026-03-06 11:13:09 --> ErrorException: Undefined variable $recaptchaScript
in APPPATH\Views\home_sktt.php on line 201.
 1 APPPATH\Views\home_sktt.php(201): CodeIgniter\Debug\Exceptions->errorHandler(2, 'Undefined variable $recaptchaScript', 'C:\\wamp64\\www\\regist-sktt\\app\\Views\\home_sktt.php', 201)
 2 SYSTEMPATH\View\View.php(228): include('C:\\wamp64\\www\\regist-sktt\\app\\Views\\home_sktt.php')
 3 SYSTEMPATH\View\View.php(231): CodeIgniter\View\View->CodeIgniter\View\{closure}()
 4 SYSTEMPATH\Common.php(1178): CodeIgniter\View\View->render('home_sktt', [], true)
 5 APPPATH\Controllers\RegistController.php(87): view('home_sktt', [...])
 6 SYSTEMPATH\CodeIgniter.php(941): App\Controllers\RegistController->index()
 7 SYSTEMPATH\CodeIgniter.php(502): CodeIgniter\CodeIgniter->runController(Object(App\Controllers\RegistController))
 8 SYSTEMPATH\CodeIgniter.php(361): CodeIgniter\CodeIgniter->handleRequest(null, Object(Config\Cache), false)
 9 FCPATH\index.php(79): CodeIgniter\CodeIgniter->run()
INFO - 2026-03-06 11:13:29 --> Session: Class initialized using 'CodeIgniter\Session\Handlers\FileHandler' driver.
INFO - 2026-03-06 11:24:40 --> Session: Class initialized using 'CodeIgniter\Session\Handlers\FileHandler' driver.
INFO - 2026-03-06 11:28:45 --> Session: Class initialized using 'CodeIgniter\Session\Handlers\FileHandler' driver.
INFO - 2026-03-06 11:31:03 --> Session: Class initialized using 'CodeIgniter\Session\Handlers\FileHandler' driver.
INFO - 2026-03-06 11:32:19 --> Session: Class initialized using 'CodeIgniter\Session\Handlers\FileHandler' driver.
INFO - 2026-03-06 11:32:19 --> Session: Class initialized using 'CodeIgniter\Session\Handlers\FileHandler' driver.
INFO - 2026-03-06 11:32:53 --> Session: Class initialized using 'CodeIgniter\Session\Handlers\FileHandler' driver.
ERROR - 2026-03-06 11:32:53 --> mysqli_sql_exception: Unknown column 'id' in 'field list' in C:\wamp64\www\regist-sktt\system\Database\MySQLi\Connection.php:306
Stack trace:
#0 C:\wamp64\www\regist-sktt\system\Database\MySQLi\Connection.php(306): mysqli->query('SELECT `id`, `r...', 0)
#1 C:\wamp64\www\regist-sktt\system\Database\BaseConnection.php(693): CodeIgniter\Database\MySQLi\Connection->execute('SELECT `id`, `r...')
#2 C:\wamp64\www\regist-sktt\system\Database\BaseConnection.php(607): CodeIgniter\Database\BaseConnection->simpleQuery('SELECT `id`, `r...')
#3 C:\wamp64\www\regist-sktt\system\Database\BaseBuilder.php(1616): CodeIgniter\Database\BaseConnection->query('SELECT `id`, `r...', Array, false)
#4 C:\wamp64\www\regist-sktt\app\Models\Peserta.php(49): CodeIgniter\Database\BaseBuilder->get()
#5 C:\wamp64\www\regist-sktt\app\Controllers\RegistController.php(141): App\Models\Peserta->getDatabyNIK('243023301100000...')
#6 C:\wamp64\www\regist-sktt\system\CodeIgniter.php(941): App\Controllers\RegistController->printCard()
#7 C:\wamp64\www\regist-sktt\system\CodeIgniter.php(502): CodeIgniter\CodeIgniter->runController(Object(App\Controllers\RegistController))
#8 C:\wamp64\www\regist-sktt\system\CodeIgniter.php(361): CodeIgniter\CodeIgniter->handleRequest(NULL, Object(Config\Cache), false)
#9 C:\wamp64\www\regist-sktt\public\index.php(79): CodeIgniter\CodeIgniter->run()
#10 {main}
CRITICAL - 2026-03-06 11:32:53 --> CodeIgniter\Database\Exceptions\DatabaseException: Unknown column 'id' in 'field list'
in SYSTEMPATH\Database\BaseConnection.php on line 647.
 1 SYSTEMPATH\Database\BaseBuilder.php(1616): CodeIgniter\Database\BaseConnection->query('SELECT `id`, `registcode`, `jenis`, `nama`, `nik`, `tempat_lahir`, `tgl_lahir`, `ayah`, `ibu`, `waparent`, `sekolah`, `wasekolah`, `emailsekolah`, `foto`, `tgl_daftar`
FROM `peserta`
WHERE `peserta`.`nik` = :peserta.nik:
AND `notif_tolak` IS NULL', [...], false)
 2 APPPATH\Models\Peserta.php(49): CodeIgniter\Database\BaseBuilder->get()
 3 APPPATH\Controllers\RegistController.php(141): App\Models\Peserta->getDatabyNIK('24302330110000003')
 4 SYSTEMPATH\CodeIgniter.php(941): App\Controllers\RegistController->printCard()
 5 SYSTEMPATH\CodeIgniter.php(502): CodeIgniter\CodeIgniter->runController(Object(App\Controllers\RegistController))
 6 SYSTEMPATH\CodeIgniter.php(361): CodeIgniter\CodeIgniter->handleRequest(null, Object(Config\Cache), false)
 7 FCPATH\index.php(79): CodeIgniter\CodeIgniter->run()
CRITICAL - 2026-03-06 11:32:53 --> [Caused by] CodeIgniter\Database\Exceptions\DatabaseException: Unknown column 'id' in 'field list'
in SYSTEMPATH\Database\MySQLi\Connection.php on line 311.
 1 SYSTEMPATH\Database\BaseConnection.php(693): CodeIgniter\Database\MySQLi\Connection->execute('SELECT `id`, `registcode`, `jenis`, `nama`, `nik`, `tempat_lahir`, `tgl_lahir`, `ayah`, `ibu`, `waparent`, `sekolah`, `wasekolah`, `emailsekolah`, `foto`, `tgl_daftar`
FROM `peserta`
WHERE `peserta`.`nik` = \'24302330110000003\'
AND `notif_tolak` IS NULL')
 2 SYSTEMPATH\Database\BaseConnection.php(607): CodeIgniter\Database\BaseConnection->simpleQuery('SELECT `id`, `registcode`, `jenis`, `nama`, `nik`, `tempat_lahir`, `tgl_lahir`, `ayah`, `ibu`, `waparent`, `sekolah`, `wasekolah`, `emailsekolah`, `foto`, `tgl_daftar`
FROM `peserta`
WHERE `peserta`.`nik` = \'24302330110000003\'
AND `notif_tolak` IS NULL')
 3 SYSTEMPATH\Database\BaseBuilder.php(1616): CodeIgniter\Database\BaseConnection->query('SELECT `id`, `registcode`, `jenis`, `nama`, `nik`, `tempat_lahir`, `tgl_lahir`, `ayah`, `ibu`, `waparent`, `sekolah`, `wasekolah`, `emailsekolah`, `foto`, `tgl_daftar`
FROM `peserta`
WHERE `peserta`.`nik` = :peserta.nik:
AND `notif_tolak` IS NULL', [...], false)
 4 APPPATH\Models\Peserta.php(49): CodeIgniter\Database\BaseBuilder->get()
 5 APPPATH\Controllers\RegistController.php(141): App\Models\Peserta->getDatabyNIK('24302330110000003')
 6 SYSTEMPATH\CodeIgniter.php(941): App\Controllers\RegistController->printCard()
 7 SYSTEMPATH\CodeIgniter.php(502): CodeIgniter\CodeIgniter->runController(Object(App\Controllers\RegistController))
 8 SYSTEMPATH\CodeIgniter.php(361): CodeIgniter\CodeIgniter->handleRequest(null, Object(Config\Cache), false)
 9 FCPATH\index.php(79): CodeIgniter\CodeIgniter->run()
CRITICAL - 2026-03-06 11:32:53 --> [Caused by] mysqli_sql_exception: Unknown column 'id' in 'field list'
in SYSTEMPATH\Database\MySQLi\Connection.php on line 306.
 1 SYSTEMPATH\Database\MySQLi\Connection.php(306): mysqli->query('SELECT `id`, `registcode`, `jenis`, `nama`, `nik`, `tempat_lahir`, `tgl_lahir`, `ayah`, `ibu`, `waparent`, `sekolah`, `wasekolah`, `emailsekolah`, `foto`, `tgl_daftar`
FROM `peserta`
WHERE `peserta`.`nik` = \'24302330110000003\'
AND `notif_tolak` IS NULL', 0)
 2 SYSTEMPATH\Database\BaseConnection.php(693): CodeIgniter\Database\MySQLi\Connection->execute('SELECT `id`, `registcode`, `jenis`, `nama`, `nik`, `tempat_lahir`, `tgl_lahir`, `ayah`, `ibu`, `waparent`, `sekolah`, `wasekolah`, `emailsekolah`, `foto`, `tgl_daftar`
FROM `peserta`
WHERE `peserta`.`nik` = \'24302330110000003\'
AND `notif_tolak` IS NULL')
 3 SYSTEMPATH\Database\BaseConnection.php(607): CodeIgniter\Database\BaseConnection->simpleQuery('SELECT `id`, `registcode`, `jenis`, `nama`, `nik`, `tempat_lahir`, `tgl_lahir`, `ayah`, `ibu`, `waparent`, `sekolah`, `wasekolah`, `emailsekolah`, `foto`, `tgl_daftar`
FROM `peserta`
WHERE `peserta`.`nik` = \'24302330110000003\'
AND `notif_tolak` IS NULL')
 4 SYSTEMPATH\Database\BaseBuilder.php(1616): CodeIgniter\Database\BaseConnection->query('SELECT `id`, `registcode`, `jenis`, `nama`, `nik`, `tempat_lahir`, `tgl_lahir`, `ayah`, `ibu`, `waparent`, `sekolah`, `wasekolah`, `emailsekolah`, `foto`, `tgl_daftar`
FROM `peserta`
WHERE `peserta`.`nik` = :peserta.nik:
AND `notif_tolak` IS NULL', [...], false)
 5 APPPATH\Models\Peserta.php(49): CodeIgniter\Database\BaseBuilder->get()
 6 APPPATH\Controllers\RegistController.php(141): App\Models\Peserta->getDatabyNIK('24302330110000003')
 7 SYSTEMPATH\CodeIgniter.php(941): App\Controllers\RegistController->printCard()
 8 SYSTEMPATH\CodeIgniter.php(502): CodeIgniter\CodeIgniter->runController(Object(App\Controllers\RegistController))
 9 SYSTEMPATH\CodeIgniter.php(361): CodeIgniter\CodeIgniter->handleRequest(null, Object(Config\Cache), false)
10 FCPATH\index.php(79): CodeIgniter\CodeIgniter->run()
INFO - 2026-03-06 12:58:47 --> Session: Class initialized using 'CodeIgniter\Session\Handlers\FileHandler' driver.
CRITICAL - 2026-03-06 12:58:47 --> BadMethodCallException: Call to undefined method App\Models\Peserta::getDatabyNIK
in SYSTEMPATH\Model.php on line 874.
 1 APPPATH\Controllers\RegistController.php(141): CodeIgniter\Model->__call('getDatabyNIK', [...])
 2 SYSTEMPATH\CodeIgniter.php(941): App\Controllers\RegistController->printCard()
 3 SYSTEMPATH\CodeIgniter.php(502): CodeIgniter\CodeIgniter->runController(Object(App\Controllers\RegistController))
 4 SYSTEMPATH\CodeIgniter.php(361): CodeIgniter\CodeIgniter->handleRequest(null, Object(Config\Cache), false)
 5 FCPATH\index.php(79): CodeIgniter\CodeIgniter->run()
INFO - 2026-03-06 12:59:04 --> Session: Class initialized using 'CodeIgniter\Session\Handlers\FileHandler' driver.
ERROR - 2026-03-06 12:59:04 --> mysqli_sql_exception: Unknown column 'tilok_bkn' in 'field list' in C:\wamp64\www\regist-sktt\system\Database\MySQLi\Connection.php:306
Stack trace:
#0 C:\wamp64\www\regist-sktt\system\Database\MySQLi\Connection.php(306): mysqli->query('SELECT `regcode...', 0)
#1 C:\wamp64\www\regist-sktt\system\Database\BaseConnection.php(693): CodeIgniter\Database\MySQLi\Connection->execute('SELECT `regcode...')
#2 C:\wamp64\www\regist-sktt\system\Database\BaseConnection.php(607): CodeIgniter\Database\BaseConnection->simpleQuery('SELECT `regcode...')
#3 C:\wamp64\www\regist-sktt\system\Database\BaseBuilder.php(1616): CodeIgniter\Database\BaseConnection->query('SELECT `regcode...', Array, false)
#4 C:\wamp64\www\regist-sktt\app\Models\Peserta.php(28): CodeIgniter\Database\BaseBuilder->get()
#5 C:\wamp64\www\regist-sktt\app\Controllers\RegistController.php(141): App\Models\Peserta->getDataPeserta('243023301100000...')
#6 C:\wamp64\www\regist-sktt\system\CodeIgniter.php(941): App\Controllers\RegistController->printCard()
#7 C:\wamp64\www\regist-sktt\system\CodeIgniter.php(502): CodeIgniter\CodeIgniter->runController(Object(App\Controllers\RegistController))
#8 C:\wamp64\www\regist-sktt\system\CodeIgniter.php(361): CodeIgniter\CodeIgniter->handleRequest(NULL, Object(Config\Cache), false)
#9 C:\wamp64\www\regist-sktt\public\index.php(79): CodeIgniter\CodeIgniter->run()
#10 {main}
CRITICAL - 2026-03-06 12:59:04 --> CodeIgniter\Database\Exceptions\DatabaseException: Unknown column 'tilok_bkn' in 'field list'
in SYSTEMPATH\Database\BaseConnection.php on line 647.
 1 SYSTEMPATH\Database\BaseBuilder.php(1616): CodeIgniter\Database\BaseConnection->query('SELECT `regcode`, `nama`, `jabatan`, `formasi`, `tgl_lahir`, `pendidikan`, `ket`, `tilok_cat`, `tilok_bkn`
FROM `peserta`
WHERE `peserta`.`no_peserta` = :peserta.no_peserta:
AND `notif_tolak` IS NULL', [...], false)
 2 APPPATH\Models\Peserta.php(28): CodeIgniter\Database\BaseBuilder->get()
 3 APPPATH\Controllers\RegistController.php(141): App\Models\Peserta->getDataPeserta('24302330110000003')
 4 SYSTEMPATH\CodeIgniter.php(941): App\Controllers\RegistController->printCard()
 5 SYSTEMPATH\CodeIgniter.php(502): CodeIgniter\CodeIgniter->runController(Object(App\Controllers\RegistController))
 6 SYSTEMPATH\CodeIgniter.php(361): CodeIgniter\CodeIgniter->handleRequest(null, Object(Config\Cache), false)
 7 FCPATH\index.php(79): CodeIgniter\CodeIgniter->run()
CRITICAL - 2026-03-06 12:59:04 --> [Caused by] CodeIgniter\Database\Exceptions\DatabaseException: Unknown column 'tilok_bkn' in 'field list'
in SYSTEMPATH\Database\MySQLi\Connection.php on line 311.
 1 SYSTEMPATH\Database\BaseConnection.php(693): CodeIgniter\Database\MySQLi\Connection->execute('SELECT `regcode`, `nama`, `jabatan`, `formasi`, `tgl_lahir`, `pendidikan`, `ket`, `tilok_cat`, `tilok_bkn`
FROM `peserta`
WHERE `peserta`.`no_peserta` = \'24302330110000003\'
AND `notif_tolak` IS NULL')
 2 SYSTEMPATH\Database\BaseConnection.php(607): CodeIgniter\Database\BaseConnection->simpleQuery('SELECT `regcode`, `nama`, `jabatan`, `formasi`, `tgl_lahir`, `pendidikan`, `ket`, `tilok_cat`, `tilok_bkn`
FROM `peserta`
WHERE `peserta`.`no_peserta` = \'24302330110000003\'
AND `notif_tolak` IS NULL')
 3 SYSTEMPATH\Database\BaseBuilder.php(1616): CodeIgniter\Database\BaseConnection->query('SELECT `regcode`, `nama`, `jabatan`, `formasi`, `tgl_lahir`, `pendidikan`, `ket`, `tilok_cat`, `tilok_bkn`
FROM `peserta`
WHERE `peserta`.`no_peserta` = :peserta.no_peserta:
AND `notif_tolak` IS NULL', [...], false)
 4 APPPATH\Models\Peserta.php(28): CodeIgniter\Database\BaseBuilder->get()
 5 APPPATH\Controllers\RegistController.php(141): App\Models\Peserta->getDataPeserta('24302330110000003')
 6 SYSTEMPATH\CodeIgniter.php(941): App\Controllers\RegistController->printCard()
 7 SYSTEMPATH\CodeIgniter.php(502): CodeIgniter\CodeIgniter->runController(Object(App\Controllers\RegistController))
 8 SYSTEMPATH\CodeIgniter.php(361): CodeIgniter\CodeIgniter->handleRequest(null, Object(Config\Cache), false)
 9 FCPATH\index.php(79): CodeIgniter\CodeIgniter->run()
CRITICAL - 2026-03-06 12:59:04 --> [Caused by] mysqli_sql_exception: Unknown column 'tilok_bkn' in 'field list'
in SYSTEMPATH\Database\MySQLi\Connection.php on line 306.
 1 SYSTEMPATH\Database\MySQLi\Connection.php(306): mysqli->query('SELECT `regcode`, `nama`, `jabatan`, `formasi`, `tgl_lahir`, `pendidikan`, `ket`, `tilok_cat`, `tilok_bkn`
FROM `peserta`
WHERE `peserta`.`no_peserta` = \'24302330110000003\'
AND `notif_tolak` IS NULL', 0)
 2 SYSTEMPATH\Database\BaseConnection.php(693): CodeIgniter\Database\MySQLi\Connection->execute('SELECT `regcode`, `nama`, `jabatan`, `formasi`, `tgl_lahir`, `pendidikan`, `ket`, `tilok_cat`, `tilok_bkn`
FROM `peserta`
WHERE `peserta`.`no_peserta` = \'24302330110000003\'
AND `notif_tolak` IS NULL')
 3 SYSTEMPATH\Database\BaseConnection.php(607): CodeIgniter\Database\BaseConnection->simpleQuery('SELECT `regcode`, `nama`, `jabatan`, `formasi`, `tgl_lahir`, `pendidikan`, `ket`, `tilok_cat`, `tilok_bkn`
FROM `peserta`
WHERE `peserta`.`no_peserta` = \'24302330110000003\'
AND `notif_tolak` IS NULL')
 4 SYSTEMPATH\Database\BaseBuilder.php(1616): CodeIgniter\Database\BaseConnection->query('SELECT `regcode`, `nama`, `jabatan`, `formasi`, `tgl_lahir`, `pendidikan`, `ket`, `tilok_cat`, `tilok_bkn`
FROM `peserta`
WHERE `peserta`.`no_peserta` = :peserta.no_peserta:
AND `notif_tolak` IS NULL', [...], false)
 5 APPPATH\Models\Peserta.php(28): CodeIgniter\Database\BaseBuilder->get()
 6 APPPATH\Controllers\RegistController.php(141): App\Models\Peserta->getDataPeserta('24302330110000003')
 7 SYSTEMPATH\CodeIgniter.php(941): App\Controllers\RegistController->printCard()
 8 SYSTEMPATH\CodeIgniter.php(502): CodeIgniter\CodeIgniter->runController(Object(App\Controllers\RegistController))
 9 SYSTEMPATH\CodeIgniter.php(361): CodeIgniter\CodeIgniter->handleRequest(null, Object(Config\Cache), false)
10 FCPATH\index.php(79): CodeIgniter\CodeIgniter->run()
INFO - 2026-03-06 12:59:33 --> Session: Class initialized using 'CodeIgniter\Session\Handlers\FileHandler' driver.
ERROR - 2026-03-06 12:59:33 --> mysqli_sql_exception: Unknown column 'notif_tolak' in 'where clause' in C:\wamp64\www\regist-sktt\system\Database\MySQLi\Connection.php:306
Stack trace:
#0 C:\wamp64\www\regist-sktt\system\Database\MySQLi\Connection.php(306): mysqli->query('SELECT `regcode...', 0)
#1 C:\wamp64\www\regist-sktt\system\Database\BaseConnection.php(693): CodeIgniter\Database\MySQLi\Connection->execute('SELECT `regcode...')
#2 C:\wamp64\www\regist-sktt\system\Database\BaseConnection.php(607): CodeIgniter\Database\BaseConnection->simpleQuery('SELECT `regcode...')
#3 C:\wamp64\www\regist-sktt\system\Database\BaseBuilder.php(1616): CodeIgniter\Database\BaseConnection->query('SELECT `regcode...', Array, false)
#4 C:\wamp64\www\regist-sktt\app\Models\Peserta.php(28): CodeIgniter\Database\BaseBuilder->get()
#5 C:\wamp64\www\regist-sktt\app\Controllers\RegistController.php(141): App\Models\Peserta->getDataPeserta('243023301100000...')
#6 C:\wamp64\www\regist-sktt\system\CodeIgniter.php(941): App\Controllers\RegistController->printCard()
#7 C:\wamp64\www\regist-sktt\system\CodeIgniter.php(502): CodeIgniter\CodeIgniter->runController(Object(App\Controllers\RegistController))
#8 C:\wamp64\www\regist-sktt\system\CodeIgniter.php(361): CodeIgniter\CodeIgniter->handleRequest(NULL, Object(Config\Cache), false)
#9 C:\wamp64\www\regist-sktt\public\index.php(79): CodeIgniter\CodeIgniter->run()
#10 {main}
CRITICAL - 2026-03-06 12:59:33 --> CodeIgniter\Database\Exceptions\DatabaseException: Unknown column 'notif_tolak' in 'where clause'
in SYSTEMPATH\Database\BaseConnection.php on line 647.
 1 SYSTEMPATH\Database\BaseBuilder.php(1616): CodeIgniter\Database\BaseConnection->query('SELECT `regcode`, `nama`, `jabatan`, `formasi`, `tgl_lahir`, `pendidikan`, `ket`, `tilok_cat`, `tilok_sktt`
FROM `peserta`
WHERE `peserta`.`no_peserta` = :peserta.no_peserta:
AND `notif_tolak` IS NULL', [...], false)
 2 APPPATH\Models\Peserta.php(28): CodeIgniter\Database\BaseBuilder->get()
 3 APPPATH\Controllers\RegistController.php(141): App\Models\Peserta->getDataPeserta('24302330110000003')
 4 SYSTEMPATH\CodeIgniter.php(941): App\Controllers\RegistController->printCard()
 5 SYSTEMPATH\CodeIgniter.php(502): CodeIgniter\CodeIgniter->runController(Object(App\Controllers\RegistController))
 6 SYSTEMPATH\CodeIgniter.php(361): CodeIgniter\CodeIgniter->handleRequest(null, Object(Config\Cache), false)
 7 FCPATH\index.php(79): CodeIgniter\CodeIgniter->run()
CRITICAL - 2026-03-06 12:59:33 --> [Caused by] CodeIgniter\Database\Exceptions\DatabaseException: Unknown column 'notif_tolak' in 'where clause'
in SYSTEMPATH\Database\MySQLi\Connection.php on line 311.
 1 SYSTEMPATH\Database\BaseConnection.php(693): CodeIgniter\Database\MySQLi\Connection->execute('SELECT `regcode`, `nama`, `jabatan`, `formasi`, `tgl_lahir`, `pendidikan`, `ket`, `tilok_cat`, `tilok_sktt`
FROM `peserta`
WHERE `peserta`.`no_peserta` = \'24302330110000003\'
AND `notif_tolak` IS NULL')
 2 SYSTEMPATH\Database\BaseConnection.php(607): CodeIgniter\Database\BaseConnection->simpleQuery('SELECT `regcode`, `nama`, `jabatan`, `formasi`, `tgl_lahir`, `pendidikan`, `ket`, `tilok_cat`, `tilok_sktt`
FROM `peserta`
WHERE `peserta`.`no_peserta` = \'24302330110000003\'
AND `notif_tolak` IS NULL')
 3 SYSTEMPATH\Database\BaseBuilder.php(1616): CodeIgniter\Database\BaseConnection->query('SELECT `regcode`, `nama`, `jabatan`, `formasi`, `tgl_lahir`, `pendidikan`, `ket`, `tilok_cat`, `tilok_sktt`
FROM `peserta`
WHERE `peserta`.`no_peserta` = :peserta.no_peserta:
AND `notif_tolak` IS NULL', [...], false)
 4 APPPATH\Models\Peserta.php(28): CodeIgniter\Database\BaseBuilder->get()
 5 APPPATH\Controllers\RegistController.php(141): App\Models\Peserta->getDataPeserta('24302330110000003')
 6 SYSTEMPATH\CodeIgniter.php(941): App\Controllers\RegistController->printCard()
 7 SYSTEMPATH\CodeIgniter.php(502): CodeIgniter\CodeIgniter->runController(Object(App\Controllers\RegistController))
 8 SYSTEMPATH\CodeIgniter.php(361): CodeIgniter\CodeIgniter->handleRequest(null, Object(Config\Cache), false)
 9 FCPATH\index.php(79): CodeIgniter\CodeIgniter->run()
CRITICAL - 2026-03-06 12:59:33 --> [Caused by] mysqli_sql_exception: Unknown column 'notif_tolak' in 'where clause'
in SYSTEMPATH\Database\MySQLi\Connection.php on line 306.
 1 SYSTEMPATH\Database\MySQLi\Connection.php(306): mysqli->query('SELECT `regcode`, `nama`, `jabatan`, `formasi`, `tgl_lahir`, `pendidikan`, `ket`, `tilok_cat`, `tilok_sktt`
FROM `peserta`
WHERE `peserta`.`no_peserta` = \'24302330110000003\'
AND `notif_tolak` IS NULL', 0)
 2 SYSTEMPATH\Database\BaseConnection.php(693): CodeIgniter\Database\MySQLi\Connection->execute('SELECT `regcode`, `nama`, `jabatan`, `formasi`, `tgl_lahir`, `pendidikan`, `ket`, `tilok_cat`, `tilok_sktt`
FROM `peserta`
WHERE `peserta`.`no_peserta` = \'24302330110000003\'
AND `notif_tolak` IS NULL')
 3 SYSTEMPATH\Database\BaseConnection.php(607): CodeIgniter\Database\BaseConnection->simpleQuery('SELECT `regcode`, `nama`, `jabatan`, `formasi`, `tgl_lahir`, `pendidikan`, `ket`, `tilok_cat`, `tilok_sktt`
FROM `peserta`
WHERE `peserta`.`no_peserta` = \'24302330110000003\'
AND `notif_tolak` IS NULL')
 4 SYSTEMPATH\Database\BaseBuilder.php(1616): CodeIgniter\Database\BaseConnection->query('SELECT `regcode`, `nama`, `jabatan`, `formasi`, `tgl_lahir`, `pendidikan`, `ket`, `tilok_cat`, `tilok_sktt`
FROM `peserta`
WHERE `peserta`.`no_peserta` = :peserta.no_peserta:
AND `notif_tolak` IS NULL', [...], false)
 5 APPPATH\Models\Peserta.php(28): CodeIgniter\Database\BaseBuilder->get()
 6 APPPATH\Controllers\RegistController.php(141): App\Models\Peserta->getDataPeserta('24302330110000003')
 7 SYSTEMPATH\CodeIgniter.php(941): App\Controllers\RegistController->printCard()
 8 SYSTEMPATH\CodeIgniter.php(502): CodeIgniter\CodeIgniter->runController(Object(App\Controllers\RegistController))
 9 SYSTEMPATH\CodeIgniter.php(361): CodeIgniter\CodeIgniter->handleRequest(null, Object(Config\Cache), false)
10 FCPATH\index.php(79): CodeIgniter\CodeIgniter->run()
INFO - 2026-03-06 12:59:47 --> Session: Class initialized using 'CodeIgniter\Session\Handlers\FileHandler' driver.
CRITICAL - 2026-03-06 12:59:47 --> Error: Class "FPDF" not found
in APPPATH\Controllers\RegistController.php on line 151.
 1 SYSTEMPATH\CodeIgniter.php(941): App\Controllers\RegistController->printCard()
 2 SYSTEMPATH\CodeIgniter.php(502): CodeIgniter\CodeIgniter->runController(Object(App\Controllers\RegistController))
 3 SYSTEMPATH\CodeIgniter.php(361): CodeIgniter\CodeIgniter->handleRequest(null, Object(Config\Cache), false)
 4 FCPATH\index.php(79): CodeIgniter\CodeIgniter->run()
INFO - 2026-03-06 13:01:20 --> Session: Class initialized using 'CodeIgniter\Session\Handlers\FileHandler' driver.
CRITICAL - 2026-03-06 13:01:20 --> Exception: FPDF error: Unknown page size: a6
in VENDORPATH\setasign\fpdf\fpdf.php on line 267.
 1 VENDORPATH\setasign\fpdf\fpdf.php(1068): FPDF->Error('Unknown page size: a6')
 2 VENDORPATH\setasign\fpdf\fpdf.php(125): FPDF->_getpagesize('a6')
 3 APPPATH\Controllers\RegistController.php(151): FPDF->__construct('P', 'mm', 'A6')
 4 SYSTEMPATH\CodeIgniter.php(941): App\Controllers\RegistController->printCard()
 5 SYSTEMPATH\CodeIgniter.php(502): CodeIgniter\CodeIgniter->runController(Object(App\Controllers\RegistController))
 6 SYSTEMPATH\CodeIgniter.php(361): CodeIgniter\CodeIgniter->handleRequest(null, Object(Config\Cache), false)
 7 FCPATH\index.php(79): CodeIgniter\CodeIgniter->run()
INFO - 2026-03-06 13:01:53 --> Session: Class initialized using 'CodeIgniter\Session\Handlers\FileHandler' driver.
CRITICAL - 2026-03-06 13:01:53 --> ErrorException: Undefined property: stdClass::$jenis
in APPPATH\Controllers\RegistController.php on line 158.
 1 APPPATH\Controllers\RegistController.php(158): CodeIgniter\Debug\Exceptions->errorHandler(2, 'Undefined property: stdClass::$jenis', 'C:\\wamp64\\www\\regist-sktt\\app\\Controllers\\RegistController.php', 158)
 2 SYSTEMPATH\CodeIgniter.php(941): App\Controllers\RegistController->printCard()
 3 SYSTEMPATH\CodeIgniter.php(502): CodeIgniter\CodeIgniter->runController(Object(App\Controllers\RegistController))
 4 SYSTEMPATH\CodeIgniter.php(361): CodeIgniter\CodeIgniter->handleRequest(null, Object(Config\Cache), false)
 5 FCPATH\index.php(79): CodeIgniter\CodeIgniter->run()
INFO - 2026-03-06 13:02:17 --> Session: Class initialized using 'CodeIgniter\Session\Handlers\FileHandler' driver.
CRITICAL - 2026-03-06 13:02:17 --> ErrorException: Undefined property: stdClass::$no_peserta
in APPPATH\Controllers\RegistController.php on line 159.
 1 APPPATH\Controllers\RegistController.php(159): CodeIgniter\Debug\Exceptions->errorHandler(2, 'Undefined property: stdClass::$no_peserta', 'C:\\wamp64\\www\\regist-sktt\\app\\Controllers\\RegistController.php', 159)
 2 SYSTEMPATH\CodeIgniter.php(941): App\Controllers\RegistController->printCard()
 3 SYSTEMPATH\CodeIgniter.php(502): CodeIgniter\CodeIgniter->runController(Object(App\Controllers\RegistController))
 4 SYSTEMPATH\CodeIgniter.php(361): CodeIgniter\CodeIgniter->handleRequest(null, Object(Config\Cache), false)
 5 FCPATH\index.php(79): CodeIgniter\CodeIgniter->run()
INFO - 2026-03-06 13:02:43 --> Session: Class initialized using 'CodeIgniter\Session\Handlers\FileHandler' driver.
INFO - 2026-03-06 13:02:52 --> Session: Class initialized using 'CodeIgniter\Session\Handlers\FileHandler' driver.
INFO - 2026-03-06 13:03:28 --> Session: Class initialized using 'CodeIgniter\Session\Handlers\FileHandler' driver.
INFO - 2026-03-06 13:13:30 --> Session: Class initialized using 'CodeIgniter\Session\Handlers\FileHandler' driver.
INFO - 2026-03-06 13:21:59 --> Session: Class initialized using 'CodeIgniter\Session\Handlers\FileHandler' driver.
INFO - 2026-03-06 13:21:59 --> Session: Class initialized using 'CodeIgniter\Session\Handlers\FileHandler' driver.
INFO - 2026-03-06 13:22:22 --> Session: Class initialized using 'CodeIgniter\Session\Handlers\FileHandler' driver.
CRITICAL - 2026-03-06 13:22:22 --> Exception: FPDF error: Image file has no extension and no type was specified: @ēPNG

   IHDR  "      ▓┐üŚ   PLTE      U┬ė~   tRNS @µžf   	pHYs  ─  ─Ģ+   9IDAT8Źc°╠├|°├Ö? Ź³∙­ß│ü?┐ŹŹü┴ń├ćŽ¾¾| A{ŃŻ¬FUŹ¬UEU |ūKĢnC¦    IEND«B`é
in VENDORPATH\setasign\fpdf\fpdf.php on line 267.
 1 VENDORPATH\setasign\fpdf\fpdf.php(881): FPDF->Error('Image file has no extension and no type was specified: @ēPNG

' . "\0" . '' . "\0" . '' . "\0" . 'IHDR' . "\0" . '' . "\0" . '"' . "\0" . '' . "\0" . '' . "\0" . '' . "\0" . '' . "\0" . '' . "\0" . '▓┐üŚ' . "\0" . '' . "\0" . '' . "\0" . 'PLTE   ' . "\0" . '' . "\0" . '' . "\0" . 'U┬ė~' . "\0" . '' . "\0" . '' . "\0" . 'tRNS' . "\0" . '@µžf' . "\0" . '' . "\0" . '' . "\0" . '	pHYs' . "\0" . '' . "\0" . '─' . "\0" . '' . "\0" . '─Ģ+' . "\0" . '' . "\0" . '' . "\0" . '9IDAT8Źc°╠├|°├Ö? Ź³∙­ß│ü?┐ŹŹü┴ń├ćŽ¾¾|' . "\0" . 'A{ŃŻ¬FUŹ¬UEU' . "\0" . '|ūKĢnC¦' . "\0" . '' . "\0" . '' . "\0" . '' . "\0" . 'IEND«B`é')
 2 APPPATH\Controllers\RegistController.php(183): FPDF->Image('@ēPNG

' . "\0" . '' . "\0" . '' . "\0" . 'IHDR' . "\0" . '' . "\0" . '"' . "\0" . '' . "\0" . '' . "\0" . '' . "\0" . '' . "\0" . '' . "\0" . '▓┐üŚ' . "\0" . '' . "\0" . '' . "\0" . 'PLTE   ' . "\0" . '' . "\0" . '' . "\0" . 'U┬ė~' . "\0" . '' . "\0" . '' . "\0" . 'tRNS' . "\0" . '@µžf' . "\0" . '' . "\0" . '' . "\0" . '	pHYs' . "\0" . '' . "\0" . '─' . "\0" . '' . "\0" . '─Ģ+' . "\0" . '' . "\0" . '' . "\0" . '9IDAT8Źc°╠├|°├Ö? Ź³∙­ß│ü?┐ŹŹü┴ń├ćŽ¾¾|' . "\0" . 'A{ŃŻ¬FUŹ¬UEU' . "\0" . '|ūKĢnC¦' . "\0" . '' . "\0" . '' . "\0" . '' . "\0" . 'IEND«B`é', 10, 272.0000833333333, 0, 15)
 3 SYSTEMPATH\CodeIgniter.php(941): App\Controllers\RegistController->printCard()
 4 SYSTEMPATH\CodeIgniter.php(502): CodeIgniter\CodeIgniter->runController(Object(App\Controllers\RegistController))
 5 SYSTEMPATH\CodeIgniter.php(361): CodeIgniter\CodeIgniter->handleRequest(null, Object(Config\Cache), false)
 6 FCPATH\index.php(79): CodeIgniter\CodeIgniter->run()
INFO - 2026-03-06 13:23:33 --> Session: Class initialized using 'CodeIgniter\Session\Handlers\FileHandler' driver.
CRITICAL - 2026-03-06 13:23:33 --> ValueError: fopen(): Argument #1 ($filename) must not contain any null bytes
in VENDORPATH\setasign\fpdf\fpdf.php on line 1274.
 1 VENDORPATH\setasign\fpdf\fpdf.php(1274): fopen('@ēPNG

' . "\0" . '' . "\0" . '' . "\0" . 'IHDR' . "\0" . '' . "\0" . '"' . "\0" . '' . "\0" . '' . "\0" . '' . "\0" . '' . "\0" . '' . "\0" . '▓┐üŚ' . "\0" . '' . "\0" . '' . "\0" . 'PLTE   ' . "\0" . '' . "\0" . '' . "\0" . 'U┬ė~' . "\0" . '' . "\0" . '' . "\0" . 'tRNS' . "\0" . '@µžf' . "\0" . '' . "\0" . '' . "\0" . '	pHYs' . "\0" . '' . "\0" . '─' . "\0" . '' . "\0" . '─Ģ+' . "\0" . '' . "\0" . '' . "\0" . '9IDAT8Źc°╠├|°├Ö? Ź³∙­ß│ü?┐ŹŹü┴ń├ćŽ¾¾|' . "\0" . 'A{ŃŻ¬FUŹ¬UEU' . "\0" . '|ūKĢnC¦' . "\0" . '' . "\0" . '' . "\0" . '' . "\0" . 'IEND«B`é', 'rb')
 2 VENDORPATH\setasign\fpdf\fpdf.php(890): FPDF->_parsepng('@ēPNG

' . "\0" . '' . "\0" . '' . "\0" . 'IHDR' . "\0" . '' . "\0" . '"' . "\0" . '' . "\0" . '' . "\0" . '' . "\0" . '' . "\0" . '' . "\0" . '▓┐üŚ' . "\0" . '' . "\0" . '' . "\0" . 'PLTE   ' . "\0" . '' . "\0" . '' . "\0" . 'U┬ė~' . "\0" . '' . "\0" . '' . "\0" . 'tRNS' . "\0" . '@µžf' . "\0" . '' . "\0" . '' . "\0" . '	pHYs' . "\0" . '' . "\0" . '─' . "\0" . '' . "\0" . '─Ģ+' . "\0" . '' . "\0" . '' . "\0" . '9IDAT8Źc°╠├|°├Ö? Ź³∙­ß│ü?┐ŹŹü┴ń├ćŽ¾¾|' . "\0" . 'A{ŃŻ¬FUŹ¬UEU' . "\0" . '|ūKĢnC¦' . "\0" . '' . "\0" . '' . "\0" . '' . "\0" . 'IEND«B`é')
 3 APPPATH\Controllers\RegistController.php(184): FPDF->Image('@ēPNG

' . "\0" . '' . "\0" . '' . "\0" . 'IHDR' . "\0" . '' . "\0" . '"' . "\0" . '' . "\0" . '' . "\0" . '' . "\0" . '' . "\0" . '' . "\0" . '▓┐üŚ' . "\0" . '' . "\0" . '' . "\0" . 'PLTE   ' . "\0" . '' . "\0" . '' . "\0" . 'U┬ė~' . "\0" . '' . "\0" . '' . "\0" . 'tRNS' . "\0" . '@µžf' . "\0" . '' . "\0" . '' . "\0" . '	pHYs' . "\0" . '' . "\0" . '─' . "\0" . '' . "\0" . '─Ģ+' . "\0" . '' . "\0" . '' . "\0" . '9IDAT8Źc°╠├|°├Ö? Ź³∙­ß│ü?┐ŹŹü┴ń├ćŽ¾¾|' . "\0" . 'A{ŃŻ¬FUŹ¬UEU' . "\0" . '|ūKĢnC¦' . "\0" . '' . "\0" . '' . "\0" . '' . "\0" . 'IEND«B`é', 10, 272.0000833333333, 0, 15, 'png')
 4 SYSTEMPATH\CodeIgniter.php(941): App\Controllers\RegistController->printCard()
 5 SYSTEMPATH\CodeIgniter.php(502): CodeIgniter\CodeIgniter->runController(Object(App\Controllers\RegistController))
 6 SYSTEMPATH\CodeIgniter.php(361): CodeIgniter\CodeIgniter->handleRequest(null, Object(Config\Cache), false)
 7 FCPATH\index.php(79): CodeIgniter\CodeIgniter->run()
INFO - 2026-03-06 13:24:08 --> Session: Class initialized using 'CodeIgniter\Session\Handlers\FileHandler' driver.
INFO - 2026-03-06 13:31:41 --> Session: Class initialized using 'CodeIgniter\Session\Handlers\FileHandler' driver.
INFO - 2026-03-06 13:51:40 --> Session: Class initialized using 'CodeIgniter\Session\Handlers\FileHandler' driver.
INFO - 2026-03-06 13:53:10 --> Session: Class initialized using 'CodeIgniter\Session\Handlers\FileHandler' driver.
INFO - 2026-03-06 13:53:10 --> Session: Class initialized using 'CodeIgniter\Session\Handlers\FileHandler' driver.
INFO - 2026-03-06 13:53:15 --> Session: Class initialized using 'CodeIgniter\Session\Handlers\FileHandler' driver.
INFO - 2026-03-06 13:53:37 --> Session: Class initialized using 'CodeIgniter\Session\Handlers\FileHandler' driver.
INFO - 2026-03-06 13:53:53 --> Session: Class initialized using 'CodeIgniter\Session\Handlers\FileHandler' driver.
INFO - 2026-03-06 13:54:25 --> Session: Class initialized using 'CodeIgniter\Session\Handlers\FileHandler' driver.
INFO - 2026-03-06 13:54:28 --> Session: Class initialized using 'CodeIgniter\Session\Handlers\FileHandler' driver.
INFO - 2026-03-06 13:54:38 --> Session: Class initialized using 'CodeIgniter\Session\Handlers\FileHandler' driver.
INFO - 2026-03-06 13:54:56 --> Session: Class initialized using 'CodeIgniter\Session\Handlers\FileHandler' driver.
INFO - 2026-03-06 13:55:18 --> Session: Class initialized using 'CodeIgniter\Session\Handlers\FileHandler' driver.
INFO - 2026-03-06 13:55:20 --> Session: Class initialized using 'CodeIgniter\Session\Handlers\FileHandler' driver.
INFO - 2026-03-06 13:57:07 --> Session: Class initialized using 'CodeIgniter\Session\Handlers\FileHandler' driver.
INFO - 2026-03-06 13:57:27 --> Session: Class initialized using 'CodeIgniter\Session\Handlers\FileHandler' driver.
INFO - 2026-03-06 13:57:34 --> Session: Class initialized using 'CodeIgniter\Session\Handlers\FileHandler' driver.
INFO - 2026-03-06 13:57:39 --> Session: Class initialized using 'CodeIgniter\Session\Handlers\FileHandler' driver.
INFO - 2026-03-06 13:57:40 --> Session: Class initialized using 'CodeIgniter\Session\Handlers\FileHandler' driver.
INFO - 2026-03-06 13:57:43 --> Session: Class initialized using 'CodeIgniter\Session\Handlers\FileHandler' driver.
INFO - 2026-03-06 13:58:40 --> Session: Class initialized using 'CodeIgniter\Session\Handlers\FileHandler' driver.
INFO - 2026-03-06 14:01:02 --> Session: Class initialized using 'CodeIgniter\Session\Handlers\FileHandler' driver.
INFO - 2026-03-06 14:05:09 --> Session: Class initialized using 'CodeIgniter\Session\Handlers\FileHandler' driver.
INFO - 2026-03-06 14:07:14 --> Session: Class initialized using 'CodeIgniter\Session\Handlers\FileHandler' driver.
INFO - 2026-03-06 14:28:48 --> Session: Class initialized using 'CodeIgniter\Session\Handlers\FileHandler' driver.
INFO - 2026-03-06 14:36:35 --> Session: Class initialized using 'CodeIgniter\Session\Handlers\FileHandler' driver.
INFO - 2026-03-06 14:42:00 --> Session: Class initialized using 'CodeIgniter\Session\Handlers\FileHandler' driver.
INFO - 2026-03-06 15:17:30 --> Session: Class initialized using 'CodeIgniter\Session\Handlers\FileHandler' driver.
INFO - 2026-03-06 15:17:56 --> Session: Class initialized using 'CodeIgniter\Session\Handlers\FileHandler' driver.
INFO - 2026-03-06 15:17:59 --> Session: Class initialized using 'CodeIgniter\Session\Handlers\FileHandler' driver.
INFO - 2026-03-06 15:18:16 --> Session: Class initialized using 'CodeIgniter\Session\Handlers\FileHandler' driver.
INFO - 2026-03-06 15:18:20 --> Session: Class initialized using 'CodeIgniter\Session\Handlers\FileHandler' driver.
INFO - 2026-03-06 15:18:22 --> Session: Class initialized using 'CodeIgniter\Session\Handlers\FileHandler' driver.
INFO - 2026-03-06 15:18:26 --> Session: Class initialized using 'CodeIgniter\Session\Handlers\FileHandler' driver.
INFO - 2026-03-06 15:18:30 --> Session: Class initialized using 'CodeIgniter\Session\Handlers\FileHandler' driver.
INFO - 2026-03-06 21:43:21 --> Session: Class initialized using 'CodeIgniter\Session\Handlers\FileHandler' driver.
INFO - 2026-03-06 21:43:22 --> Session: Class initialized using 'CodeIgniter\Session\Handlers\FileHandler' driver.
INFO - 2026-03-06 21:43:27 --> Session: Class initialized using 'CodeIgniter\Session\Handlers\FileHandler' driver.
INFO - 2026-03-06 21:43:32 --> Session: Class initialized using 'CodeIgniter\Session\Handlers\FileHandler' driver.
INFO - 2026-03-06 21:43:40 --> Session: Class initialized using 'CodeIgniter\Session\Handlers\FileHandler' driver.
INFO - 2026-03-06 21:43:40 --> Session: Class initialized using 'CodeIgniter\Session\Handlers\FileHandler' driver.
INFO - 2026-03-06 21:43:44 --> Session: Class initialized using 'CodeIgniter\Session\Handlers\FileHandler' driver.
INFO - 2026-03-06 21:43:59 --> Session: Class initialized using 'CodeIgniter\Session\Handlers\FileHandler' driver.
INFO - 2026-03-06 21:44:05 --> Session: Class initialized using 'CodeIgniter\Session\Handlers\FileHandler' driver.
INFO - 2026-03-06 21:44:06 --> Session: Class initialized using 'CodeIgniter\Session\Handlers\FileHandler' driver.
INFO - 2026-03-06 21:44:15 --> Session: Class initialized using 'CodeIgniter\Session\Handlers\FileHandler' driver.
