INFO - 2024-07-05 06:10:32 --> Session: Class initialized using 'CodeIgniter\Session\Handlers\FileHandler' driver.
INFO - 2024-07-05 06:11:13 --> Session: Class initialized using 'CodeIgniter\Session\Handlers\FileHandler' driver.
INFO - 2024-07-05 06:11:14 --> Session: Class initialized using 'CodeIgniter\Session\Handlers\FileHandler' driver.
INFO - 2024-07-05 06:11:15 --> Session: Class initialized using 'CodeIgniter\Session\Handlers\FileHandler' driver.
INFO - 2024-07-05 06:12:09 --> Session: Class initialized using 'CodeIgniter\Session\Handlers\FileHandler' driver.
INFO - 2024-07-05 06:12:14 --> Session: Class initialized using 'CodeIgniter\Session\Handlers\FileHandler' driver.
INFO - 2024-07-05 06:12:15 --> Session: Class initialized using 'CodeIgniter\Session\Handlers\FileHandler' driver.
INFO - 2024-07-05 06:12:27 --> Session: Class initialized using 'CodeIgniter\Session\Handlers\FileHandler' driver.
INFO - 2024-07-05 06:12:31 --> Session: Class initialized using 'CodeIgniter\Session\Handlers\FileHandler' driver.
INFO - 2024-07-05 06:12:31 --> Session: Class initialized using 'CodeIgniter\Session\Handlers\FileHandler' driver.
INFO - 2024-07-05 06:12:37 --> Session: Class initialized using 'CodeIgniter\Session\Handlers\FileHandler' driver.
INFO - 2024-07-05 06:12:38 --> Session: Class initialized using 'CodeIgniter\Session\Handlers\FileHandler' driver.
INFO - 2024-07-05 06:13:24 --> Session: Class initialized using 'CodeIgniter\Session\Handlers\FileHandler' driver.
INFO - 2024-07-05 06:13:24 --> Session: Class initialized using 'CodeIgniter\Session\Handlers\FileHandler' driver.
INFO - 2024-07-05 06:33:12 --> Session: Class initialized using 'CodeIgniter\Session\Handlers\FileHandler' driver.
ERROR - 2024-07-05 06:33:13 --> mysqli_sql_exception: Unknown column 'satker' in 'where clause' in C:\wamp\www\e-sop\system\Database\MySQLi\Connection.php:306
Stack trace:
#0 C:\wamp\www\e-sop\system\Database\MySQLi\Connection.php(306): mysqli->query('SELECT count(*)...', 0)
#1 C:\wamp\www\e-sop\system\Database\BaseConnection.php(693): CodeIgniter\Database\MySQLi\Connection->execute('SELECT count(*)...')
#2 C:\wamp\www\e-sop\system\Database\BaseConnection.php(607): CodeIgniter\Database\BaseConnection->simpleQuery('SELECT count(*)...')
#3 C:\wamp\www\e-sop\system\Database\BaseBuilder.php(1616): CodeIgniter\Database\BaseConnection->query('SELECT count(*)...', Array, false)
#4 C:\wamp\www\e-sop\app\Models\Sop.php(189): CodeIgniter\Database\BaseBuilder->get()
#5 C:\wamp\www\e-sop\app\Controllers\DashboardController.php(34): App\Models\Sop->getRekapDashboard('4', '0507', 'publish')
#6 C:\wamp\www\e-sop\system\CodeIgniter.php(941): App\Controllers\DashboardController->index()
#7 C:\wamp\www\e-sop\system\CodeIgniter.php(502): CodeIgniter\CodeIgniter->runController(Object(App\Controllers\DashboardController))
#8 C:\wamp\www\e-sop\system\CodeIgniter.php(361): CodeIgniter\CodeIgniter->handleRequest(NULL, Object(Config\Cache), false)
#9 C:\wamp\www\e-sop\public\index.php(79): CodeIgniter\CodeIgniter->run()
#10 {main}
CRITICAL - 2024-07-05 06:33:13 --> CodeIgniter\Database\Exceptions\DatabaseException: Unknown column 'satker' in 'where clause'
in SYSTEMPATH\Database\BaseConnection.php on line 647.
 1 SYSTEMPATH\Database\BaseBuilder.php(1616): CodeIgniter\Database\BaseConnection->query('SELECT count(*) as jumlah
FROM `sop`
WHERE `satker` = :satker:
AND `publish` = :publish:', [...], false)
 2 APPPATH\Models\Sop.php(189): CodeIgniter\Database\BaseBuilder->get()
 3 APPPATH\Controllers\DashboardController.php(34): App\Models\Sop->getRekapDashboard('4', '0507', 'publish')
 4 SYSTEMPATH\CodeIgniter.php(941): App\Controllers\DashboardController->index()
 5 SYSTEMPATH\CodeIgniter.php(502): CodeIgniter\CodeIgniter->runController(Object(App\Controllers\DashboardController))
 6 SYSTEMPATH\CodeIgniter.php(361): CodeIgniter\CodeIgniter->handleRequest(null, Object(Config\Cache), false)
 7 FCPATH\index.php(79): CodeIgniter\CodeIgniter->run()
CRITICAL - 2024-07-05 06:33:13 --> [Caused by] CodeIgniter\Database\Exceptions\DatabaseException: Unknown column 'satker' in 'where clause'
in SYSTEMPATH\Database\MySQLi\Connection.php on line 311.
 1 SYSTEMPATH\Database\BaseConnection.php(693): CodeIgniter\Database\MySQLi\Connection->execute('SELECT count(*) as jumlah
FROM `sop`
WHERE `satker` = \'0507\'
AND `publish` = 1')
 2 SYSTEMPATH\Database\BaseConnection.php(607): CodeIgniter\Database\BaseConnection->simpleQuery('SELECT count(*) as jumlah
FROM `sop`
WHERE `satker` = \'0507\'
AND `publish` = 1')
 3 SYSTEMPATH\Database\BaseBuilder.php(1616): CodeIgniter\Database\BaseConnection->query('SELECT count(*) as jumlah
FROM `sop`
WHERE `satker` = :satker:
AND `publish` = :publish:', [...], false)
 4 APPPATH\Models\Sop.php(189): CodeIgniter\Database\BaseBuilder->get()
 5 APPPATH\Controllers\DashboardController.php(34): App\Models\Sop->getRekapDashboard('4', '0507', 'publish')
 6 SYSTEMPATH\CodeIgniter.php(941): App\Controllers\DashboardController->index()
 7 SYSTEMPATH\CodeIgniter.php(502): CodeIgniter\CodeIgniter->runController(Object(App\Controllers\DashboardController))
 8 SYSTEMPATH\CodeIgniter.php(361): CodeIgniter\CodeIgniter->handleRequest(null, Object(Config\Cache), false)
 9 FCPATH\index.php(79): CodeIgniter\CodeIgniter->run()
CRITICAL - 2024-07-05 06:33:13 --> [Caused by] mysqli_sql_exception: Unknown column 'satker' in 'where clause'
in SYSTEMPATH\Database\MySQLi\Connection.php on line 306.
 1 SYSTEMPATH\Database\MySQLi\Connection.php(306): mysqli->query('SELECT count(*) as jumlah
FROM `sop`
WHERE `satker` = \'0507\'
AND `publish` = 1', 0)
 2 SYSTEMPATH\Database\BaseConnection.php(693): CodeIgniter\Database\MySQLi\Connection->execute('SELECT count(*) as jumlah
FROM `sop`
WHERE `satker` = \'0507\'
AND `publish` = 1')
 3 SYSTEMPATH\Database\BaseConnection.php(607): CodeIgniter\Database\BaseConnection->simpleQuery('SELECT count(*) as jumlah
FROM `sop`
WHERE `satker` = \'0507\'
AND `publish` = 1')
 4 SYSTEMPATH\Database\BaseBuilder.php(1616): CodeIgniter\Database\BaseConnection->query('SELECT count(*) as jumlah
FROM `sop`
WHERE `satker` = :satker:
AND `publish` = :publish:', [...], false)
 5 APPPATH\Models\Sop.php(189): CodeIgniter\Database\BaseBuilder->get()
 6 APPPATH\Controllers\DashboardController.php(34): App\Models\Sop->getRekapDashboard('4', '0507', 'publish')
 7 SYSTEMPATH\CodeIgniter.php(941): App\Controllers\DashboardController->index()
 8 SYSTEMPATH\CodeIgniter.php(502): CodeIgniter\CodeIgniter->runController(Object(App\Controllers\DashboardController))
 9 SYSTEMPATH\CodeIgniter.php(361): CodeIgniter\CodeIgniter->handleRequest(null, Object(Config\Cache), false)
10 FCPATH\index.php(79): CodeIgniter\CodeIgniter->run()
INFO - 2024-07-05 06:33:25 --> Session: Class initialized using 'CodeIgniter\Session\Handlers\FileHandler' driver.
ERROR - 2024-07-05 06:33:25 --> mysqli_sql_exception: Unknown column 'satker' in 'where clause' in C:\wamp\www\e-sop\system\Database\MySQLi\Connection.php:306
Stack trace:
#0 C:\wamp\www\e-sop\system\Database\MySQLi\Connection.php(306): mysqli->query('SELECT count(*)...', 0)
#1 C:\wamp\www\e-sop\system\Database\BaseConnection.php(693): CodeIgniter\Database\MySQLi\Connection->execute('SELECT count(*)...')
#2 C:\wamp\www\e-sop\system\Database\BaseConnection.php(607): CodeIgniter\Database\BaseConnection->simpleQuery('SELECT count(*)...')
#3 C:\wamp\www\e-sop\system\Database\BaseBuilder.php(1616): CodeIgniter\Database\BaseConnection->query('SELECT count(*)...', Array, false)
#4 C:\wamp\www\e-sop\app\Models\Sop.php(189): CodeIgniter\Database\BaseBuilder->get()
#5 C:\wamp\www\e-sop\app\Controllers\DashboardController.php(34): App\Models\Sop->getRekapDashboard('4', '0507', 'publish')
#6 C:\wamp\www\e-sop\system\CodeIgniter.php(941): App\Controllers\DashboardController->index()
#7 C:\wamp\www\e-sop\system\CodeIgniter.php(502): CodeIgniter\CodeIgniter->runController(Object(App\Controllers\DashboardController))
#8 C:\wamp\www\e-sop\system\CodeIgniter.php(361): CodeIgniter\CodeIgniter->handleRequest(NULL, Object(Config\Cache), false)
#9 C:\wamp\www\e-sop\public\index.php(79): CodeIgniter\CodeIgniter->run()
#10 {main}
CRITICAL - 2024-07-05 06:33:25 --> CodeIgniter\Database\Exceptions\DatabaseException: Unknown column 'satker' in 'where clause'
in SYSTEMPATH\Database\BaseConnection.php on line 647.
 1 SYSTEMPATH\Database\BaseBuilder.php(1616): CodeIgniter\Database\BaseConnection->query('SELECT count(*) as jumlah
FROM `sop`
WHERE `satker` = :satker:
AND `publish` = :publish:', [...], false)
 2 APPPATH\Models\Sop.php(189): CodeIgniter\Database\BaseBuilder->get()
 3 APPPATH\Controllers\DashboardController.php(34): App\Models\Sop->getRekapDashboard('4', '0507', 'publish')
 4 SYSTEMPATH\CodeIgniter.php(941): App\Controllers\DashboardController->index()
 5 SYSTEMPATH\CodeIgniter.php(502): CodeIgniter\CodeIgniter->runController(Object(App\Controllers\DashboardController))
 6 SYSTEMPATH\CodeIgniter.php(361): CodeIgniter\CodeIgniter->handleRequest(null, Object(Config\Cache), false)
 7 FCPATH\index.php(79): CodeIgniter\CodeIgniter->run()
CRITICAL - 2024-07-05 06:33:25 --> [Caused by] CodeIgniter\Database\Exceptions\DatabaseException: Unknown column 'satker' in 'where clause'
in SYSTEMPATH\Database\MySQLi\Connection.php on line 311.
 1 SYSTEMPATH\Database\BaseConnection.php(693): CodeIgniter\Database\MySQLi\Connection->execute('SELECT count(*) as jumlah
FROM `sop`
WHERE `satker` = \'0507\'
AND `publish` = 1')
 2 SYSTEMPATH\Database\BaseConnection.php(607): CodeIgniter\Database\BaseConnection->simpleQuery('SELECT count(*) as jumlah
FROM `sop`
WHERE `satker` = \'0507\'
AND `publish` = 1')
 3 SYSTEMPATH\Database\BaseBuilder.php(1616): CodeIgniter\Database\BaseConnection->query('SELECT count(*) as jumlah
FROM `sop`
WHERE `satker` = :satker:
AND `publish` = :publish:', [...], false)
 4 APPPATH\Models\Sop.php(189): CodeIgniter\Database\BaseBuilder->get()
 5 APPPATH\Controllers\DashboardController.php(34): App\Models\Sop->getRekapDashboard('4', '0507', 'publish')
 6 SYSTEMPATH\CodeIgniter.php(941): App\Controllers\DashboardController->index()
 7 SYSTEMPATH\CodeIgniter.php(502): CodeIgniter\CodeIgniter->runController(Object(App\Controllers\DashboardController))
 8 SYSTEMPATH\CodeIgniter.php(361): CodeIgniter\CodeIgniter->handleRequest(null, Object(Config\Cache), false)
 9 FCPATH\index.php(79): CodeIgniter\CodeIgniter->run()
CRITICAL - 2024-07-05 06:33:25 --> [Caused by] mysqli_sql_exception: Unknown column 'satker' in 'where clause'
in SYSTEMPATH\Database\MySQLi\Connection.php on line 306.
 1 SYSTEMPATH\Database\MySQLi\Connection.php(306): mysqli->query('SELECT count(*) as jumlah
FROM `sop`
WHERE `satker` = \'0507\'
AND `publish` = 1', 0)
 2 SYSTEMPATH\Database\BaseConnection.php(693): CodeIgniter\Database\MySQLi\Connection->execute('SELECT count(*) as jumlah
FROM `sop`
WHERE `satker` = \'0507\'
AND `publish` = 1')
 3 SYSTEMPATH\Database\BaseConnection.php(607): CodeIgniter\Database\BaseConnection->simpleQuery('SELECT count(*) as jumlah
FROM `sop`
WHERE `satker` = \'0507\'
AND `publish` = 1')
 4 SYSTEMPATH\Database\BaseBuilder.php(1616): CodeIgniter\Database\BaseConnection->query('SELECT count(*) as jumlah
FROM `sop`
WHERE `satker` = :satker:
AND `publish` = :publish:', [...], false)
 5 APPPATH\Models\Sop.php(189): CodeIgniter\Database\BaseBuilder->get()
 6 APPPATH\Controllers\DashboardController.php(34): App\Models\Sop->getRekapDashboard('4', '0507', 'publish')
 7 SYSTEMPATH\CodeIgniter.php(941): App\Controllers\DashboardController->index()
 8 SYSTEMPATH\CodeIgniter.php(502): CodeIgniter\CodeIgniter->runController(Object(App\Controllers\DashboardController))
 9 SYSTEMPATH\CodeIgniter.php(361): CodeIgniter\CodeIgniter->handleRequest(null, Object(Config\Cache), false)
10 FCPATH\index.php(79): CodeIgniter\CodeIgniter->run()
INFO - 2024-07-05 06:33:27 --> Session: Class initialized using 'CodeIgniter\Session\Handlers\FileHandler' driver.
INFO - 2024-07-05 06:33:27 --> Session: Class initialized using 'CodeIgniter\Session\Handlers\FileHandler' driver.
INFO - 2024-07-05 06:33:39 --> Session: Class initialized using 'CodeIgniter\Session\Handlers\FileHandler' driver.
ERROR - 2024-07-05 06:33:39 --> mysqli_sql_exception: Unknown column 'satker' in 'where clause' in C:\wamp\www\e-sop\system\Database\MySQLi\Connection.php:306
Stack trace:
#0 C:\wamp\www\e-sop\system\Database\MySQLi\Connection.php(306): mysqli->query('SELECT count(*)...', 0)
#1 C:\wamp\www\e-sop\system\Database\BaseConnection.php(693): CodeIgniter\Database\MySQLi\Connection->execute('SELECT count(*)...')
#2 C:\wamp\www\e-sop\system\Database\BaseConnection.php(607): CodeIgniter\Database\BaseConnection->simpleQuery('SELECT count(*)...')
#3 C:\wamp\www\e-sop\system\Database\BaseBuilder.php(1616): CodeIgniter\Database\BaseConnection->query('SELECT count(*)...', Array, false)
#4 C:\wamp\www\e-sop\app\Models\Sop.php(189): CodeIgniter\Database\BaseBuilder->get()
#5 C:\wamp\www\e-sop\app\Controllers\DashboardController.php(34): App\Models\Sop->getRekapDashboard('4', '0507', 'publish')
#6 C:\wamp\www\e-sop\system\CodeIgniter.php(941): App\Controllers\DashboardController->index()
#7 C:\wamp\www\e-sop\system\CodeIgniter.php(502): CodeIgniter\CodeIgniter->runController(Object(App\Controllers\DashboardController))
#8 C:\wamp\www\e-sop\system\CodeIgniter.php(361): CodeIgniter\CodeIgniter->handleRequest(NULL, Object(Config\Cache), false)
#9 C:\wamp\www\e-sop\public\index.php(79): CodeIgniter\CodeIgniter->run()
#10 {main}
CRITICAL - 2024-07-05 06:33:39 --> CodeIgniter\Database\Exceptions\DatabaseException: Unknown column 'satker' in 'where clause'
in SYSTEMPATH\Database\BaseConnection.php on line 647.
 1 SYSTEMPATH\Database\BaseBuilder.php(1616): CodeIgniter\Database\BaseConnection->query('SELECT count(*) as jumlah
FROM `sop`
WHERE `satker` = :satker:
AND `publish` = :publish:', [...], false)
 2 APPPATH\Models\Sop.php(189): CodeIgniter\Database\BaseBuilder->get()
 3 APPPATH\Controllers\DashboardController.php(34): App\Models\Sop->getRekapDashboard('4', '0507', 'publish')
 4 SYSTEMPATH\CodeIgniter.php(941): App\Controllers\DashboardController->index()
 5 SYSTEMPATH\CodeIgniter.php(502): CodeIgniter\CodeIgniter->runController(Object(App\Controllers\DashboardController))
 6 SYSTEMPATH\CodeIgniter.php(361): CodeIgniter\CodeIgniter->handleRequest(null, Object(Config\Cache), false)
 7 FCPATH\index.php(79): CodeIgniter\CodeIgniter->run()
CRITICAL - 2024-07-05 06:33:39 --> [Caused by] CodeIgniter\Database\Exceptions\DatabaseException: Unknown column 'satker' in 'where clause'
in SYSTEMPATH\Database\MySQLi\Connection.php on line 311.
 1 SYSTEMPATH\Database\BaseConnection.php(693): CodeIgniter\Database\MySQLi\Connection->execute('SELECT count(*) as jumlah
FROM `sop`
WHERE `satker` = \'0507\'
AND `publish` = 1')
 2 SYSTEMPATH\Database\BaseConnection.php(607): CodeIgniter\Database\BaseConnection->simpleQuery('SELECT count(*) as jumlah
FROM `sop`
WHERE `satker` = \'0507\'
AND `publish` = 1')
 3 SYSTEMPATH\Database\BaseBuilder.php(1616): CodeIgniter\Database\BaseConnection->query('SELECT count(*) as jumlah
FROM `sop`
WHERE `satker` = :satker:
AND `publish` = :publish:', [...], false)
 4 APPPATH\Models\Sop.php(189): CodeIgniter\Database\BaseBuilder->get()
 5 APPPATH\Controllers\DashboardController.php(34): App\Models\Sop->getRekapDashboard('4', '0507', 'publish')
 6 SYSTEMPATH\CodeIgniter.php(941): App\Controllers\DashboardController->index()
 7 SYSTEMPATH\CodeIgniter.php(502): CodeIgniter\CodeIgniter->runController(Object(App\Controllers\DashboardController))
 8 SYSTEMPATH\CodeIgniter.php(361): CodeIgniter\CodeIgniter->handleRequest(null, Object(Config\Cache), false)
 9 FCPATH\index.php(79): CodeIgniter\CodeIgniter->run()
CRITICAL - 2024-07-05 06:33:39 --> [Caused by] mysqli_sql_exception: Unknown column 'satker' in 'where clause'
in SYSTEMPATH\Database\MySQLi\Connection.php on line 306.
 1 SYSTEMPATH\Database\MySQLi\Connection.php(306): mysqli->query('SELECT count(*) as jumlah
FROM `sop`
WHERE `satker` = \'0507\'
AND `publish` = 1', 0)
 2 SYSTEMPATH\Database\BaseConnection.php(693): CodeIgniter\Database\MySQLi\Connection->execute('SELECT count(*) as jumlah
FROM `sop`
WHERE `satker` = \'0507\'
AND `publish` = 1')
 3 SYSTEMPATH\Database\BaseConnection.php(607): CodeIgniter\Database\BaseConnection->simpleQuery('SELECT count(*) as jumlah
FROM `sop`
WHERE `satker` = \'0507\'
AND `publish` = 1')
 4 SYSTEMPATH\Database\BaseBuilder.php(1616): CodeIgniter\Database\BaseConnection->query('SELECT count(*) as jumlah
FROM `sop`
WHERE `satker` = :satker:
AND `publish` = :publish:', [...], false)
 5 APPPATH\Models\Sop.php(189): CodeIgniter\Database\BaseBuilder->get()
 6 APPPATH\Controllers\DashboardController.php(34): App\Models\Sop->getRekapDashboard('4', '0507', 'publish')
 7 SYSTEMPATH\CodeIgniter.php(941): App\Controllers\DashboardController->index()
 8 SYSTEMPATH\CodeIgniter.php(502): CodeIgniter\CodeIgniter->runController(Object(App\Controllers\DashboardController))
 9 SYSTEMPATH\CodeIgniter.php(361): CodeIgniter\CodeIgniter->handleRequest(null, Object(Config\Cache), false)
10 FCPATH\index.php(79): CodeIgniter\CodeIgniter->run()
INFO - 2024-07-05 06:33:45 --> Session: Class initialized using 'CodeIgniter\Session\Handlers\FileHandler' driver.
INFO - 2024-07-05 06:33:46 --> Session: Class initialized using 'CodeIgniter\Session\Handlers\FileHandler' driver.
INFO - 2024-07-05 06:33:48 --> Session: Class initialized using 'CodeIgniter\Session\Handlers\FileHandler' driver.
INFO - 2024-07-05 06:33:48 --> Session: Class initialized using 'CodeIgniter\Session\Handlers\FileHandler' driver.
INFO - 2024-07-05 06:33:59 --> Session: Class initialized using 'CodeIgniter\Session\Handlers\FileHandler' driver.
INFO - 2024-07-05 06:35:53 --> Session: Class initialized using 'CodeIgniter\Session\Handlers\FileHandler' driver.
INFO - 2024-07-05 06:35:54 --> Session: Class initialized using 'CodeIgniter\Session\Handlers\FileHandler' driver.
INFO - 2024-07-05 06:36:00 --> Session: Class initialized using 'CodeIgniter\Session\Handlers\FileHandler' driver.
ERROR - 2024-07-05 06:36:00 --> mysqli_sql_exception: Unknown column 'satker' in 'where clause' in C:\wamp\www\e-sop\system\Database\MySQLi\Connection.php:306
Stack trace:
#0 C:\wamp\www\e-sop\system\Database\MySQLi\Connection.php(306): mysqli->query('SELECT count(*)...', 0)
#1 C:\wamp\www\e-sop\system\Database\BaseConnection.php(693): CodeIgniter\Database\MySQLi\Connection->execute('SELECT count(*)...')
#2 C:\wamp\www\e-sop\system\Database\BaseConnection.php(607): CodeIgniter\Database\BaseConnection->simpleQuery('SELECT count(*)...')
#3 C:\wamp\www\e-sop\system\Database\BaseBuilder.php(1616): CodeIgniter\Database\BaseConnection->query('SELECT count(*)...', Array, false)
#4 C:\wamp\www\e-sop\app\Models\Sop.php(189): CodeIgniter\Database\BaseBuilder->get()
#5 C:\wamp\www\e-sop\app\Controllers\DashboardController.php(34): App\Models\Sop->getRekapDashboard('4', '0507', 'publish')
#6 C:\wamp\www\e-sop\system\CodeIgniter.php(941): App\Controllers\DashboardController->index()
#7 C:\wamp\www\e-sop\system\CodeIgniter.php(502): CodeIgniter\CodeIgniter->runController(Object(App\Controllers\DashboardController))
#8 C:\wamp\www\e-sop\system\CodeIgniter.php(361): CodeIgniter\CodeIgniter->handleRequest(NULL, Object(Config\Cache), false)
#9 C:\wamp\www\e-sop\public\index.php(79): CodeIgniter\CodeIgniter->run()
#10 {main}
CRITICAL - 2024-07-05 06:36:00 --> CodeIgniter\Database\Exceptions\DatabaseException: Unknown column 'satker' in 'where clause'
in SYSTEMPATH\Database\BaseConnection.php on line 647.
 1 SYSTEMPATH\Database\BaseBuilder.php(1616): CodeIgniter\Database\BaseConnection->query('SELECT count(*) as jumlah
FROM `sop`
WHERE `satker` = :satker:
AND `publish` = :publish:', [...], false)
 2 APPPATH\Models\Sop.php(189): CodeIgniter\Database\BaseBuilder->get()
 3 APPPATH\Controllers\DashboardController.php(34): App\Models\Sop->getRekapDashboard('4', '0507', 'publish')
 4 SYSTEMPATH\CodeIgniter.php(941): App\Controllers\DashboardController->index()
 5 SYSTEMPATH\CodeIgniter.php(502): CodeIgniter\CodeIgniter->runController(Object(App\Controllers\DashboardController))
 6 SYSTEMPATH\CodeIgniter.php(361): CodeIgniter\CodeIgniter->handleRequest(null, Object(Config\Cache), false)
 7 FCPATH\index.php(79): CodeIgniter\CodeIgniter->run()
CRITICAL - 2024-07-05 06:36:00 --> [Caused by] CodeIgniter\Database\Exceptions\DatabaseException: Unknown column 'satker' in 'where clause'
in SYSTEMPATH\Database\MySQLi\Connection.php on line 311.
 1 SYSTEMPATH\Database\BaseConnection.php(693): CodeIgniter\Database\MySQLi\Connection->execute('SELECT count(*) as jumlah
FROM `sop`
WHERE `satker` = \'0507\'
AND `publish` = 1')
 2 SYSTEMPATH\Database\BaseConnection.php(607): CodeIgniter\Database\BaseConnection->simpleQuery('SELECT count(*) as jumlah
FROM `sop`
WHERE `satker` = \'0507\'
AND `publish` = 1')
 3 SYSTEMPATH\Database\BaseBuilder.php(1616): CodeIgniter\Database\BaseConnection->query('SELECT count(*) as jumlah
FROM `sop`
WHERE `satker` = :satker:
AND `publish` = :publish:', [...], false)
 4 APPPATH\Models\Sop.php(189): CodeIgniter\Database\BaseBuilder->get()
 5 APPPATH\Controllers\DashboardController.php(34): App\Models\Sop->getRekapDashboard('4', '0507', 'publish')
 6 SYSTEMPATH\CodeIgniter.php(941): App\Controllers\DashboardController->index()
 7 SYSTEMPATH\CodeIgniter.php(502): CodeIgniter\CodeIgniter->runController(Object(App\Controllers\DashboardController))
 8 SYSTEMPATH\CodeIgniter.php(361): CodeIgniter\CodeIgniter->handleRequest(null, Object(Config\Cache), false)
 9 FCPATH\index.php(79): CodeIgniter\CodeIgniter->run()
CRITICAL - 2024-07-05 06:36:00 --> [Caused by] mysqli_sql_exception: Unknown column 'satker' in 'where clause'
in SYSTEMPATH\Database\MySQLi\Connection.php on line 306.
 1 SYSTEMPATH\Database\MySQLi\Connection.php(306): mysqli->query('SELECT count(*) as jumlah
FROM `sop`
WHERE `satker` = \'0507\'
AND `publish` = 1', 0)
 2 SYSTEMPATH\Database\BaseConnection.php(693): CodeIgniter\Database\MySQLi\Connection->execute('SELECT count(*) as jumlah
FROM `sop`
WHERE `satker` = \'0507\'
AND `publish` = 1')
 3 SYSTEMPATH\Database\BaseConnection.php(607): CodeIgniter\Database\BaseConnection->simpleQuery('SELECT count(*) as jumlah
FROM `sop`
WHERE `satker` = \'0507\'
AND `publish` = 1')
 4 SYSTEMPATH\Database\BaseBuilder.php(1616): CodeIgniter\Database\BaseConnection->query('SELECT count(*) as jumlah
FROM `sop`
WHERE `satker` = :satker:
AND `publish` = :publish:', [...], false)
 5 APPPATH\Models\Sop.php(189): CodeIgniter\Database\BaseBuilder->get()
 6 APPPATH\Controllers\DashboardController.php(34): App\Models\Sop->getRekapDashboard('4', '0507', 'publish')
 7 SYSTEMPATH\CodeIgniter.php(941): App\Controllers\DashboardController->index()
 8 SYSTEMPATH\CodeIgniter.php(502): CodeIgniter\CodeIgniter->runController(Object(App\Controllers\DashboardController))
 9 SYSTEMPATH\CodeIgniter.php(361): CodeIgniter\CodeIgniter->handleRequest(null, Object(Config\Cache), false)
10 FCPATH\index.php(79): CodeIgniter\CodeIgniter->run()
INFO - 2024-07-05 06:36:41 --> Session: Class initialized using 'CodeIgniter\Session\Handlers\FileHandler' driver.
INFO - 2024-07-05 06:36:42 --> Session: Class initialized using 'CodeIgniter\Session\Handlers\FileHandler' driver.
INFO - 2024-07-05 06:36:53 --> Session: Class initialized using 'CodeIgniter\Session\Handlers\FileHandler' driver.
INFO - 2024-07-05 06:36:54 --> Session: Class initialized using 'CodeIgniter\Session\Handlers\FileHandler' driver.
INFO - 2024-07-05 06:37:05 --> Session: Class initialized using 'CodeIgniter\Session\Handlers\FileHandler' driver.
ERROR - 2024-07-05 06:37:05 --> mysqli_sql_exception: Unknown column 'satker' in 'where clause' in C:\wamp\www\e-sop\system\Database\MySQLi\Connection.php:306
Stack trace:
#0 C:\wamp\www\e-sop\system\Database\MySQLi\Connection.php(306): mysqli->query('SELECT count(*)...', 0)
#1 C:\wamp\www\e-sop\system\Database\BaseConnection.php(693): CodeIgniter\Database\MySQLi\Connection->execute('SELECT count(*)...')
#2 C:\wamp\www\e-sop\system\Database\BaseConnection.php(607): CodeIgniter\Database\BaseConnection->simpleQuery('SELECT count(*)...')
#3 C:\wamp\www\e-sop\system\Database\BaseBuilder.php(1616): CodeIgniter\Database\BaseConnection->query('SELECT count(*)...', Array, false)
#4 C:\wamp\www\e-sop\app\Models\Sop.php(189): CodeIgniter\Database\BaseBuilder->get()
#5 C:\wamp\www\e-sop\app\Controllers\DashboardController.php(34): App\Models\Sop->getRekapDashboard('4', '0507', 'publish')
#6 C:\wamp\www\e-sop\system\CodeIgniter.php(941): App\Controllers\DashboardController->index()
#7 C:\wamp\www\e-sop\system\CodeIgniter.php(502): CodeIgniter\CodeIgniter->runController(Object(App\Controllers\DashboardController))
#8 C:\wamp\www\e-sop\system\CodeIgniter.php(361): CodeIgniter\CodeIgniter->handleRequest(NULL, Object(Config\Cache), false)
#9 C:\wamp\www\e-sop\public\index.php(79): CodeIgniter\CodeIgniter->run()
#10 {main}
CRITICAL - 2024-07-05 06:37:05 --> CodeIgniter\Database\Exceptions\DatabaseException: Unknown column 'satker' in 'where clause'
in SYSTEMPATH\Database\BaseConnection.php on line 647.
 1 SYSTEMPATH\Database\BaseBuilder.php(1616): CodeIgniter\Database\BaseConnection->query('SELECT count(*) as jumlah
FROM `sop`
WHERE `satker` = :satker:
AND `publish` = :publish:', [...], false)
 2 APPPATH\Models\Sop.php(189): CodeIgniter\Database\BaseBuilder->get()
 3 APPPATH\Controllers\DashboardController.php(34): App\Models\Sop->getRekapDashboard('4', '0507', 'publish')
 4 SYSTEMPATH\CodeIgniter.php(941): App\Controllers\DashboardController->index()
 5 SYSTEMPATH\CodeIgniter.php(502): CodeIgniter\CodeIgniter->runController(Object(App\Controllers\DashboardController))
 6 SYSTEMPATH\CodeIgniter.php(361): CodeIgniter\CodeIgniter->handleRequest(null, Object(Config\Cache), false)
 7 FCPATH\index.php(79): CodeIgniter\CodeIgniter->run()
CRITICAL - 2024-07-05 06:37:05 --> [Caused by] CodeIgniter\Database\Exceptions\DatabaseException: Unknown column 'satker' in 'where clause'
in SYSTEMPATH\Database\MySQLi\Connection.php on line 311.
 1 SYSTEMPATH\Database\BaseConnection.php(693): CodeIgniter\Database\MySQLi\Connection->execute('SELECT count(*) as jumlah
FROM `sop`
WHERE `satker` = \'0507\'
AND `publish` = 1')
 2 SYSTEMPATH\Database\BaseConnection.php(607): CodeIgniter\Database\BaseConnection->simpleQuery('SELECT count(*) as jumlah
FROM `sop`
WHERE `satker` = \'0507\'
AND `publish` = 1')
 3 SYSTEMPATH\Database\BaseBuilder.php(1616): CodeIgniter\Database\BaseConnection->query('SELECT count(*) as jumlah
FROM `sop`
WHERE `satker` = :satker:
AND `publish` = :publish:', [...], false)
 4 APPPATH\Models\Sop.php(189): CodeIgniter\Database\BaseBuilder->get()
 5 APPPATH\Controllers\DashboardController.php(34): App\Models\Sop->getRekapDashboard('4', '0507', 'publish')
 6 SYSTEMPATH\CodeIgniter.php(941): App\Controllers\DashboardController->index()
 7 SYSTEMPATH\CodeIgniter.php(502): CodeIgniter\CodeIgniter->runController(Object(App\Controllers\DashboardController))
 8 SYSTEMPATH\CodeIgniter.php(361): CodeIgniter\CodeIgniter->handleRequest(null, Object(Config\Cache), false)
 9 FCPATH\index.php(79): CodeIgniter\CodeIgniter->run()
CRITICAL - 2024-07-05 06:37:05 --> [Caused by] mysqli_sql_exception: Unknown column 'satker' in 'where clause'
in SYSTEMPATH\Database\MySQLi\Connection.php on line 306.
 1 SYSTEMPATH\Database\MySQLi\Connection.php(306): mysqli->query('SELECT count(*) as jumlah
FROM `sop`
WHERE `satker` = \'0507\'
AND `publish` = 1', 0)
 2 SYSTEMPATH\Database\BaseConnection.php(693): CodeIgniter\Database\MySQLi\Connection->execute('SELECT count(*) as jumlah
FROM `sop`
WHERE `satker` = \'0507\'
AND `publish` = 1')
 3 SYSTEMPATH\Database\BaseConnection.php(607): CodeIgniter\Database\BaseConnection->simpleQuery('SELECT count(*) as jumlah
FROM `sop`
WHERE `satker` = \'0507\'
AND `publish` = 1')
 4 SYSTEMPATH\Database\BaseBuilder.php(1616): CodeIgniter\Database\BaseConnection->query('SELECT count(*) as jumlah
FROM `sop`
WHERE `satker` = :satker:
AND `publish` = :publish:', [...], false)
 5 APPPATH\Models\Sop.php(189): CodeIgniter\Database\BaseBuilder->get()
 6 APPPATH\Controllers\DashboardController.php(34): App\Models\Sop->getRekapDashboard('4', '0507', 'publish')
 7 SYSTEMPATH\CodeIgniter.php(941): App\Controllers\DashboardController->index()
 8 SYSTEMPATH\CodeIgniter.php(502): CodeIgniter\CodeIgniter->runController(Object(App\Controllers\DashboardController))
 9 SYSTEMPATH\CodeIgniter.php(361): CodeIgniter\CodeIgniter->handleRequest(null, Object(Config\Cache), false)
10 FCPATH\index.php(79): CodeIgniter\CodeIgniter->run()
INFO - 2024-07-05 06:37:24 --> Session: Class initialized using 'CodeIgniter\Session\Handlers\FileHandler' driver.
INFO - 2024-07-05 06:37:24 --> Session: Class initialized using 'CodeIgniter\Session\Handlers\FileHandler' driver.
INFO - 2024-07-05 07:07:57 --> Session: Class initialized using 'CodeIgniter\Session\Handlers\FileHandler' driver.
INFO - 2024-07-05 07:08:10 --> Session: Class initialized using 'CodeIgniter\Session\Handlers\FileHandler' driver.
INFO - 2024-07-05 07:08:10 --> Session: Class initialized using 'CodeIgniter\Session\Handlers\FileHandler' driver.
INFO - 2024-07-05 07:08:14 --> Session: Class initialized using 'CodeIgniter\Session\Handlers\FileHandler' driver.
INFO - 2024-07-05 07:23:57 --> Session: Class initialized using 'CodeIgniter\Session\Handlers\FileHandler' driver.
INFO - 2024-07-05 07:23:57 --> Session: Class initialized using 'CodeIgniter\Session\Handlers\FileHandler' driver.
INFO - 2024-07-05 07:27:19 --> Session: Class initialized using 'CodeIgniter\Session\Handlers\FileHandler' driver.
INFO - 2024-07-05 07:27:19 --> Session: Class initialized using 'CodeIgniter\Session\Handlers\FileHandler' driver.
INFO - 2024-07-05 07:27:26 --> Session: Class initialized using 'CodeIgniter\Session\Handlers\FileHandler' driver.
INFO - 2024-07-05 07:27:27 --> Session: Class initialized using 'CodeIgniter\Session\Handlers\FileHandler' driver.
INFO - 2024-07-05 07:28:37 --> Session: Class initialized using 'CodeIgniter\Session\Handlers\FileHandler' driver.
INFO - 2024-07-05 07:28:37 --> Session: Class initialized using 'CodeIgniter\Session\Handlers\FileHandler' driver.
INFO - 2024-07-05 07:28:39 --> Session: Class initialized using 'CodeIgniter\Session\Handlers\FileHandler' driver.
INFO - 2024-07-05 07:28:39 --> Session: Class initialized using 'CodeIgniter\Session\Handlers\FileHandler' driver.
INFO - 2024-07-05 07:31:09 --> Session: Class initialized using 'CodeIgniter\Session\Handlers\FileHandler' driver.
INFO - 2024-07-05 07:31:09 --> Session: Class initialized using 'CodeIgniter\Session\Handlers\FileHandler' driver.
INFO - 2024-07-05 07:32:01 --> Session: Class initialized using 'CodeIgniter\Session\Handlers\FileHandler' driver.
INFO - 2024-07-05 07:32:01 --> Session: Class initialized using 'CodeIgniter\Session\Handlers\FileHandler' driver.
INFO - 2024-07-05 07:32:13 --> Session: Class initialized using 'CodeIgniter\Session\Handlers\FileHandler' driver.
INFO - 2024-07-05 07:36:44 --> Session: Class initialized using 'CodeIgniter\Session\Handlers\FileHandler' driver.
INFO - 2024-07-05 07:36:44 --> Session: Class initialized using 'CodeIgniter\Session\Handlers\FileHandler' driver.
INFO - 2024-07-05 07:37:06 --> Session: Class initialized using 'CodeIgniter\Session\Handlers\FileHandler' driver.
INFO - 2024-07-05 07:37:06 --> Session: Class initialized using 'CodeIgniter\Session\Handlers\FileHandler' driver.
INFO - 2024-07-05 07:37:09 --> Session: Class initialized using 'CodeIgniter\Session\Handlers\FileHandler' driver.
INFO - 2024-07-05 07:37:27 --> Session: Class initialized using 'CodeIgniter\Session\Handlers\FileHandler' driver.
INFO - 2024-07-05 07:37:27 --> Session: Class initialized using 'CodeIgniter\Session\Handlers\FileHandler' driver.
INFO - 2024-07-05 07:37:28 --> Session: Class initialized using 'CodeIgniter\Session\Handlers\FileHandler' driver.
INFO - 2024-07-05 07:37:38 --> Session: Class initialized using 'CodeIgniter\Session\Handlers\FileHandler' driver.
INFO - 2024-07-05 07:37:38 --> Session: Class initialized using 'CodeIgniter\Session\Handlers\FileHandler' driver.
INFO - 2024-07-05 07:37:47 --> Session: Class initialized using 'CodeIgniter\Session\Handlers\FileHandler' driver.
INFO - 2024-07-05 07:37:48 --> Session: Class initialized using 'CodeIgniter\Session\Handlers\FileHandler' driver.
INFO - 2024-07-05 07:37:55 --> Session: Class initialized using 'CodeIgniter\Session\Handlers\FileHandler' driver.
INFO - 2024-07-05 07:37:56 --> Session: Class initialized using 'CodeIgniter\Session\Handlers\FileHandler' driver.
INFO - 2024-07-05 07:37:57 --> Session: Class initialized using 'CodeIgniter\Session\Handlers\FileHandler' driver.
INFO - 2024-07-05 07:37:58 --> Session: Class initialized using 'CodeIgniter\Session\Handlers\FileHandler' driver.
INFO - 2024-07-05 07:38:01 --> Session: Class initialized using 'CodeIgniter\Session\Handlers\FileHandler' driver.
INFO - 2024-07-05 07:38:01 --> Session: Class initialized using 'CodeIgniter\Session\Handlers\FileHandler' driver.
INFO - 2024-07-05 07:38:09 --> Session: Class initialized using 'CodeIgniter\Session\Handlers\FileHandler' driver.
INFO - 2024-07-05 07:38:09 --> Session: Class initialized using 'CodeIgniter\Session\Handlers\FileHandler' driver.
INFO - 2024-07-05 07:38:27 --> Session: Class initialized using 'CodeIgniter\Session\Handlers\FileHandler' driver.
INFO - 2024-07-05 07:38:31 --> Session: Class initialized using 'CodeIgniter\Session\Handlers\FileHandler' driver.
INFO - 2024-07-05 07:38:32 --> Session: Class initialized using 'CodeIgniter\Session\Handlers\FileHandler' driver.
INFO - 2024-07-05 07:38:33 --> Session: Class initialized using 'CodeIgniter\Session\Handlers\FileHandler' driver.
INFO - 2024-07-05 07:38:51 --> Session: Class initialized using 'CodeIgniter\Session\Handlers\FileHandler' driver.
INFO - 2024-07-05 07:38:52 --> Session: Class initialized using 'CodeIgniter\Session\Handlers\FileHandler' driver.
INFO - 2024-07-05 07:42:52 --> Session: Class initialized using 'CodeIgniter\Session\Handlers\FileHandler' driver.
INFO - 2024-07-05 07:43:39 --> Session: Class initialized using 'CodeIgniter\Session\Handlers\FileHandler' driver.
INFO - 2024-07-05 07:49:21 --> Session: Class initialized using 'CodeIgniter\Session\Handlers\FileHandler' driver.
INFO - 2024-07-05 07:51:59 --> Session: Class initialized using 'CodeIgniter\Session\Handlers\FileHandler' driver.
INFO - 2024-07-05 08:01:41 --> Session: Class initialized using 'CodeIgniter\Session\Handlers\FileHandler' driver.
CRITICAL - 2024-07-05 08:01:41 --> ErrorException: Undefined variable $satker
in APPPATH\Models\Satker.php on line 32.
 1 APPPATH\Models\Satker.php(32): CodeIgniter\Debug\Exceptions->errorHandler(2, 'Undefined variable $satker', 'C:\\wamp\\www\\e-sop\\app\\Models\\Satker.php', 32)
 2 APPPATH\Controllers\BaganController.php(61): App\Models\Satker->getDataByPrefix('1701')
 3 SYSTEMPATH\CodeIgniter.php(941): App\Controllers\BaganController->manage()
 4 SYSTEMPATH\CodeIgniter.php(502): CodeIgniter\CodeIgniter->runController(Object(App\Controllers\BaganController))
 5 SYSTEMPATH\CodeIgniter.php(361): CodeIgniter\CodeIgniter->handleRequest(null, Object(Config\Cache), false)
 6 FCPATH\index.php(79): CodeIgniter\CodeIgniter->run()
INFO - 2024-07-05 08:02:32 --> Session: Class initialized using 'CodeIgniter\Session\Handlers\FileHandler' driver.
CRITICAL - 2024-07-05 08:02:32 --> Error: Object of class CodeIgniter\Database\MySQLi\Builder could not be converted to string
in APPPATH\Views\bagan\manage_aktor.php on line 65.
 1 SYSTEMPATH\View\View.php(228): include()
 2 SYSTEMPATH\View\View.php(231): CodeIgniter\View\View->CodeIgniter\View\{closure}()
 3 SYSTEMPATH\Common.php(1178): CodeIgniter\View\View->render('bagan/manage_aktor', [], true)
 4 APPPATH\Controllers\BaganController.php(70): view('bagan/manage_aktor', [...])
 5 SYSTEMPATH\CodeIgniter.php(941): App\Controllers\BaganController->manage()
 6 SYSTEMPATH\CodeIgniter.php(502): CodeIgniter\CodeIgniter->runController(Object(App\Controllers\BaganController))
 7 SYSTEMPATH\CodeIgniter.php(361): CodeIgniter\CodeIgniter->handleRequest(null, Object(Config\Cache), false)
 8 FCPATH\index.php(79): CodeIgniter\CodeIgniter->run()
INFO - 2024-07-05 08:03:16 --> Session: Class initialized using 'CodeIgniter\Session\Handlers\FileHandler' driver.
CRITICAL - 2024-07-05 08:03:16 --> Error: Call to undefined method CodeIgniter\Database\MySQLi\Builder::getRow()
in APPPATH\Controllers\BaganController.php on line 61.
 1 SYSTEMPATH\CodeIgniter.php(941): App\Controllers\BaganController->manage()
 2 SYSTEMPATH\CodeIgniter.php(502): CodeIgniter\CodeIgniter->runController(Object(App\Controllers\BaganController))
 3 SYSTEMPATH\CodeIgniter.php(361): CodeIgniter\CodeIgniter->handleRequest(null, Object(Config\Cache), false)
 4 FCPATH\index.php(79): CodeIgniter\CodeIgniter->run()
INFO - 2024-07-05 08:04:42 --> Session: Class initialized using 'CodeIgniter\Session\Handlers\FileHandler' driver.
INFO - 2024-07-05 08:05:03 --> Session: Class initialized using 'CodeIgniter\Session\Handlers\FileHandler' driver.
INFO - 2024-07-05 08:06:37 --> Session: Class initialized using 'CodeIgniter\Session\Handlers\FileHandler' driver.
INFO - 2024-07-05 08:06:48 --> Session: Class initialized using 'CodeIgniter\Session\Handlers\FileHandler' driver.
INFO - 2024-07-05 08:06:56 --> Session: Class initialized using 'CodeIgniter\Session\Handlers\FileHandler' driver.
INFO - 2024-07-05 08:07:38 --> Session: Class initialized using 'CodeIgniter\Session\Handlers\FileHandler' driver.
INFO - 2024-07-05 08:08:52 --> Session: Class initialized using 'CodeIgniter\Session\Handlers\FileHandler' driver.
INFO - 2024-07-05 08:09:06 --> Session: Class initialized using 'CodeIgniter\Session\Handlers\FileHandler' driver.
INFO - 2024-07-05 08:09:40 --> Session: Class initialized using 'CodeIgniter\Session\Handlers\FileHandler' driver.
INFO - 2024-07-05 08:09:40 --> Session: Class initialized using 'CodeIgniter\Session\Handlers\FileHandler' driver.
CRITICAL - 2024-07-05 08:09:40 --> ErrorException: Undefined variable $unit_kerja
in APPPATH\Views\bagan\manage_aktor.php on line 65.
 1 APPPATH\Views\bagan\manage_aktor.php(65): CodeIgniter\Debug\Exceptions->errorHandler(2, 'Undefined variable $unit_kerja', 'C:\\wamp\\www\\e-sop\\app\\Views\\bagan\\manage_aktor.php', 65)
 2 SYSTEMPATH\View\View.php(228): include('C:\\wamp\\www\\e-sop\\app\\Views\\bagan\\manage_aktor.php')
 3 SYSTEMPATH\View\View.php(231): CodeIgniter\View\View->CodeIgniter\View\{closure}()
 4 SYSTEMPATH\Common.php(1178): CodeIgniter\View\View->render('bagan/manage_aktor', [], true)
 5 APPPATH\Controllers\BaganController.php(102): view('bagan/manage_aktor', [...])
 6 SYSTEMPATH\CodeIgniter.php(941): App\Controllers\BaganController->manage()
 7 SYSTEMPATH\CodeIgniter.php(502): CodeIgniter\CodeIgniter->runController(Object(App\Controllers\BaganController))
 8 SYSTEMPATH\CodeIgniter.php(361): CodeIgniter\CodeIgniter->handleRequest(null, Object(Config\Cache), false)
 9 FCPATH\index.php(79): CodeIgniter\CodeIgniter->run()
INFO - 2024-07-05 08:11:15 --> Session: Class initialized using 'CodeIgniter\Session\Handlers\FileHandler' driver.
INFO - 2024-07-05 08:11:33 --> Session: Class initialized using 'CodeIgniter\Session\Handlers\FileHandler' driver.
INFO - 2024-07-05 08:11:33 --> Session: Class initialized using 'CodeIgniter\Session\Handlers\FileHandler' driver.
INFO - 2024-07-05 08:14:06 --> Session: Class initialized using 'CodeIgniter\Session\Handlers\FileHandler' driver.
INFO - 2024-07-05 08:14:14 --> Session: Class initialized using 'CodeIgniter\Session\Handlers\FileHandler' driver.
INFO - 2024-07-05 08:14:14 --> Session: Class initialized using 'CodeIgniter\Session\Handlers\FileHandler' driver.
INFO - 2024-07-05 08:14:36 --> Session: Class initialized using 'CodeIgniter\Session\Handlers\FileHandler' driver.
INFO - 2024-07-05 08:14:36 --> Session: Class initialized using 'CodeIgniter\Session\Handlers\FileHandler' driver.
INFO - 2024-07-05 08:16:26 --> Session: Class initialized using 'CodeIgniter\Session\Handlers\FileHandler' driver.
INFO - 2024-07-05 08:16:57 --> Session: Class initialized using 'CodeIgniter\Session\Handlers\FileHandler' driver.
INFO - 2024-07-05 08:16:57 --> Session: Class initialized using 'CodeIgniter\Session\Handlers\FileHandler' driver.
INFO - 2024-07-05 08:20:51 --> Session: Class initialized using 'CodeIgniter\Session\Handlers\FileHandler' driver.
INFO - 2024-07-05 08:20:52 --> Session: Class initialized using 'CodeIgniter\Session\Handlers\FileHandler' driver.
INFO - 2024-07-05 08:23:05 --> Session: Class initialized using 'CodeIgniter\Session\Handlers\FileHandler' driver.
CRITICAL - 2024-07-05 08:23:05 --> ErrorException: Undefined variable $next_urutan
in APPPATH\Views\bagan\manage_aktor.php on line 217.
 1 APPPATH\Views\bagan\manage_aktor.php(217): CodeIgniter\Debug\Exceptions->errorHandler(2, 'Undefined variable $next_urutan', 'C:\\wamp\\www\\e-sop\\app\\Views\\bagan\\manage_aktor.php', 217)
 2 SYSTEMPATH\View\View.php(228): include('C:\\wamp\\www\\e-sop\\app\\Views\\bagan\\manage_aktor.php')
 3 SYSTEMPATH\View\View.php(231): CodeIgniter\View\View->CodeIgniter\View\{closure}()
 4 SYSTEMPATH\Common.php(1178): CodeIgniter\View\View->render('bagan/manage_aktor', [], true)
 5 APPPATH\Controllers\BaganController.php(79): view('bagan/manage_aktor', [...])
 6 SYSTEMPATH\CodeIgniter.php(941): App\Controllers\BaganController->manage()
 7 SYSTEMPATH\CodeIgniter.php(502): CodeIgniter\CodeIgniter->runController(Object(App\Controllers\BaganController))
 8 SYSTEMPATH\CodeIgniter.php(361): CodeIgniter\CodeIgniter->handleRequest(null, Object(Config\Cache), false)
 9 FCPATH\index.php(79): CodeIgniter\CodeIgniter->run()
INFO - 2024-07-05 08:23:14 --> Session: Class initialized using 'CodeIgniter\Session\Handlers\FileHandler' driver.
INFO - 2024-07-05 08:23:14 --> Session: Class initialized using 'CodeIgniter\Session\Handlers\FileHandler' driver.
INFO - 2024-07-05 08:23:16 --> Session: Class initialized using 'CodeIgniter\Session\Handlers\FileHandler' driver.
CRITICAL - 2024-07-05 08:23:16 --> ErrorException: Undefined variable $next_urutan
in APPPATH\Views\bagan\manage_aktor.php on line 217.
 1 APPPATH\Views\bagan\manage_aktor.php(217): CodeIgniter\Debug\Exceptions->errorHandler(2, 'Undefined variable $next_urutan', 'C:\\wamp\\www\\e-sop\\app\\Views\\bagan\\manage_aktor.php', 217)
 2 SYSTEMPATH\View\View.php(228): include('C:\\wamp\\www\\e-sop\\app\\Views\\bagan\\manage_aktor.php')
 3 SYSTEMPATH\View\View.php(231): CodeIgniter\View\View->CodeIgniter\View\{closure}()
 4 SYSTEMPATH\Common.php(1178): CodeIgniter\View\View->render('bagan/manage_aktor', [], true)
 5 APPPATH\Controllers\BaganController.php(79): view('bagan/manage_aktor', [...])
 6 SYSTEMPATH\CodeIgniter.php(941): App\Controllers\BaganController->manage()
 7 SYSTEMPATH\CodeIgniter.php(502): CodeIgniter\CodeIgniter->runController(Object(App\Controllers\BaganController))
 8 SYSTEMPATH\CodeIgniter.php(361): CodeIgniter\CodeIgniter->handleRequest(null, Object(Config\Cache), false)
 9 FCPATH\index.php(79): CodeIgniter\CodeIgniter->run()
INFO - 2024-07-05 08:23:49 --> Session: Class initialized using 'CodeIgniter\Session\Handlers\FileHandler' driver.
INFO - 2024-07-05 08:23:52 --> Session: Class initialized using 'CodeIgniter\Session\Handlers\FileHandler' driver.
INFO - 2024-07-05 08:24:20 --> Session: Class initialized using 'CodeIgniter\Session\Handlers\FileHandler' driver.
INFO - 2024-07-05 08:24:33 --> Session: Class initialized using 'CodeIgniter\Session\Handlers\FileHandler' driver.
INFO - 2024-07-05 08:25:14 --> Session: Class initialized using 'CodeIgniter\Session\Handlers\FileHandler' driver.
INFO - 2024-07-05 08:25:15 --> Session: Class initialized using 'CodeIgniter\Session\Handlers\FileHandler' driver.
INFO - 2024-07-05 08:44:25 --> Session: Class initialized using 'CodeIgniter\Session\Handlers\FileHandler' driver.
INFO - 2024-07-05 08:44:36 --> Session: Class initialized using 'CodeIgniter\Session\Handlers\FileHandler' driver.
INFO - 2024-07-05 08:44:51 --> Session: Class initialized using 'CodeIgniter\Session\Handlers\FileHandler' driver.
INFO - 2024-07-05 08:47:24 --> Session: Class initialized using 'CodeIgniter\Session\Handlers\FileHandler' driver.
INFO - 2024-07-05 08:47:52 --> Session: Class initialized using 'CodeIgniter\Session\Handlers\FileHandler' driver.
INFO - 2024-07-05 09:09:28 --> Session: Class initialized using 'CodeIgniter\Session\Handlers\FileHandler' driver.
INFO - 2024-07-05 09:09:29 --> Session: Class initialized using 'CodeIgniter\Session\Handlers\FileHandler' driver.
INFO - 2024-07-05 09:09:41 --> Session: Class initialized using 'CodeIgniter\Session\Handlers\FileHandler' driver.
INFO - 2024-07-05 09:09:41 --> Session: Class initialized using 'CodeIgniter\Session\Handlers\FileHandler' driver.
