WARNING - 2025-11-17 20:06:43 --> [DEPRECATED] Creation of dynamic property App\Libraries\Recaptcha::$settings is deprecated in APPPATH\Libraries\Recaptcha.php on line 29.
 1 APPPATH\Controllers\HomeController.php(21): App\Libraries\Recaptcha->__construct()
 2 SYSTEMPATH\CodeIgniter.php(913): App\Controllers\HomeController->__construct()
 3 SYSTEMPATH\CodeIgniter.php(493): CodeIgniter\CodeIgniter->createController()
 4 SYSTEMPATH\CodeIgniter.php(361): CodeIgniter\CodeIgniter->handleRequest(null, Object(Config\Cache), false)
 5 FCPATH\index.php(79): CodeIgniter\CodeIgniter->run()
WARNING - 2025-11-17 20:06:43 --> [DEPRECATED] Creation of dynamic property App\Libraries\Recaptcha::$_siteKey is deprecated in APPPATH\Libraries\Recaptcha.php on line 31.
 1 APPPATH\Controllers\HomeController.php(21): App\Libraries\Recaptcha->__construct()
 2 SYSTEMPATH\CodeIgniter.php(913): App\Controllers\HomeController->__construct()
 3 SYSTEMPATH\CodeIgniter.php(493): CodeIgniter\CodeIgniter->createController()
 4 SYSTEMPATH\CodeIgniter.php(361): CodeIgniter\CodeIgniter->handleRequest(null, Object(Config\Cache), false)
 5 FCPATH\index.php(79): CodeIgniter\CodeIgniter->run()
WARNING - 2025-11-17 20:06:43 --> [DEPRECATED] Creation of dynamic property App\Libraries\Recaptcha::$_secretKey is deprecated in APPPATH\Libraries\Recaptcha.php on line 32.
 1 APPPATH\Controllers\HomeController.php(21): App\Libraries\Recaptcha->__construct()
 2 SYSTEMPATH\CodeIgniter.php(913): App\Controllers\HomeController->__construct()
 3 SYSTEMPATH\CodeIgniter.php(493): CodeIgniter\CodeIgniter->createController()
 4 SYSTEMPATH\CodeIgniter.php(361): CodeIgniter\CodeIgniter->handleRequest(null, Object(Config\Cache), false)
 5 FCPATH\index.php(79): CodeIgniter\CodeIgniter->run()
WARNING - 2025-11-17 20:06:43 --> [DEPRECATED] Creation of dynamic property App\Libraries\Recaptcha::$_language is deprecated in APPPATH\Libraries\Recaptcha.php on line 33.
 1 APPPATH\Controllers\HomeController.php(21): App\Libraries\Recaptcha->__construct()
 2 SYSTEMPATH\CodeIgniter.php(913): App\Controllers\HomeController->__construct()
 3 SYSTEMPATH\CodeIgniter.php(493): CodeIgniter\CodeIgniter->createController()
 4 SYSTEMPATH\CodeIgniter.php(361): CodeIgniter\CodeIgniter->handleRequest(null, Object(Config\Cache), false)
 5 FCPATH\index.php(79): CodeIgniter\CodeIgniter->run()
WARNING - 2025-11-17 20:06:54 --> [DEPRECATED] Creation of dynamic property App\Libraries\Recaptcha::$settings is deprecated in APPPATH\Libraries\Recaptcha.php on line 29.
 1 APPPATH\Controllers\HomeController.php(21): App\Libraries\Recaptcha->__construct()
 2 SYSTEMPATH\CodeIgniter.php(913): App\Controllers\HomeController->__construct()
 3 SYSTEMPATH\CodeIgniter.php(493): CodeIgniter\CodeIgniter->createController()
 4 SYSTEMPATH\CodeIgniter.php(361): CodeIgniter\CodeIgniter->handleRequest(null, Object(Config\Cache), false)
 5 FCPATH\index.php(79): CodeIgniter\CodeIgniter->run()
WARNING - 2025-11-17 20:06:54 --> [DEPRECATED] Creation of dynamic property App\Libraries\Recaptcha::$_siteKey is deprecated in APPPATH\Libraries\Recaptcha.php on line 31.
 1 APPPATH\Controllers\HomeController.php(21): App\Libraries\Recaptcha->__construct()
 2 SYSTEMPATH\CodeIgniter.php(913): App\Controllers\HomeController->__construct()
 3 SYSTEMPATH\CodeIgniter.php(493): CodeIgniter\CodeIgniter->createController()
 4 SYSTEMPATH\CodeIgniter.php(361): CodeIgniter\CodeIgniter->handleRequest(null, Object(Config\Cache), false)
 5 FCPATH\index.php(79): CodeIgniter\CodeIgniter->run()
WARNING - 2025-11-17 20:06:54 --> [DEPRECATED] Creation of dynamic property App\Libraries\Recaptcha::$_secretKey is deprecated in APPPATH\Libraries\Recaptcha.php on line 32.
 1 APPPATH\Controllers\HomeController.php(21): App\Libraries\Recaptcha->__construct()
 2 SYSTEMPATH\CodeIgniter.php(913): App\Controllers\HomeController->__construct()
 3 SYSTEMPATH\CodeIgniter.php(493): CodeIgniter\CodeIgniter->createController()
 4 SYSTEMPATH\CodeIgniter.php(361): CodeIgniter\CodeIgniter->handleRequest(null, Object(Config\Cache), false)
 5 FCPATH\index.php(79): CodeIgniter\CodeIgniter->run()
WARNING - 2025-11-17 20:06:54 --> [DEPRECATED] Creation of dynamic property App\Libraries\Recaptcha::$_language is deprecated in APPPATH\Libraries\Recaptcha.php on line 33.
 1 APPPATH\Controllers\HomeController.php(21): App\Libraries\Recaptcha->__construct()
 2 SYSTEMPATH\CodeIgniter.php(913): App\Controllers\HomeController->__construct()
 3 SYSTEMPATH\CodeIgniter.php(493): CodeIgniter\CodeIgniter->createController()
 4 SYSTEMPATH\CodeIgniter.php(361): CodeIgniter\CodeIgniter->handleRequest(null, Object(Config\Cache), false)
 5 FCPATH\index.php(79): CodeIgniter\CodeIgniter->run()
INFO - 2025-11-17 20:06:56 --> Session: Class initialized using 'CodeIgniter\Session\Handlers\FileHandler' driver.
WARNING - 2025-11-17 20:07:26 --> [DEPRECATED] Creation of dynamic property App\Libraries\Recaptcha::$settings is deprecated in APPPATH\Libraries\Recaptcha.php on line 29.
 1 APPPATH\Controllers\HomeController.php(21): App\Libraries\Recaptcha->__construct()
 2 SYSTEMPATH\CodeIgniter.php(913): App\Controllers\HomeController->__construct()
 3 SYSTEMPATH\CodeIgniter.php(493): CodeIgniter\CodeIgniter->createController()
 4 SYSTEMPATH\CodeIgniter.php(361): CodeIgniter\CodeIgniter->handleRequest(null, Object(Config\Cache), false)
 5 FCPATH\index.php(79): CodeIgniter\CodeIgniter->run()
WARNING - 2025-11-17 20:07:26 --> [DEPRECATED] Creation of dynamic property App\Libraries\Recaptcha::$_siteKey is deprecated in APPPATH\Libraries\Recaptcha.php on line 31.
 1 APPPATH\Controllers\HomeController.php(21): App\Libraries\Recaptcha->__construct()
 2 SYSTEMPATH\CodeIgniter.php(913): App\Controllers\HomeController->__construct()
 3 SYSTEMPATH\CodeIgniter.php(493): CodeIgniter\CodeIgniter->createController()
 4 SYSTEMPATH\CodeIgniter.php(361): CodeIgniter\CodeIgniter->handleRequest(null, Object(Config\Cache), false)
 5 FCPATH\index.php(79): CodeIgniter\CodeIgniter->run()
WARNING - 2025-11-17 20:07:26 --> [DEPRECATED] Creation of dynamic property App\Libraries\Recaptcha::$_secretKey is deprecated in APPPATH\Libraries\Recaptcha.php on line 32.
 1 APPPATH\Controllers\HomeController.php(21): App\Libraries\Recaptcha->__construct()
 2 SYSTEMPATH\CodeIgniter.php(913): App\Controllers\HomeController->__construct()
 3 SYSTEMPATH\CodeIgniter.php(493): CodeIgniter\CodeIgniter->createController()
 4 SYSTEMPATH\CodeIgniter.php(361): CodeIgniter\CodeIgniter->handleRequest(null, Object(Config\Cache), false)
 5 FCPATH\index.php(79): CodeIgniter\CodeIgniter->run()
WARNING - 2025-11-17 20:07:26 --> [DEPRECATED] Creation of dynamic property App\Libraries\Recaptcha::$_language is deprecated in APPPATH\Libraries\Recaptcha.php on line 33.
 1 APPPATH\Controllers\HomeController.php(21): App\Libraries\Recaptcha->__construct()
 2 SYSTEMPATH\CodeIgniter.php(913): App\Controllers\HomeController->__construct()
 3 SYSTEMPATH\CodeIgniter.php(493): CodeIgniter\CodeIgniter->createController()
 4 SYSTEMPATH\CodeIgniter.php(361): CodeIgniter\CodeIgniter->handleRequest(null, Object(Config\Cache), false)
 5 FCPATH\index.php(79): CodeIgniter\CodeIgniter->run()
WARNING - 2025-11-17 20:07:28 --> [DEPRECATED] Creation of dynamic property App\Libraries\Recaptcha::$settings is deprecated in APPPATH\Libraries\Recaptcha.php on line 29.
 1 APPPATH\Controllers\DitjenimController.php(22): App\Libraries\Recaptcha->__construct()
 2 SYSTEMPATH\CodeIgniter.php(913): App\Controllers\DitjenimController->__construct()
 3 SYSTEMPATH\CodeIgniter.php(493): CodeIgniter\CodeIgniter->createController()
 4 SYSTEMPATH\CodeIgniter.php(361): CodeIgniter\CodeIgniter->handleRequest(null, Object(Config\Cache), false)
 5 FCPATH\index.php(79): CodeIgniter\CodeIgniter->run()
WARNING - 2025-11-17 20:07:28 --> [DEPRECATED] Creation of dynamic property App\Libraries\Recaptcha::$_siteKey is deprecated in APPPATH\Libraries\Recaptcha.php on line 31.
 1 APPPATH\Controllers\DitjenimController.php(22): App\Libraries\Recaptcha->__construct()
 2 SYSTEMPATH\CodeIgniter.php(913): App\Controllers\DitjenimController->__construct()
 3 SYSTEMPATH\CodeIgniter.php(493): CodeIgniter\CodeIgniter->createController()
 4 SYSTEMPATH\CodeIgniter.php(361): CodeIgniter\CodeIgniter->handleRequest(null, Object(Config\Cache), false)
 5 FCPATH\index.php(79): CodeIgniter\CodeIgniter->run()
WARNING - 2025-11-17 20:07:28 --> [DEPRECATED] Creation of dynamic property App\Libraries\Recaptcha::$_secretKey is deprecated in APPPATH\Libraries\Recaptcha.php on line 32.
 1 APPPATH\Controllers\DitjenimController.php(22): App\Libraries\Recaptcha->__construct()
 2 SYSTEMPATH\CodeIgniter.php(913): App\Controllers\DitjenimController->__construct()
 3 SYSTEMPATH\CodeIgniter.php(493): CodeIgniter\CodeIgniter->createController()
 4 SYSTEMPATH\CodeIgniter.php(361): CodeIgniter\CodeIgniter->handleRequest(null, Object(Config\Cache), false)
 5 FCPATH\index.php(79): CodeIgniter\CodeIgniter->run()
WARNING - 2025-11-17 20:07:28 --> [DEPRECATED] Creation of dynamic property App\Libraries\Recaptcha::$_language is deprecated in APPPATH\Libraries\Recaptcha.php on line 33.
 1 APPPATH\Controllers\DitjenimController.php(22): App\Libraries\Recaptcha->__construct()
 2 SYSTEMPATH\CodeIgniter.php(913): App\Controllers\DitjenimController->__construct()
 3 SYSTEMPATH\CodeIgniter.php(493): CodeIgniter\CodeIgniter->createController()
 4 SYSTEMPATH\CodeIgniter.php(361): CodeIgniter\CodeIgniter->handleRequest(null, Object(Config\Cache), false)
 5 FCPATH\index.php(79): CodeIgniter\CodeIgniter->run()
INFO - 2025-11-17 20:07:29 --> Session: Class initialized using 'CodeIgniter\Session\Handlers\FileHandler' driver.
WARNING - 2025-11-17 20:07:49 --> [DEPRECATED] Creation of dynamic property App\Libraries\Recaptcha::$settings is deprecated in APPPATH\Libraries\Recaptcha.php on line 29.
 1 APPPATH\Controllers\DonorController.php(20): App\Libraries\Recaptcha->__construct()
 2 SYSTEMPATH\CodeIgniter.php(913): App\Controllers\DonorController->__construct()
 3 SYSTEMPATH\CodeIgniter.php(493): CodeIgniter\CodeIgniter->createController()
 4 SYSTEMPATH\CodeIgniter.php(361): CodeIgniter\CodeIgniter->handleRequest(null, Object(Config\Cache), false)
 5 FCPATH\index.php(79): CodeIgniter\CodeIgniter->run()
WARNING - 2025-11-17 20:07:49 --> [DEPRECATED] Creation of dynamic property App\Libraries\Recaptcha::$_siteKey is deprecated in APPPATH\Libraries\Recaptcha.php on line 31.
 1 APPPATH\Controllers\DonorController.php(20): App\Libraries\Recaptcha->__construct()
 2 SYSTEMPATH\CodeIgniter.php(913): App\Controllers\DonorController->__construct()
 3 SYSTEMPATH\CodeIgniter.php(493): CodeIgniter\CodeIgniter->createController()
 4 SYSTEMPATH\CodeIgniter.php(361): CodeIgniter\CodeIgniter->handleRequest(null, Object(Config\Cache), false)
 5 FCPATH\index.php(79): CodeIgniter\CodeIgniter->run()
WARNING - 2025-11-17 20:07:49 --> [DEPRECATED] Creation of dynamic property App\Libraries\Recaptcha::$_secretKey is deprecated in APPPATH\Libraries\Recaptcha.php on line 32.
 1 APPPATH\Controllers\DonorController.php(20): App\Libraries\Recaptcha->__construct()
 2 SYSTEMPATH\CodeIgniter.php(913): App\Controllers\DonorController->__construct()
 3 SYSTEMPATH\CodeIgniter.php(493): CodeIgniter\CodeIgniter->createController()
 4 SYSTEMPATH\CodeIgniter.php(361): CodeIgniter\CodeIgniter->handleRequest(null, Object(Config\Cache), false)
 5 FCPATH\index.php(79): CodeIgniter\CodeIgniter->run()
WARNING - 2025-11-17 20:07:49 --> [DEPRECATED] Creation of dynamic property App\Libraries\Recaptcha::$_language is deprecated in APPPATH\Libraries\Recaptcha.php on line 33.
 1 APPPATH\Controllers\DonorController.php(20): App\Libraries\Recaptcha->__construct()
 2 SYSTEMPATH\CodeIgniter.php(913): App\Controllers\DonorController->__construct()
 3 SYSTEMPATH\CodeIgniter.php(493): CodeIgniter\CodeIgniter->createController()
 4 SYSTEMPATH\CodeIgniter.php(361): CodeIgniter\CodeIgniter->handleRequest(null, Object(Config\Cache), false)
 5 FCPATH\index.php(79): CodeIgniter\CodeIgniter->run()
INFO - 2025-11-17 20:07:49 --> Session: Class initialized using 'CodeIgniter\Session\Handlers\FileHandler' driver.
WARNING - 2025-11-17 20:08:09 --> [DEPRECATED] Creation of dynamic property App\Libraries\Recaptcha::$settings is deprecated in APPPATH\Libraries\Recaptcha.php on line 29.
 1 APPPATH\Controllers\DonorController.php(20): App\Libraries\Recaptcha->__construct()
 2 SYSTEMPATH\CodeIgniter.php(913): App\Controllers\DonorController->__construct()
 3 SYSTEMPATH\CodeIgniter.php(493): CodeIgniter\CodeIgniter->createController()
 4 SYSTEMPATH\CodeIgniter.php(361): CodeIgniter\CodeIgniter->handleRequest(null, Object(Config\Cache), false)
 5 FCPATH\index.php(79): CodeIgniter\CodeIgniter->run()
WARNING - 2025-11-17 20:08:09 --> [DEPRECATED] Creation of dynamic property App\Libraries\Recaptcha::$_siteKey is deprecated in APPPATH\Libraries\Recaptcha.php on line 31.
 1 APPPATH\Controllers\DonorController.php(20): App\Libraries\Recaptcha->__construct()
 2 SYSTEMPATH\CodeIgniter.php(913): App\Controllers\DonorController->__construct()
 3 SYSTEMPATH\CodeIgniter.php(493): CodeIgniter\CodeIgniter->createController()
 4 SYSTEMPATH\CodeIgniter.php(361): CodeIgniter\CodeIgniter->handleRequest(null, Object(Config\Cache), false)
 5 FCPATH\index.php(79): CodeIgniter\CodeIgniter->run()
WARNING - 2025-11-17 20:08:09 --> [DEPRECATED] Creation of dynamic property App\Libraries\Recaptcha::$_secretKey is deprecated in APPPATH\Libraries\Recaptcha.php on line 32.
 1 APPPATH\Controllers\DonorController.php(20): App\Libraries\Recaptcha->__construct()
 2 SYSTEMPATH\CodeIgniter.php(913): App\Controllers\DonorController->__construct()
 3 SYSTEMPATH\CodeIgniter.php(493): CodeIgniter\CodeIgniter->createController()
 4 SYSTEMPATH\CodeIgniter.php(361): CodeIgniter\CodeIgniter->handleRequest(null, Object(Config\Cache), false)
 5 FCPATH\index.php(79): CodeIgniter\CodeIgniter->run()
WARNING - 2025-11-17 20:08:09 --> [DEPRECATED] Creation of dynamic property App\Libraries\Recaptcha::$_language is deprecated in APPPATH\Libraries\Recaptcha.php on line 33.
 1 APPPATH\Controllers\DonorController.php(20): App\Libraries\Recaptcha->__construct()
 2 SYSTEMPATH\CodeIgniter.php(913): App\Controllers\DonorController->__construct()
 3 SYSTEMPATH\CodeIgniter.php(493): CodeIgniter\CodeIgniter->createController()
 4 SYSTEMPATH\CodeIgniter.php(361): CodeIgniter\CodeIgniter->handleRequest(null, Object(Config\Cache), false)
 5 FCPATH\index.php(79): CodeIgniter\CodeIgniter->run()
WARNING - 2025-11-17 20:08:12 --> [DEPRECATED] Creation of dynamic property App\Libraries\Recaptcha::$settings is deprecated in APPPATH\Libraries\Recaptcha.php on line 29.
 1 APPPATH\Controllers\DonorController.php(20): App\Libraries\Recaptcha->__construct()
 2 SYSTEMPATH\CodeIgniter.php(913): App\Controllers\DonorController->__construct()
 3 SYSTEMPATH\CodeIgniter.php(493): CodeIgniter\CodeIgniter->createController()
 4 SYSTEMPATH\CodeIgniter.php(361): CodeIgniter\CodeIgniter->handleRequest(null, Object(Config\Cache), false)
 5 FCPATH\index.php(79): CodeIgniter\CodeIgniter->run()
WARNING - 2025-11-17 20:08:12 --> [DEPRECATED] Creation of dynamic property App\Libraries\Recaptcha::$_siteKey is deprecated in APPPATH\Libraries\Recaptcha.php on line 31.
 1 APPPATH\Controllers\DonorController.php(20): App\Libraries\Recaptcha->__construct()
 2 SYSTEMPATH\CodeIgniter.php(913): App\Controllers\DonorController->__construct()
 3 SYSTEMPATH\CodeIgniter.php(493): CodeIgniter\CodeIgniter->createController()
 4 SYSTEMPATH\CodeIgniter.php(361): CodeIgniter\CodeIgniter->handleRequest(null, Object(Config\Cache), false)
 5 FCPATH\index.php(79): CodeIgniter\CodeIgniter->run()
WARNING - 2025-11-17 20:08:12 --> [DEPRECATED] Creation of dynamic property App\Libraries\Recaptcha::$_secretKey is deprecated in APPPATH\Libraries\Recaptcha.php on line 32.
 1 APPPATH\Controllers\DonorController.php(20): App\Libraries\Recaptcha->__construct()
 2 SYSTEMPATH\CodeIgniter.php(913): App\Controllers\DonorController->__construct()
 3 SYSTEMPATH\CodeIgniter.php(493): CodeIgniter\CodeIgniter->createController()
 4 SYSTEMPATH\CodeIgniter.php(361): CodeIgniter\CodeIgniter->handleRequest(null, Object(Config\Cache), false)
 5 FCPATH\index.php(79): CodeIgniter\CodeIgniter->run()
WARNING - 2025-11-17 20:08:12 --> [DEPRECATED] Creation of dynamic property App\Libraries\Recaptcha::$_language is deprecated in APPPATH\Libraries\Recaptcha.php on line 33.
 1 APPPATH\Controllers\DonorController.php(20): App\Libraries\Recaptcha->__construct()
 2 SYSTEMPATH\CodeIgniter.php(913): App\Controllers\DonorController->__construct()
 3 SYSTEMPATH\CodeIgniter.php(493): CodeIgniter\CodeIgniter->createController()
 4 SYSTEMPATH\CodeIgniter.php(361): CodeIgniter\CodeIgniter->handleRequest(null, Object(Config\Cache), false)
 5 FCPATH\index.php(79): CodeIgniter\CodeIgniter->run()
WARNING - 2025-11-17 20:09:21 --> [DEPRECATED] Creation of dynamic property App\Libraries\Recaptcha::$settings is deprecated in APPPATH\Libraries\Recaptcha.php on line 29.
 1 APPPATH\Controllers\HomeController.php(21): App\Libraries\Recaptcha->__construct()
 2 SYSTEMPATH\CodeIgniter.php(913): App\Controllers\HomeController->__construct()
 3 SYSTEMPATH\CodeIgniter.php(493): CodeIgniter\CodeIgniter->createController()
 4 SYSTEMPATH\CodeIgniter.php(361): CodeIgniter\CodeIgniter->handleRequest(null, Object(Config\Cache), false)
 5 FCPATH\index.php(79): CodeIgniter\CodeIgniter->run()
WARNING - 2025-11-17 20:09:21 --> [DEPRECATED] Creation of dynamic property App\Libraries\Recaptcha::$_siteKey is deprecated in APPPATH\Libraries\Recaptcha.php on line 31.
 1 APPPATH\Controllers\HomeController.php(21): App\Libraries\Recaptcha->__construct()
 2 SYSTEMPATH\CodeIgniter.php(913): App\Controllers\HomeController->__construct()
 3 SYSTEMPATH\CodeIgniter.php(493): CodeIgniter\CodeIgniter->createController()
 4 SYSTEMPATH\CodeIgniter.php(361): CodeIgniter\CodeIgniter->handleRequest(null, Object(Config\Cache), false)
 5 FCPATH\index.php(79): CodeIgniter\CodeIgniter->run()
WARNING - 2025-11-17 20:09:21 --> [DEPRECATED] Creation of dynamic property App\Libraries\Recaptcha::$_secretKey is deprecated in APPPATH\Libraries\Recaptcha.php on line 32.
 1 APPPATH\Controllers\HomeController.php(21): App\Libraries\Recaptcha->__construct()
 2 SYSTEMPATH\CodeIgniter.php(913): App\Controllers\HomeController->__construct()
 3 SYSTEMPATH\CodeIgniter.php(493): CodeIgniter\CodeIgniter->createController()
 4 SYSTEMPATH\CodeIgniter.php(361): CodeIgniter\CodeIgniter->handleRequest(null, Object(Config\Cache), false)
 5 FCPATH\index.php(79): CodeIgniter\CodeIgniter->run()
WARNING - 2025-11-17 20:09:21 --> [DEPRECATED] Creation of dynamic property App\Libraries\Recaptcha::$_language is deprecated in APPPATH\Libraries\Recaptcha.php on line 33.
 1 APPPATH\Controllers\HomeController.php(21): App\Libraries\Recaptcha->__construct()
 2 SYSTEMPATH\CodeIgniter.php(913): App\Controllers\HomeController->__construct()
 3 SYSTEMPATH\CodeIgniter.php(493): CodeIgniter\CodeIgniter->createController()
 4 SYSTEMPATH\CodeIgniter.php(361): CodeIgniter\CodeIgniter->handleRequest(null, Object(Config\Cache), false)
 5 FCPATH\index.php(79): CodeIgniter\CodeIgniter->run()
WARNING - 2025-11-17 20:24:12 --> [DEPRECATED] Creation of dynamic property App\Libraries\Recaptcha::$settings is deprecated in APPPATH\Libraries\Recaptcha.php on line 29.
 1 APPPATH\Controllers\RegistController.php(15): App\Libraries\Recaptcha->__construct()
 2 SYSTEMPATH\CodeIgniter.php(913): App\Controllers\RegistController->__construct()
 3 SYSTEMPATH\CodeIgniter.php(493): CodeIgniter\CodeIgniter->createController()
 4 SYSTEMPATH\CodeIgniter.php(361): CodeIgniter\CodeIgniter->handleRequest(null, Object(Config\Cache), false)
 5 FCPATH\index.php(79): CodeIgniter\CodeIgniter->run()
WARNING - 2025-11-17 20:24:12 --> [DEPRECATED] Creation of dynamic property App\Libraries\Recaptcha::$_siteKey is deprecated in APPPATH\Libraries\Recaptcha.php on line 31.
 1 APPPATH\Controllers\RegistController.php(15): App\Libraries\Recaptcha->__construct()
 2 SYSTEMPATH\CodeIgniter.php(913): App\Controllers\RegistController->__construct()
 3 SYSTEMPATH\CodeIgniter.php(493): CodeIgniter\CodeIgniter->createController()
 4 SYSTEMPATH\CodeIgniter.php(361): CodeIgniter\CodeIgniter->handleRequest(null, Object(Config\Cache), false)
 5 FCPATH\index.php(79): CodeIgniter\CodeIgniter->run()
WARNING - 2025-11-17 20:24:12 --> [DEPRECATED] Creation of dynamic property App\Libraries\Recaptcha::$_secretKey is deprecated in APPPATH\Libraries\Recaptcha.php on line 32.
 1 APPPATH\Controllers\RegistController.php(15): App\Libraries\Recaptcha->__construct()
 2 SYSTEMPATH\CodeIgniter.php(913): App\Controllers\RegistController->__construct()
 3 SYSTEMPATH\CodeIgniter.php(493): CodeIgniter\CodeIgniter->createController()
 4 SYSTEMPATH\CodeIgniter.php(361): CodeIgniter\CodeIgniter->handleRequest(null, Object(Config\Cache), false)
 5 FCPATH\index.php(79): CodeIgniter\CodeIgniter->run()
WARNING - 2025-11-17 20:24:12 --> [DEPRECATED] Creation of dynamic property App\Libraries\Recaptcha::$_language is deprecated in APPPATH\Libraries\Recaptcha.php on line 33.
 1 APPPATH\Controllers\RegistController.php(15): App\Libraries\Recaptcha->__construct()
 2 SYSTEMPATH\CodeIgniter.php(913): App\Controllers\RegistController->__construct()
 3 SYSTEMPATH\CodeIgniter.php(493): CodeIgniter\CodeIgniter->createController()
 4 SYSTEMPATH\CodeIgniter.php(361): CodeIgniter\CodeIgniter->handleRequest(null, Object(Config\Cache), false)
 5 FCPATH\index.php(79): CodeIgniter\CodeIgniter->run()
INFO - 2025-11-17 20:24:12 --> Session: Class initialized using 'CodeIgniter\Session\Handlers\FileHandler' driver.
WARNING - 2025-11-17 20:25:52 --> [DEPRECATED] Creation of dynamic property App\Libraries\Recaptcha::$settings is deprecated in APPPATH\Libraries\Recaptcha.php on line 29.
 1 APPPATH\Controllers\RegistController.php(15): App\Libraries\Recaptcha->__construct()
 2 SYSTEMPATH\CodeIgniter.php(913): App\Controllers\RegistController->__construct()
 3 SYSTEMPATH\CodeIgniter.php(493): CodeIgniter\CodeIgniter->createController()
 4 SYSTEMPATH\CodeIgniter.php(361): CodeIgniter\CodeIgniter->handleRequest(null, Object(Config\Cache), false)
 5 FCPATH\index.php(79): CodeIgniter\CodeIgniter->run()
WARNING - 2025-11-17 20:25:52 --> [DEPRECATED] Creation of dynamic property App\Libraries\Recaptcha::$_siteKey is deprecated in APPPATH\Libraries\Recaptcha.php on line 31.
 1 APPPATH\Controllers\RegistController.php(15): App\Libraries\Recaptcha->__construct()
 2 SYSTEMPATH\CodeIgniter.php(913): App\Controllers\RegistController->__construct()
 3 SYSTEMPATH\CodeIgniter.php(493): CodeIgniter\CodeIgniter->createController()
 4 SYSTEMPATH\CodeIgniter.php(361): CodeIgniter\CodeIgniter->handleRequest(null, Object(Config\Cache), false)
 5 FCPATH\index.php(79): CodeIgniter\CodeIgniter->run()
WARNING - 2025-11-17 20:25:52 --> [DEPRECATED] Creation of dynamic property App\Libraries\Recaptcha::$_secretKey is deprecated in APPPATH\Libraries\Recaptcha.php on line 32.
 1 APPPATH\Controllers\RegistController.php(15): App\Libraries\Recaptcha->__construct()
 2 SYSTEMPATH\CodeIgniter.php(913): App\Controllers\RegistController->__construct()
 3 SYSTEMPATH\CodeIgniter.php(493): CodeIgniter\CodeIgniter->createController()
 4 SYSTEMPATH\CodeIgniter.php(361): CodeIgniter\CodeIgniter->handleRequest(null, Object(Config\Cache), false)
 5 FCPATH\index.php(79): CodeIgniter\CodeIgniter->run()
WARNING - 2025-11-17 20:25:52 --> [DEPRECATED] Creation of dynamic property App\Libraries\Recaptcha::$_language is deprecated in APPPATH\Libraries\Recaptcha.php on line 33.
 1 APPPATH\Controllers\RegistController.php(15): App\Libraries\Recaptcha->__construct()
 2 SYSTEMPATH\CodeIgniter.php(913): App\Controllers\RegistController->__construct()
 3 SYSTEMPATH\CodeIgniter.php(493): CodeIgniter\CodeIgniter->createController()
 4 SYSTEMPATH\CodeIgniter.php(361): CodeIgniter\CodeIgniter->handleRequest(null, Object(Config\Cache), false)
 5 FCPATH\index.php(79): CodeIgniter\CodeIgniter->run()
INFO - 2025-11-17 20:25:52 --> Session: Class initialized using 'CodeIgniter\Session\Handlers\FileHandler' driver.
WARNING - 2025-11-17 20:26:39 --> [DEPRECATED] Creation of dynamic property App\Libraries\Recaptcha::$settings is deprecated in APPPATH\Libraries\Recaptcha.php on line 29.
 1 APPPATH\Controllers\RegistController.php(15): App\Libraries\Recaptcha->__construct()
 2 SYSTEMPATH\CodeIgniter.php(913): App\Controllers\RegistController->__construct()
 3 SYSTEMPATH\CodeIgniter.php(493): CodeIgniter\CodeIgniter->createController()
 4 SYSTEMPATH\CodeIgniter.php(361): CodeIgniter\CodeIgniter->handleRequest(null, Object(Config\Cache), false)
 5 FCPATH\index.php(79): CodeIgniter\CodeIgniter->run()
WARNING - 2025-11-17 20:26:39 --> [DEPRECATED] Creation of dynamic property App\Libraries\Recaptcha::$_siteKey is deprecated in APPPATH\Libraries\Recaptcha.php on line 31.
 1 APPPATH\Controllers\RegistController.php(15): App\Libraries\Recaptcha->__construct()
 2 SYSTEMPATH\CodeIgniter.php(913): App\Controllers\RegistController->__construct()
 3 SYSTEMPATH\CodeIgniter.php(493): CodeIgniter\CodeIgniter->createController()
 4 SYSTEMPATH\CodeIgniter.php(361): CodeIgniter\CodeIgniter->handleRequest(null, Object(Config\Cache), false)
 5 FCPATH\index.php(79): CodeIgniter\CodeIgniter->run()
WARNING - 2025-11-17 20:26:39 --> [DEPRECATED] Creation of dynamic property App\Libraries\Recaptcha::$_secretKey is deprecated in APPPATH\Libraries\Recaptcha.php on line 32.
 1 APPPATH\Controllers\RegistController.php(15): App\Libraries\Recaptcha->__construct()
 2 SYSTEMPATH\CodeIgniter.php(913): App\Controllers\RegistController->__construct()
 3 SYSTEMPATH\CodeIgniter.php(493): CodeIgniter\CodeIgniter->createController()
 4 SYSTEMPATH\CodeIgniter.php(361): CodeIgniter\CodeIgniter->handleRequest(null, Object(Config\Cache), false)
 5 FCPATH\index.php(79): CodeIgniter\CodeIgniter->run()
WARNING - 2025-11-17 20:26:39 --> [DEPRECATED] Creation of dynamic property App\Libraries\Recaptcha::$_language is deprecated in APPPATH\Libraries\Recaptcha.php on line 33.
 1 APPPATH\Controllers\RegistController.php(15): App\Libraries\Recaptcha->__construct()
 2 SYSTEMPATH\CodeIgniter.php(913): App\Controllers\RegistController->__construct()
 3 SYSTEMPATH\CodeIgniter.php(493): CodeIgniter\CodeIgniter->createController()
 4 SYSTEMPATH\CodeIgniter.php(361): CodeIgniter\CodeIgniter->handleRequest(null, Object(Config\Cache), false)
 5 FCPATH\index.php(79): CodeIgniter\CodeIgniter->run()
INFO - 2025-11-17 20:26:39 --> Session: Class initialized using 'CodeIgniter\Session\Handlers\FileHandler' driver.
WARNING - 2025-11-17 20:26:52 --> [DEPRECATED] Creation of dynamic property App\Libraries\Recaptcha::$settings is deprecated in APPPATH\Libraries\Recaptcha.php on line 29.
 1 APPPATH\Controllers\RegistController.php(15): App\Libraries\Recaptcha->__construct()
 2 SYSTEMPATH\CodeIgniter.php(913): App\Controllers\RegistController->__construct()
 3 SYSTEMPATH\CodeIgniter.php(493): CodeIgniter\CodeIgniter->createController()
 4 SYSTEMPATH\CodeIgniter.php(361): CodeIgniter\CodeIgniter->handleRequest(null, Object(Config\Cache), false)
 5 FCPATH\index.php(79): CodeIgniter\CodeIgniter->run()
WARNING - 2025-11-17 20:26:52 --> [DEPRECATED] Creation of dynamic property App\Libraries\Recaptcha::$_siteKey is deprecated in APPPATH\Libraries\Recaptcha.php on line 31.
 1 APPPATH\Controllers\RegistController.php(15): App\Libraries\Recaptcha->__construct()
 2 SYSTEMPATH\CodeIgniter.php(913): App\Controllers\RegistController->__construct()
 3 SYSTEMPATH\CodeIgniter.php(493): CodeIgniter\CodeIgniter->createController()
 4 SYSTEMPATH\CodeIgniter.php(361): CodeIgniter\CodeIgniter->handleRequest(null, Object(Config\Cache), false)
 5 FCPATH\index.php(79): CodeIgniter\CodeIgniter->run()
WARNING - 2025-11-17 20:26:52 --> [DEPRECATED] Creation of dynamic property App\Libraries\Recaptcha::$_secretKey is deprecated in APPPATH\Libraries\Recaptcha.php on line 32.
 1 APPPATH\Controllers\RegistController.php(15): App\Libraries\Recaptcha->__construct()
 2 SYSTEMPATH\CodeIgniter.php(913): App\Controllers\RegistController->__construct()
 3 SYSTEMPATH\CodeIgniter.php(493): CodeIgniter\CodeIgniter->createController()
 4 SYSTEMPATH\CodeIgniter.php(361): CodeIgniter\CodeIgniter->handleRequest(null, Object(Config\Cache), false)
 5 FCPATH\index.php(79): CodeIgniter\CodeIgniter->run()
WARNING - 2025-11-17 20:26:52 --> [DEPRECATED] Creation of dynamic property App\Libraries\Recaptcha::$_language is deprecated in APPPATH\Libraries\Recaptcha.php on line 33.
 1 APPPATH\Controllers\RegistController.php(15): App\Libraries\Recaptcha->__construct()
 2 SYSTEMPATH\CodeIgniter.php(913): App\Controllers\RegistController->__construct()
 3 SYSTEMPATH\CodeIgniter.php(493): CodeIgniter\CodeIgniter->createController()
 4 SYSTEMPATH\CodeIgniter.php(361): CodeIgniter\CodeIgniter->handleRequest(null, Object(Config\Cache), false)
 5 FCPATH\index.php(79): CodeIgniter\CodeIgniter->run()
INFO - 2025-11-17 20:26:52 --> Session: Class initialized using 'CodeIgniter\Session\Handlers\FileHandler' driver.
WARNING - 2025-11-17 20:28:07 --> [DEPRECATED] Creation of dynamic property App\Libraries\Recaptcha::$settings is deprecated in APPPATH\Libraries\Recaptcha.php on line 29.
 1 APPPATH\Controllers\RegistController.php(15): App\Libraries\Recaptcha->__construct()
 2 SYSTEMPATH\CodeIgniter.php(913): App\Controllers\RegistController->__construct()
 3 SYSTEMPATH\CodeIgniter.php(493): CodeIgniter\CodeIgniter->createController()
 4 SYSTEMPATH\CodeIgniter.php(361): CodeIgniter\CodeIgniter->handleRequest(null, Object(Config\Cache), false)
 5 FCPATH\index.php(79): CodeIgniter\CodeIgniter->run()
WARNING - 2025-11-17 20:28:07 --> [DEPRECATED] Creation of dynamic property App\Libraries\Recaptcha::$_siteKey is deprecated in APPPATH\Libraries\Recaptcha.php on line 31.
 1 APPPATH\Controllers\RegistController.php(15): App\Libraries\Recaptcha->__construct()
 2 SYSTEMPATH\CodeIgniter.php(913): App\Controllers\RegistController->__construct()
 3 SYSTEMPATH\CodeIgniter.php(493): CodeIgniter\CodeIgniter->createController()
 4 SYSTEMPATH\CodeIgniter.php(361): CodeIgniter\CodeIgniter->handleRequest(null, Object(Config\Cache), false)
 5 FCPATH\index.php(79): CodeIgniter\CodeIgniter->run()
WARNING - 2025-11-17 20:28:07 --> [DEPRECATED] Creation of dynamic property App\Libraries\Recaptcha::$_secretKey is deprecated in APPPATH\Libraries\Recaptcha.php on line 32.
 1 APPPATH\Controllers\RegistController.php(15): App\Libraries\Recaptcha->__construct()
 2 SYSTEMPATH\CodeIgniter.php(913): App\Controllers\RegistController->__construct()
 3 SYSTEMPATH\CodeIgniter.php(493): CodeIgniter\CodeIgniter->createController()
 4 SYSTEMPATH\CodeIgniter.php(361): CodeIgniter\CodeIgniter->handleRequest(null, Object(Config\Cache), false)
 5 FCPATH\index.php(79): CodeIgniter\CodeIgniter->run()
WARNING - 2025-11-17 20:28:07 --> [DEPRECATED] Creation of dynamic property App\Libraries\Recaptcha::$_language is deprecated in APPPATH\Libraries\Recaptcha.php on line 33.
 1 APPPATH\Controllers\RegistController.php(15): App\Libraries\Recaptcha->__construct()
 2 SYSTEMPATH\CodeIgniter.php(913): App\Controllers\RegistController->__construct()
 3 SYSTEMPATH\CodeIgniter.php(493): CodeIgniter\CodeIgniter->createController()
 4 SYSTEMPATH\CodeIgniter.php(361): CodeIgniter\CodeIgniter->handleRequest(null, Object(Config\Cache), false)
 5 FCPATH\index.php(79): CodeIgniter\CodeIgniter->run()
INFO - 2025-11-17 20:28:07 --> Session: Class initialized using 'CodeIgniter\Session\Handlers\FileHandler' driver.
WARNING - 2025-11-17 20:28:42 --> [DEPRECATED] Creation of dynamic property App\Libraries\Recaptcha::$settings is deprecated in APPPATH\Libraries\Recaptcha.php on line 29.
 1 APPPATH\Controllers\RegistController.php(15): App\Libraries\Recaptcha->__construct()
 2 SYSTEMPATH\CodeIgniter.php(913): App\Controllers\RegistController->__construct()
 3 SYSTEMPATH\CodeIgniter.php(493): CodeIgniter\CodeIgniter->createController()
 4 SYSTEMPATH\CodeIgniter.php(361): CodeIgniter\CodeIgniter->handleRequest(null, Object(Config\Cache), false)
 5 FCPATH\index.php(79): CodeIgniter\CodeIgniter->run()
WARNING - 2025-11-17 20:28:42 --> [DEPRECATED] Creation of dynamic property App\Libraries\Recaptcha::$_siteKey is deprecated in APPPATH\Libraries\Recaptcha.php on line 31.
 1 APPPATH\Controllers\RegistController.php(15): App\Libraries\Recaptcha->__construct()
 2 SYSTEMPATH\CodeIgniter.php(913): App\Controllers\RegistController->__construct()
 3 SYSTEMPATH\CodeIgniter.php(493): CodeIgniter\CodeIgniter->createController()
 4 SYSTEMPATH\CodeIgniter.php(361): CodeIgniter\CodeIgniter->handleRequest(null, Object(Config\Cache), false)
 5 FCPATH\index.php(79): CodeIgniter\CodeIgniter->run()
WARNING - 2025-11-17 20:28:42 --> [DEPRECATED] Creation of dynamic property App\Libraries\Recaptcha::$_secretKey is deprecated in APPPATH\Libraries\Recaptcha.php on line 32.
 1 APPPATH\Controllers\RegistController.php(15): App\Libraries\Recaptcha->__construct()
 2 SYSTEMPATH\CodeIgniter.php(913): App\Controllers\RegistController->__construct()
 3 SYSTEMPATH\CodeIgniter.php(493): CodeIgniter\CodeIgniter->createController()
 4 SYSTEMPATH\CodeIgniter.php(361): CodeIgniter\CodeIgniter->handleRequest(null, Object(Config\Cache), false)
 5 FCPATH\index.php(79): CodeIgniter\CodeIgniter->run()
WARNING - 2025-11-17 20:28:42 --> [DEPRECATED] Creation of dynamic property App\Libraries\Recaptcha::$_language is deprecated in APPPATH\Libraries\Recaptcha.php on line 33.
 1 APPPATH\Controllers\RegistController.php(15): App\Libraries\Recaptcha->__construct()
 2 SYSTEMPATH\CodeIgniter.php(913): App\Controllers\RegistController->__construct()
 3 SYSTEMPATH\CodeIgniter.php(493): CodeIgniter\CodeIgniter->createController()
 4 SYSTEMPATH\CodeIgniter.php(361): CodeIgniter\CodeIgniter->handleRequest(null, Object(Config\Cache), false)
 5 FCPATH\index.php(79): CodeIgniter\CodeIgniter->run()
INFO - 2025-11-17 20:28:42 --> Session: Class initialized using 'CodeIgniter\Session\Handlers\FileHandler' driver.
WARNING - 2025-11-17 20:31:49 --> [DEPRECATED] Creation of dynamic property App\Libraries\Recaptcha::$settings is deprecated in APPPATH\Libraries\Recaptcha.php on line 29.
 1 APPPATH\Controllers\RegistController.php(15): App\Libraries\Recaptcha->__construct()
 2 SYSTEMPATH\CodeIgniter.php(913): App\Controllers\RegistController->__construct()
 3 SYSTEMPATH\CodeIgniter.php(493): CodeIgniter\CodeIgniter->createController()
 4 SYSTEMPATH\CodeIgniter.php(361): CodeIgniter\CodeIgniter->handleRequest(null, Object(Config\Cache), false)
 5 FCPATH\index.php(79): CodeIgniter\CodeIgniter->run()
WARNING - 2025-11-17 20:31:49 --> [DEPRECATED] Creation of dynamic property App\Libraries\Recaptcha::$_siteKey is deprecated in APPPATH\Libraries\Recaptcha.php on line 31.
 1 APPPATH\Controllers\RegistController.php(15): App\Libraries\Recaptcha->__construct()
 2 SYSTEMPATH\CodeIgniter.php(913): App\Controllers\RegistController->__construct()
 3 SYSTEMPATH\CodeIgniter.php(493): CodeIgniter\CodeIgniter->createController()
 4 SYSTEMPATH\CodeIgniter.php(361): CodeIgniter\CodeIgniter->handleRequest(null, Object(Config\Cache), false)
 5 FCPATH\index.php(79): CodeIgniter\CodeIgniter->run()
WARNING - 2025-11-17 20:31:49 --> [DEPRECATED] Creation of dynamic property App\Libraries\Recaptcha::$_secretKey is deprecated in APPPATH\Libraries\Recaptcha.php on line 32.
 1 APPPATH\Controllers\RegistController.php(15): App\Libraries\Recaptcha->__construct()
 2 SYSTEMPATH\CodeIgniter.php(913): App\Controllers\RegistController->__construct()
 3 SYSTEMPATH\CodeIgniter.php(493): CodeIgniter\CodeIgniter->createController()
 4 SYSTEMPATH\CodeIgniter.php(361): CodeIgniter\CodeIgniter->handleRequest(null, Object(Config\Cache), false)
 5 FCPATH\index.php(79): CodeIgniter\CodeIgniter->run()
WARNING - 2025-11-17 20:31:49 --> [DEPRECATED] Creation of dynamic property App\Libraries\Recaptcha::$_language is deprecated in APPPATH\Libraries\Recaptcha.php on line 33.
 1 APPPATH\Controllers\RegistController.php(15): App\Libraries\Recaptcha->__construct()
 2 SYSTEMPATH\CodeIgniter.php(913): App\Controllers\RegistController->__construct()
 3 SYSTEMPATH\CodeIgniter.php(493): CodeIgniter\CodeIgniter->createController()
 4 SYSTEMPATH\CodeIgniter.php(361): CodeIgniter\CodeIgniter->handleRequest(null, Object(Config\Cache), false)
 5 FCPATH\index.php(79): CodeIgniter\CodeIgniter->run()
INFO - 2025-11-17 20:31:49 --> Session: Class initialized using 'CodeIgniter\Session\Handlers\FileHandler' driver.
WARNING - 2025-11-17 20:35:25 --> [DEPRECATED] Creation of dynamic property App\Libraries\Recaptcha::$settings is deprecated in APPPATH\Libraries\Recaptcha.php on line 29.
 1 APPPATH\Controllers\RegistController.php(15): App\Libraries\Recaptcha->__construct()
 2 SYSTEMPATH\CodeIgniter.php(913): App\Controllers\RegistController->__construct()
 3 SYSTEMPATH\CodeIgniter.php(493): CodeIgniter\CodeIgniter->createController()
 4 SYSTEMPATH\CodeIgniter.php(361): CodeIgniter\CodeIgniter->handleRequest(null, Object(Config\Cache), false)
 5 FCPATH\index.php(79): CodeIgniter\CodeIgniter->run()
WARNING - 2025-11-17 20:35:25 --> [DEPRECATED] Creation of dynamic property App\Libraries\Recaptcha::$_siteKey is deprecated in APPPATH\Libraries\Recaptcha.php on line 31.
 1 APPPATH\Controllers\RegistController.php(15): App\Libraries\Recaptcha->__construct()
 2 SYSTEMPATH\CodeIgniter.php(913): App\Controllers\RegistController->__construct()
 3 SYSTEMPATH\CodeIgniter.php(493): CodeIgniter\CodeIgniter->createController()
 4 SYSTEMPATH\CodeIgniter.php(361): CodeIgniter\CodeIgniter->handleRequest(null, Object(Config\Cache), false)
 5 FCPATH\index.php(79): CodeIgniter\CodeIgniter->run()
WARNING - 2025-11-17 20:35:25 --> [DEPRECATED] Creation of dynamic property App\Libraries\Recaptcha::$_secretKey is deprecated in APPPATH\Libraries\Recaptcha.php on line 32.
 1 APPPATH\Controllers\RegistController.php(15): App\Libraries\Recaptcha->__construct()
 2 SYSTEMPATH\CodeIgniter.php(913): App\Controllers\RegistController->__construct()
 3 SYSTEMPATH\CodeIgniter.php(493): CodeIgniter\CodeIgniter->createController()
 4 SYSTEMPATH\CodeIgniter.php(361): CodeIgniter\CodeIgniter->handleRequest(null, Object(Config\Cache), false)
 5 FCPATH\index.php(79): CodeIgniter\CodeIgniter->run()
WARNING - 2025-11-17 20:35:25 --> [DEPRECATED] Creation of dynamic property App\Libraries\Recaptcha::$_language is deprecated in APPPATH\Libraries\Recaptcha.php on line 33.
 1 APPPATH\Controllers\RegistController.php(15): App\Libraries\Recaptcha->__construct()
 2 SYSTEMPATH\CodeIgniter.php(913): App\Controllers\RegistController->__construct()
 3 SYSTEMPATH\CodeIgniter.php(493): CodeIgniter\CodeIgniter->createController()
 4 SYSTEMPATH\CodeIgniter.php(361): CodeIgniter\CodeIgniter->handleRequest(null, Object(Config\Cache), false)
 5 FCPATH\index.php(79): CodeIgniter\CodeIgniter->run()
INFO - 2025-11-17 20:35:25 --> Session: Class initialized using 'CodeIgniter\Session\Handlers\FileHandler' driver.
WARNING - 2025-11-17 20:37:04 --> [DEPRECATED] Creation of dynamic property App\Libraries\Recaptcha::$settings is deprecated in APPPATH\Libraries\Recaptcha.php on line 29.
 1 APPPATH\Controllers\RegistController.php(15): App\Libraries\Recaptcha->__construct()
 2 SYSTEMPATH\CodeIgniter.php(913): App\Controllers\RegistController->__construct()
 3 SYSTEMPATH\CodeIgniter.php(493): CodeIgniter\CodeIgniter->createController()
 4 SYSTEMPATH\CodeIgniter.php(361): CodeIgniter\CodeIgniter->handleRequest(null, Object(Config\Cache), false)
 5 FCPATH\index.php(79): CodeIgniter\CodeIgniter->run()
WARNING - 2025-11-17 20:37:04 --> [DEPRECATED] Creation of dynamic property App\Libraries\Recaptcha::$_siteKey is deprecated in APPPATH\Libraries\Recaptcha.php on line 31.
 1 APPPATH\Controllers\RegistController.php(15): App\Libraries\Recaptcha->__construct()
 2 SYSTEMPATH\CodeIgniter.php(913): App\Controllers\RegistController->__construct()
 3 SYSTEMPATH\CodeIgniter.php(493): CodeIgniter\CodeIgniter->createController()
 4 SYSTEMPATH\CodeIgniter.php(361): CodeIgniter\CodeIgniter->handleRequest(null, Object(Config\Cache), false)
 5 FCPATH\index.php(79): CodeIgniter\CodeIgniter->run()
WARNING - 2025-11-17 20:37:04 --> [DEPRECATED] Creation of dynamic property App\Libraries\Recaptcha::$_secretKey is deprecated in APPPATH\Libraries\Recaptcha.php on line 32.
 1 APPPATH\Controllers\RegistController.php(15): App\Libraries\Recaptcha->__construct()
 2 SYSTEMPATH\CodeIgniter.php(913): App\Controllers\RegistController->__construct()
 3 SYSTEMPATH\CodeIgniter.php(493): CodeIgniter\CodeIgniter->createController()
 4 SYSTEMPATH\CodeIgniter.php(361): CodeIgniter\CodeIgniter->handleRequest(null, Object(Config\Cache), false)
 5 FCPATH\index.php(79): CodeIgniter\CodeIgniter->run()
WARNING - 2025-11-17 20:37:04 --> [DEPRECATED] Creation of dynamic property App\Libraries\Recaptcha::$_language is deprecated in APPPATH\Libraries\Recaptcha.php on line 33.
 1 APPPATH\Controllers\RegistController.php(15): App\Libraries\Recaptcha->__construct()
 2 SYSTEMPATH\CodeIgniter.php(913): App\Controllers\RegistController->__construct()
 3 SYSTEMPATH\CodeIgniter.php(493): CodeIgniter\CodeIgniter->createController()
 4 SYSTEMPATH\CodeIgniter.php(361): CodeIgniter\CodeIgniter->handleRequest(null, Object(Config\Cache), false)
 5 FCPATH\index.php(79): CodeIgniter\CodeIgniter->run()
INFO - 2025-11-17 20:37:04 --> Session: Class initialized using 'CodeIgniter\Session\Handlers\FileHandler' driver.
WARNING - 2025-11-17 20:38:04 --> [DEPRECATED] Creation of dynamic property App\Libraries\Recaptcha::$settings is deprecated in APPPATH\Libraries\Recaptcha.php on line 29.
 1 APPPATH\Controllers\RegistController.php(15): App\Libraries\Recaptcha->__construct()
 2 SYSTEMPATH\CodeIgniter.php(913): App\Controllers\RegistController->__construct()
 3 SYSTEMPATH\CodeIgniter.php(493): CodeIgniter\CodeIgniter->createController()
 4 SYSTEMPATH\CodeIgniter.php(361): CodeIgniter\CodeIgniter->handleRequest(null, Object(Config\Cache), false)
 5 FCPATH\index.php(79): CodeIgniter\CodeIgniter->run()
WARNING - 2025-11-17 20:38:04 --> [DEPRECATED] Creation of dynamic property App\Libraries\Recaptcha::$_siteKey is deprecated in APPPATH\Libraries\Recaptcha.php on line 31.
 1 APPPATH\Controllers\RegistController.php(15): App\Libraries\Recaptcha->__construct()
 2 SYSTEMPATH\CodeIgniter.php(913): App\Controllers\RegistController->__construct()
 3 SYSTEMPATH\CodeIgniter.php(493): CodeIgniter\CodeIgniter->createController()
 4 SYSTEMPATH\CodeIgniter.php(361): CodeIgniter\CodeIgniter->handleRequest(null, Object(Config\Cache), false)
 5 FCPATH\index.php(79): CodeIgniter\CodeIgniter->run()
WARNING - 2025-11-17 20:38:04 --> [DEPRECATED] Creation of dynamic property App\Libraries\Recaptcha::$_secretKey is deprecated in APPPATH\Libraries\Recaptcha.php on line 32.
 1 APPPATH\Controllers\RegistController.php(15): App\Libraries\Recaptcha->__construct()
 2 SYSTEMPATH\CodeIgniter.php(913): App\Controllers\RegistController->__construct()
 3 SYSTEMPATH\CodeIgniter.php(493): CodeIgniter\CodeIgniter->createController()
 4 SYSTEMPATH\CodeIgniter.php(361): CodeIgniter\CodeIgniter->handleRequest(null, Object(Config\Cache), false)
 5 FCPATH\index.php(79): CodeIgniter\CodeIgniter->run()
WARNING - 2025-11-17 20:38:04 --> [DEPRECATED] Creation of dynamic property App\Libraries\Recaptcha::$_language is deprecated in APPPATH\Libraries\Recaptcha.php on line 33.
 1 APPPATH\Controllers\RegistController.php(15): App\Libraries\Recaptcha->__construct()
 2 SYSTEMPATH\CodeIgniter.php(913): App\Controllers\RegistController->__construct()
 3 SYSTEMPATH\CodeIgniter.php(493): CodeIgniter\CodeIgniter->createController()
 4 SYSTEMPATH\CodeIgniter.php(361): CodeIgniter\CodeIgniter->handleRequest(null, Object(Config\Cache), false)
 5 FCPATH\index.php(79): CodeIgniter\CodeIgniter->run()
INFO - 2025-11-17 20:38:04 --> Session: Class initialized using 'CodeIgniter\Session\Handlers\FileHandler' driver.
