INFO - 2024-07-10 09:20:04 --> Session: Class initialized using 'CodeIgniter\Session\Handlers\FileHandler' driver.
ERROR - 2024-07-10 09:20:59 --> mysqli_sql_exception: Table 'papsmear.v_peserta' doesn't exist in C:\wamp\www\papsmear\system\Database\MySQLi\Connection.php:306
Stack trace:
#0 C:\wamp\www\papsmear\system\Database\MySQLi\Connection.php(306): mysqli->query('SELECT *\nFROM `...', 0)
#1 C:\wamp\www\papsmear\system\Database\BaseConnection.php(693): CodeIgniter\Database\MySQLi\Connection->execute('SELECT *\nFROM `...')
#2 C:\wamp\www\papsmear\system\Database\BaseConnection.php(607): CodeIgniter\Database\BaseConnection->simpleQuery('SELECT *\nFROM `...')
#3 C:\wamp\www\papsmear\system\Database\BaseBuilder.php(1616): CodeIgniter\Database\BaseConnection->query('SELECT *\nFROM `...', Array, false)
#4 C:\wamp\www\papsmear\app\Models\Peserta.php(62): CodeIgniter\Database\BaseBuilder->get()
#5 C:\wamp\www\papsmear\app\Controllers\HomeController.php(226): App\Models\Peserta->getRekap(NULL)
#6 C:\wamp\www\papsmear\system\CodeIgniter.php(941): App\Controllers\HomeController->getRekap()
#7 C:\wamp\www\papsmear\system\CodeIgniter.php(502): CodeIgniter\CodeIgniter->runController(Object(App\Controllers\HomeController))
#8 C:\wamp\www\papsmear\system\CodeIgniter.php(361): CodeIgniter\CodeIgniter->handleRequest(NULL, Object(Config\Cache), false)
#9 C:\wamp\www\papsmear\public\index.php(79): CodeIgniter\CodeIgniter->run()
#10 {main}
CRITICAL - 2024-07-10 09:20:59 --> CodeIgniter\Database\Exceptions\DatabaseException: Table 'papsmear.v_peserta' doesn't exist
in SYSTEMPATH\Database\BaseConnection.php on line 647.
 1 SYSTEMPATH\Database\BaseBuilder.php(1616): CodeIgniter\Database\BaseConnection->query('SELECT *
FROM `v_peserta`
WHERE `jadwal_id` IS NULL', [], false)
 2 APPPATH\Models\Peserta.php(62): CodeIgniter\Database\BaseBuilder->get()
 3 APPPATH\Controllers\HomeController.php(226): App\Models\Peserta->getRekap(null)
 4 SYSTEMPATH\CodeIgniter.php(941): App\Controllers\HomeController->getRekap()
 5 SYSTEMPATH\CodeIgniter.php(502): CodeIgniter\CodeIgniter->runController(Object(App\Controllers\HomeController))
 6 SYSTEMPATH\CodeIgniter.php(361): CodeIgniter\CodeIgniter->handleRequest(null, Object(Config\Cache), false)
 7 FCPATH\index.php(79): CodeIgniter\CodeIgniter->run()
CRITICAL - 2024-07-10 09:20:59 --> [Caused by] CodeIgniter\Database\Exceptions\DatabaseException: Table 'papsmear.v_peserta' doesn't exist
in SYSTEMPATH\Database\MySQLi\Connection.php on line 311.
 1 SYSTEMPATH\Database\BaseConnection.php(693): CodeIgniter\Database\MySQLi\Connection->execute('SELECT *
FROM `v_peserta`
WHERE `jadwal_id` IS NULL')
 2 SYSTEMPATH\Database\BaseConnection.php(607): CodeIgniter\Database\BaseConnection->simpleQuery('SELECT *
FROM `v_peserta`
WHERE `jadwal_id` IS NULL')
 3 SYSTEMPATH\Database\BaseBuilder.php(1616): CodeIgniter\Database\BaseConnection->query('SELECT *
FROM `v_peserta`
WHERE `jadwal_id` IS NULL', [], false)
 4 APPPATH\Models\Peserta.php(62): CodeIgniter\Database\BaseBuilder->get()
 5 APPPATH\Controllers\HomeController.php(226): App\Models\Peserta->getRekap(null)
 6 SYSTEMPATH\CodeIgniter.php(941): App\Controllers\HomeController->getRekap()
 7 SYSTEMPATH\CodeIgniter.php(502): CodeIgniter\CodeIgniter->runController(Object(App\Controllers\HomeController))
 8 SYSTEMPATH\CodeIgniter.php(361): CodeIgniter\CodeIgniter->handleRequest(null, Object(Config\Cache), false)
 9 FCPATH\index.php(79): CodeIgniter\CodeIgniter->run()
CRITICAL - 2024-07-10 09:20:59 --> [Caused by] mysqli_sql_exception: Table 'papsmear.v_peserta' doesn't exist
in SYSTEMPATH\Database\MySQLi\Connection.php on line 306.
 1 SYSTEMPATH\Database\MySQLi\Connection.php(306): mysqli->query('SELECT *
FROM `v_peserta`
WHERE `jadwal_id` IS NULL', 0)
 2 SYSTEMPATH\Database\BaseConnection.php(693): CodeIgniter\Database\MySQLi\Connection->execute('SELECT *
FROM `v_peserta`
WHERE `jadwal_id` IS NULL')
 3 SYSTEMPATH\Database\BaseConnection.php(607): CodeIgniter\Database\BaseConnection->simpleQuery('SELECT *
FROM `v_peserta`
WHERE `jadwal_id` IS NULL')
 4 SYSTEMPATH\Database\BaseBuilder.php(1616): CodeIgniter\Database\BaseConnection->query('SELECT *
FROM `v_peserta`
WHERE `jadwal_id` IS NULL', [], false)
 5 APPPATH\Models\Peserta.php(62): CodeIgniter\Database\BaseBuilder->get()
 6 APPPATH\Controllers\HomeController.php(226): App\Models\Peserta->getRekap(null)
 7 SYSTEMPATH\CodeIgniter.php(941): App\Controllers\HomeController->getRekap()
 8 SYSTEMPATH\CodeIgniter.php(502): CodeIgniter\CodeIgniter->runController(Object(App\Controllers\HomeController))
 9 SYSTEMPATH\CodeIgniter.php(361): CodeIgniter\CodeIgniter->handleRequest(null, Object(Config\Cache), false)
10 FCPATH\index.php(79): CodeIgniter\CodeIgniter->run()
INFO - 2024-07-10 09:46:38 --> Session: Class initialized using 'CodeIgniter\Session\Handlers\FileHandler' driver.
INFO - 2024-07-10 09:47:15 --> Session: Class initialized using 'CodeIgniter\Session\Handlers\FileHandler' driver.
INFO - 2024-07-10 09:47:15 --> Session: Class initialized using 'CodeIgniter\Session\Handlers\FileHandler' driver.
INFO - 2024-07-10 09:48:02 --> Session: Class initialized using 'CodeIgniter\Session\Handlers\FileHandler' driver.
INFO - 2024-07-10 09:48:03 --> Session: Class initialized using 'CodeIgniter\Session\Handlers\FileHandler' driver.
INFO - 2024-07-10 15:40:51 --> Session: Class initialized using 'CodeIgniter\Session\Handlers\FileHandler' driver.
