WARNING - 2026-03-05 16:23:44 --> [DEPRECATED] Creation of dynamic property App\Libraries\Recaptcha::$settings is deprecated in APPPATH\Libraries\Recaptcha.php on line 29.
 1 APPPATH\Controllers\RegistController.php(28): App\Libraries\Recaptcha->__construct()
 2 SYSTEMPATH\CodeIgniter.php(913): App\Controllers\RegistController->__construct()
 3 SYSTEMPATH\CodeIgniter.php(493): CodeIgniter\CodeIgniter->createController()
 4 SYSTEMPATH\CodeIgniter.php(361): CodeIgniter\CodeIgniter->handleRequest(null, Object(Config\Cache), false)
 5 FCPATH\index.php(79): CodeIgniter\CodeIgniter->run()
WARNING - 2026-03-05 16:23:44 --> [DEPRECATED] Creation of dynamic property App\Libraries\Recaptcha::$_siteKey is deprecated in APPPATH\Libraries\Recaptcha.php on line 31.
 1 APPPATH\Controllers\RegistController.php(28): App\Libraries\Recaptcha->__construct()
 2 SYSTEMPATH\CodeIgniter.php(913): App\Controllers\RegistController->__construct()
 3 SYSTEMPATH\CodeIgniter.php(493): CodeIgniter\CodeIgniter->createController()
 4 SYSTEMPATH\CodeIgniter.php(361): CodeIgniter\CodeIgniter->handleRequest(null, Object(Config\Cache), false)
 5 FCPATH\index.php(79): CodeIgniter\CodeIgniter->run()
WARNING - 2026-03-05 16:23:45 --> [DEPRECATED] Creation of dynamic property App\Libraries\Recaptcha::$_secretKey is deprecated in APPPATH\Libraries\Recaptcha.php on line 32.
 1 APPPATH\Controllers\RegistController.php(28): App\Libraries\Recaptcha->__construct()
 2 SYSTEMPATH\CodeIgniter.php(913): App\Controllers\RegistController->__construct()
 3 SYSTEMPATH\CodeIgniter.php(493): CodeIgniter\CodeIgniter->createController()
 4 SYSTEMPATH\CodeIgniter.php(361): CodeIgniter\CodeIgniter->handleRequest(null, Object(Config\Cache), false)
 5 FCPATH\index.php(79): CodeIgniter\CodeIgniter->run()
WARNING - 2026-03-05 16:23:45 --> [DEPRECATED] Creation of dynamic property App\Libraries\Recaptcha::$_language is deprecated in APPPATH\Libraries\Recaptcha.php on line 33.
 1 APPPATH\Controllers\RegistController.php(28): App\Libraries\Recaptcha->__construct()
 2 SYSTEMPATH\CodeIgniter.php(913): App\Controllers\RegistController->__construct()
 3 SYSTEMPATH\CodeIgniter.php(493): CodeIgniter\CodeIgniter->createController()
 4 SYSTEMPATH\CodeIgniter.php(361): CodeIgniter\CodeIgniter->handleRequest(null, Object(Config\Cache), false)
 5 FCPATH\index.php(79): CodeIgniter\CodeIgniter->run()
INFO - 2026-03-05 16:23:45 --> Session: Class initialized using 'CodeIgniter\Session\Handlers\FileHandler' driver.
WARNING - 2026-03-05 19:57:45 --> [DEPRECATED] Creation of dynamic property App\Libraries\Recaptcha::$settings is deprecated in APPPATH\Libraries\Recaptcha.php on line 29.
 1 APPPATH\Controllers\RegistController.php(28): App\Libraries\Recaptcha->__construct()
 2 SYSTEMPATH\CodeIgniter.php(913): App\Controllers\RegistController->__construct()
 3 SYSTEMPATH\CodeIgniter.php(493): CodeIgniter\CodeIgniter->createController()
 4 SYSTEMPATH\CodeIgniter.php(361): CodeIgniter\CodeIgniter->handleRequest(null, Object(Config\Cache), false)
 5 FCPATH\index.php(79): CodeIgniter\CodeIgniter->run()
WARNING - 2026-03-05 19:57:45 --> [DEPRECATED] Creation of dynamic property App\Libraries\Recaptcha::$_siteKey is deprecated in APPPATH\Libraries\Recaptcha.php on line 31.
 1 APPPATH\Controllers\RegistController.php(28): App\Libraries\Recaptcha->__construct()
 2 SYSTEMPATH\CodeIgniter.php(913): App\Controllers\RegistController->__construct()
 3 SYSTEMPATH\CodeIgniter.php(493): CodeIgniter\CodeIgniter->createController()
 4 SYSTEMPATH\CodeIgniter.php(361): CodeIgniter\CodeIgniter->handleRequest(null, Object(Config\Cache), false)
 5 FCPATH\index.php(79): CodeIgniter\CodeIgniter->run()
WARNING - 2026-03-05 19:57:45 --> [DEPRECATED] Creation of dynamic property App\Libraries\Recaptcha::$_secretKey is deprecated in APPPATH\Libraries\Recaptcha.php on line 32.
 1 APPPATH\Controllers\RegistController.php(28): App\Libraries\Recaptcha->__construct()
 2 SYSTEMPATH\CodeIgniter.php(913): App\Controllers\RegistController->__construct()
 3 SYSTEMPATH\CodeIgniter.php(493): CodeIgniter\CodeIgniter->createController()
 4 SYSTEMPATH\CodeIgniter.php(361): CodeIgniter\CodeIgniter->handleRequest(null, Object(Config\Cache), false)
 5 FCPATH\index.php(79): CodeIgniter\CodeIgniter->run()
WARNING - 2026-03-05 19:57:45 --> [DEPRECATED] Creation of dynamic property App\Libraries\Recaptcha::$_language is deprecated in APPPATH\Libraries\Recaptcha.php on line 33.
 1 APPPATH\Controllers\RegistController.php(28): App\Libraries\Recaptcha->__construct()
 2 SYSTEMPATH\CodeIgniter.php(913): App\Controllers\RegistController->__construct()
 3 SYSTEMPATH\CodeIgniter.php(493): CodeIgniter\CodeIgniter->createController()
 4 SYSTEMPATH\CodeIgniter.php(361): CodeIgniter\CodeIgniter->handleRequest(null, Object(Config\Cache), false)
 5 FCPATH\index.php(79): CodeIgniter\CodeIgniter->run()
INFO - 2026-03-05 19:57:45 --> Session: Class initialized using 'CodeIgniter\Session\Handlers\FileHandler' driver.
CRITICAL - 2026-03-05 19:57:45 --> Error: Class "App\Models\Sd" not found
in APPPATH\Controllers\RegistController.php on line 45.
 1 SYSTEMPATH\CodeIgniter.php(941): App\Controllers\RegistController->index()
 2 SYSTEMPATH\CodeIgniter.php(502): CodeIgniter\CodeIgniter->runController(Object(App\Controllers\RegistController))
 3 SYSTEMPATH\CodeIgniter.php(361): CodeIgniter\CodeIgniter->handleRequest(null, Object(Config\Cache), false)
 4 FCPATH\index.php(79): CodeIgniter\CodeIgniter->run()
WARNING - 2026-03-05 19:58:12 --> [DEPRECATED] Creation of dynamic property App\Libraries\Recaptcha::$settings is deprecated in APPPATH\Libraries\Recaptcha.php on line 29.
 1 APPPATH\Controllers\RegistController.php(27): App\Libraries\Recaptcha->__construct()
 2 SYSTEMPATH\CodeIgniter.php(913): App\Controllers\RegistController->__construct()
 3 SYSTEMPATH\CodeIgniter.php(493): CodeIgniter\CodeIgniter->createController()
 4 SYSTEMPATH\CodeIgniter.php(361): CodeIgniter\CodeIgniter->handleRequest(null, Object(Config\Cache), false)
 5 FCPATH\index.php(79): CodeIgniter\CodeIgniter->run()
WARNING - 2026-03-05 19:58:12 --> [DEPRECATED] Creation of dynamic property App\Libraries\Recaptcha::$_siteKey is deprecated in APPPATH\Libraries\Recaptcha.php on line 31.
 1 APPPATH\Controllers\RegistController.php(27): App\Libraries\Recaptcha->__construct()
 2 SYSTEMPATH\CodeIgniter.php(913): App\Controllers\RegistController->__construct()
 3 SYSTEMPATH\CodeIgniter.php(493): CodeIgniter\CodeIgniter->createController()
 4 SYSTEMPATH\CodeIgniter.php(361): CodeIgniter\CodeIgniter->handleRequest(null, Object(Config\Cache), false)
 5 FCPATH\index.php(79): CodeIgniter\CodeIgniter->run()
WARNING - 2026-03-05 19:58:12 --> [DEPRECATED] Creation of dynamic property App\Libraries\Recaptcha::$_secretKey is deprecated in APPPATH\Libraries\Recaptcha.php on line 32.
 1 APPPATH\Controllers\RegistController.php(27): App\Libraries\Recaptcha->__construct()
 2 SYSTEMPATH\CodeIgniter.php(913): App\Controllers\RegistController->__construct()
 3 SYSTEMPATH\CodeIgniter.php(493): CodeIgniter\CodeIgniter->createController()
 4 SYSTEMPATH\CodeIgniter.php(361): CodeIgniter\CodeIgniter->handleRequest(null, Object(Config\Cache), false)
 5 FCPATH\index.php(79): CodeIgniter\CodeIgniter->run()
WARNING - 2026-03-05 19:58:12 --> [DEPRECATED] Creation of dynamic property App\Libraries\Recaptcha::$_language is deprecated in APPPATH\Libraries\Recaptcha.php on line 33.
 1 APPPATH\Controllers\RegistController.php(27): App\Libraries\Recaptcha->__construct()
 2 SYSTEMPATH\CodeIgniter.php(913): App\Controllers\RegistController->__construct()
 3 SYSTEMPATH\CodeIgniter.php(493): CodeIgniter\CodeIgniter->createController()
 4 SYSTEMPATH\CodeIgniter.php(361): CodeIgniter\CodeIgniter->handleRequest(null, Object(Config\Cache), false)
 5 FCPATH\index.php(79): CodeIgniter\CodeIgniter->run()
INFO - 2026-03-05 19:58:12 --> Session: Class initialized using 'CodeIgniter\Session\Handlers\FileHandler' driver.
CRITICAL - 2026-03-05 19:58:12 --> ErrorException: Undefined variable $jumlah_warnai
in APPPATH\Views\home_sktt.php on line 118.
 1 APPPATH\Views\home_sktt.php(118): CodeIgniter\Debug\Exceptions->errorHandler(2, 'Undefined variable $jumlah_warnai', 'C:\\wamp64\\www\\regist-sktt\\app\\Views\\home_sktt.php', 118)
 2 SYSTEMPATH\View\View.php(228): include('C:\\wamp64\\www\\regist-sktt\\app\\Views\\home_sktt.php')
 3 SYSTEMPATH\View\View.php(231): CodeIgniter\View\View->CodeIgniter\View\{closure}()
 4 SYSTEMPATH\Common.php(1178): CodeIgniter\View\View->render('home_sktt', [], true)
 5 APPPATH\Controllers\RegistController.php(48): view('home_sktt', [...])
 6 SYSTEMPATH\CodeIgniter.php(941): App\Controllers\RegistController->index()
 7 SYSTEMPATH\CodeIgniter.php(502): CodeIgniter\CodeIgniter->runController(Object(App\Controllers\RegistController))
 8 SYSTEMPATH\CodeIgniter.php(361): CodeIgniter\CodeIgniter->handleRequest(null, Object(Config\Cache), false)
 9 FCPATH\index.php(79): CodeIgniter\CodeIgniter->run()
WARNING - 2026-03-05 20:01:09 --> [DEPRECATED] Creation of dynamic property App\Libraries\Recaptcha::$settings is deprecated in APPPATH\Libraries\Recaptcha.php on line 29.
 1 APPPATH\Controllers\RegistController.php(27): App\Libraries\Recaptcha->__construct()
 2 SYSTEMPATH\CodeIgniter.php(913): App\Controllers\RegistController->__construct()
 3 SYSTEMPATH\CodeIgniter.php(493): CodeIgniter\CodeIgniter->createController()
 4 SYSTEMPATH\CodeIgniter.php(361): CodeIgniter\CodeIgniter->handleRequest(null, Object(Config\Cache), false)
 5 FCPATH\index.php(79): CodeIgniter\CodeIgniter->run()
WARNING - 2026-03-05 20:01:09 --> [DEPRECATED] Creation of dynamic property App\Libraries\Recaptcha::$_siteKey is deprecated in APPPATH\Libraries\Recaptcha.php on line 31.
 1 APPPATH\Controllers\RegistController.php(27): App\Libraries\Recaptcha->__construct()
 2 SYSTEMPATH\CodeIgniter.php(913): App\Controllers\RegistController->__construct()
 3 SYSTEMPATH\CodeIgniter.php(493): CodeIgniter\CodeIgniter->createController()
 4 SYSTEMPATH\CodeIgniter.php(361): CodeIgniter\CodeIgniter->handleRequest(null, Object(Config\Cache), false)
 5 FCPATH\index.php(79): CodeIgniter\CodeIgniter->run()
WARNING - 2026-03-05 20:01:09 --> [DEPRECATED] Creation of dynamic property App\Libraries\Recaptcha::$_secretKey is deprecated in APPPATH\Libraries\Recaptcha.php on line 32.
 1 APPPATH\Controllers\RegistController.php(27): App\Libraries\Recaptcha->__construct()
 2 SYSTEMPATH\CodeIgniter.php(913): App\Controllers\RegistController->__construct()
 3 SYSTEMPATH\CodeIgniter.php(493): CodeIgniter\CodeIgniter->createController()
 4 SYSTEMPATH\CodeIgniter.php(361): CodeIgniter\CodeIgniter->handleRequest(null, Object(Config\Cache), false)
 5 FCPATH\index.php(79): CodeIgniter\CodeIgniter->run()
WARNING - 2026-03-05 20:01:09 --> [DEPRECATED] Creation of dynamic property App\Libraries\Recaptcha::$_language is deprecated in APPPATH\Libraries\Recaptcha.php on line 33.
 1 APPPATH\Controllers\RegistController.php(27): App\Libraries\Recaptcha->__construct()
 2 SYSTEMPATH\CodeIgniter.php(913): App\Controllers\RegistController->__construct()
 3 SYSTEMPATH\CodeIgniter.php(493): CodeIgniter\CodeIgniter->createController()
 4 SYSTEMPATH\CodeIgniter.php(361): CodeIgniter\CodeIgniter->handleRequest(null, Object(Config\Cache), false)
 5 FCPATH\index.php(79): CodeIgniter\CodeIgniter->run()
INFO - 2026-03-05 20:01:09 --> Session: Class initialized using 'CodeIgniter\Session\Handlers\FileHandler' driver.
WARNING - 2026-03-05 20:01:34 --> [DEPRECATED] Creation of dynamic property App\Libraries\Recaptcha::$settings is deprecated in APPPATH\Libraries\Recaptcha.php on line 29.
 1 APPPATH\Controllers\RegistController.php(27): App\Libraries\Recaptcha->__construct()
 2 SYSTEMPATH\CodeIgniter.php(913): App\Controllers\RegistController->__construct()
 3 SYSTEMPATH\CodeIgniter.php(493): CodeIgniter\CodeIgniter->createController()
 4 SYSTEMPATH\CodeIgniter.php(361): CodeIgniter\CodeIgniter->handleRequest(null, Object(Config\Cache), false)
 5 FCPATH\index.php(79): CodeIgniter\CodeIgniter->run()
WARNING - 2026-03-05 20:01:34 --> [DEPRECATED] Creation of dynamic property App\Libraries\Recaptcha::$_siteKey is deprecated in APPPATH\Libraries\Recaptcha.php on line 31.
 1 APPPATH\Controllers\RegistController.php(27): App\Libraries\Recaptcha->__construct()
 2 SYSTEMPATH\CodeIgniter.php(913): App\Controllers\RegistController->__construct()
 3 SYSTEMPATH\CodeIgniter.php(493): CodeIgniter\CodeIgniter->createController()
 4 SYSTEMPATH\CodeIgniter.php(361): CodeIgniter\CodeIgniter->handleRequest(null, Object(Config\Cache), false)
 5 FCPATH\index.php(79): CodeIgniter\CodeIgniter->run()
WARNING - 2026-03-05 20:01:34 --> [DEPRECATED] Creation of dynamic property App\Libraries\Recaptcha::$_secretKey is deprecated in APPPATH\Libraries\Recaptcha.php on line 32.
 1 APPPATH\Controllers\RegistController.php(27): App\Libraries\Recaptcha->__construct()
 2 SYSTEMPATH\CodeIgniter.php(913): App\Controllers\RegistController->__construct()
 3 SYSTEMPATH\CodeIgniter.php(493): CodeIgniter\CodeIgniter->createController()
 4 SYSTEMPATH\CodeIgniter.php(361): CodeIgniter\CodeIgniter->handleRequest(null, Object(Config\Cache), false)
 5 FCPATH\index.php(79): CodeIgniter\CodeIgniter->run()
WARNING - 2026-03-05 20:01:34 --> [DEPRECATED] Creation of dynamic property App\Libraries\Recaptcha::$_language is deprecated in APPPATH\Libraries\Recaptcha.php on line 33.
 1 APPPATH\Controllers\RegistController.php(27): App\Libraries\Recaptcha->__construct()
 2 SYSTEMPATH\CodeIgniter.php(913): App\Controllers\RegistController->__construct()
 3 SYSTEMPATH\CodeIgniter.php(493): CodeIgniter\CodeIgniter->createController()
 4 SYSTEMPATH\CodeIgniter.php(361): CodeIgniter\CodeIgniter->handleRequest(null, Object(Config\Cache), false)
 5 FCPATH\index.php(79): CodeIgniter\CodeIgniter->run()
INFO - 2026-03-05 20:01:34 --> Session: Class initialized using 'CodeIgniter\Session\Handlers\FileHandler' driver.
WARNING - 2026-03-05 20:05:06 --> [DEPRECATED] Creation of dynamic property App\Libraries\Recaptcha::$settings is deprecated in APPPATH\Libraries\Recaptcha.php on line 29.
 1 APPPATH\Controllers\RegistController.php(27): App\Libraries\Recaptcha->__construct()
 2 SYSTEMPATH\CodeIgniter.php(913): App\Controllers\RegistController->__construct()
 3 SYSTEMPATH\CodeIgniter.php(493): CodeIgniter\CodeIgniter->createController()
 4 SYSTEMPATH\CodeIgniter.php(361): CodeIgniter\CodeIgniter->handleRequest(null, Object(Config\Cache), false)
 5 FCPATH\index.php(79): CodeIgniter\CodeIgniter->run()
WARNING - 2026-03-05 20:05:06 --> [DEPRECATED] Creation of dynamic property App\Libraries\Recaptcha::$_siteKey is deprecated in APPPATH\Libraries\Recaptcha.php on line 31.
 1 APPPATH\Controllers\RegistController.php(27): App\Libraries\Recaptcha->__construct()
 2 SYSTEMPATH\CodeIgniter.php(913): App\Controllers\RegistController->__construct()
 3 SYSTEMPATH\CodeIgniter.php(493): CodeIgniter\CodeIgniter->createController()
 4 SYSTEMPATH\CodeIgniter.php(361): CodeIgniter\CodeIgniter->handleRequest(null, Object(Config\Cache), false)
 5 FCPATH\index.php(79): CodeIgniter\CodeIgniter->run()
WARNING - 2026-03-05 20:05:06 --> [DEPRECATED] Creation of dynamic property App\Libraries\Recaptcha::$_secretKey is deprecated in APPPATH\Libraries\Recaptcha.php on line 32.
 1 APPPATH\Controllers\RegistController.php(27): App\Libraries\Recaptcha->__construct()
 2 SYSTEMPATH\CodeIgniter.php(913): App\Controllers\RegistController->__construct()
 3 SYSTEMPATH\CodeIgniter.php(493): CodeIgniter\CodeIgniter->createController()
 4 SYSTEMPATH\CodeIgniter.php(361): CodeIgniter\CodeIgniter->handleRequest(null, Object(Config\Cache), false)
 5 FCPATH\index.php(79): CodeIgniter\CodeIgniter->run()
WARNING - 2026-03-05 20:05:06 --> [DEPRECATED] Creation of dynamic property App\Libraries\Recaptcha::$_language is deprecated in APPPATH\Libraries\Recaptcha.php on line 33.
 1 APPPATH\Controllers\RegistController.php(27): App\Libraries\Recaptcha->__construct()
 2 SYSTEMPATH\CodeIgniter.php(913): App\Controllers\RegistController->__construct()
 3 SYSTEMPATH\CodeIgniter.php(493): CodeIgniter\CodeIgniter->createController()
 4 SYSTEMPATH\CodeIgniter.php(361): CodeIgniter\CodeIgniter->handleRequest(null, Object(Config\Cache), false)
 5 FCPATH\index.php(79): CodeIgniter\CodeIgniter->run()
INFO - 2026-03-05 20:05:07 --> Session: Class initialized using 'CodeIgniter\Session\Handlers\FileHandler' driver.
