INFO - 2024-07-02 02:28:28 --> Session: Class initialized using 'CodeIgniter\Session\Handlers\FileHandler' driver.
INFO - 2024-07-02 02:30:33 --> Session: Class initialized using 'CodeIgniter\Session\Handlers\FileHandler' driver.
INFO - 2024-07-02 04:30:05 --> Session: Class initialized using 'CodeIgniter\Session\Handlers\FileHandler' driver.
INFO - 2024-07-02 04:30:05 --> Session: Class initialized using 'CodeIgniter\Session\Handlers\FileHandler' driver.
INFO - 2024-07-02 04:30:06 --> Session: Class initialized using 'CodeIgniter\Session\Handlers\FileHandler' driver.
INFO - 2024-07-02 04:30:10 --> Session: Class initialized using 'CodeIgniter\Session\Handlers\FileHandler' driver.
INFO - 2024-07-02 04:30:23 --> Session: Class initialized using 'CodeIgniter\Session\Handlers\FileHandler' driver.
INFO - 2024-07-02 04:30:24 --> Session: Class initialized using 'CodeIgniter\Session\Handlers\FileHandler' driver.
INFO - 2024-07-02 04:30:25 --> Session: Class initialized using 'CodeIgniter\Session\Handlers\FileHandler' driver.
INFO - 2024-07-02 04:31:32 --> Session: Class initialized using 'CodeIgniter\Session\Handlers\FileHandler' driver.
INFO - 2024-07-02 04:35:40 --> Session: Class initialized using 'CodeIgniter\Session\Handlers\FileHandler' driver.
INFO - 2024-07-02 04:51:58 --> Session: Class initialized using 'CodeIgniter\Session\Handlers\FileHandler' driver.
INFO - 2024-07-02 05:18:54 --> Session: Class initialized using 'CodeIgniter\Session\Handlers\FileHandler' driver.
INFO - 2024-07-02 06:10:50 --> Session: Class initialized using 'CodeIgniter\Session\Handlers\FileHandler' driver.
CRITICAL - 2024-07-02 06:33:19 --> ErrorException: Undefined array key "kegiatan"
in APPPATH\Views\bagan\cetak_alt.php on line 157.
 1 APPPATH\Views\bagan\cetak_alt.php(157): CodeIgniter\Debug\Exceptions->errorHandler(2, 'Undefined array key "kegiatan"', 'C:\\wamp\\www\\e-sop\\app\\Views\\bagan\\cetak_alt.php', 157)
 2 SYSTEMPATH\View\View.php(228): include('C:\\wamp\\www\\e-sop\\app\\Views\\bagan\\cetak_alt.php')
 3 SYSTEMPATH\View\View.php(231): CodeIgniter\View\View->CodeIgniter\View\{closure}()
 4 SYSTEMPATH\Common.php(1178): CodeIgniter\View\View->render('bagan/cetak_alt', [], true)
 5 APPPATH\Controllers\CetakController.php(45): view('bagan/cetak_alt', [...])
 6 SYSTEMPATH\CodeIgniter.php(941): App\Controllers\CetakController->bagan()
 7 SYSTEMPATH\CodeIgniter.php(502): CodeIgniter\CodeIgniter->runController(Object(App\Controllers\CetakController))
 8 SYSTEMPATH\CodeIgniter.php(361): CodeIgniter\CodeIgniter->handleRequest(null, Object(Config\Cache), false)
 9 FCPATH\index.php(79): CodeIgniter\CodeIgniter->run()
CRITICAL - 2024-07-02 06:40:29 --> ErrorException: Undefined array key "kelengkapan"
in APPPATH\Views\bagan\cetak_alt.php on line 175.
 1 APPPATH\Views\bagan\cetak_alt.php(175): CodeIgniter\Debug\Exceptions->errorHandler(2, 'Undefined array key "kelengkapan"', 'C:\\wamp\\www\\e-sop\\app\\Views\\bagan\\cetak_alt.php', 175)
 2 SYSTEMPATH\View\View.php(228): include('C:\\wamp\\www\\e-sop\\app\\Views\\bagan\\cetak_alt.php')
 3 SYSTEMPATH\View\View.php(231): CodeIgniter\View\View->CodeIgniter\View\{closure}()
 4 SYSTEMPATH\Common.php(1178): CodeIgniter\View\View->render('bagan/cetak_alt', [], true)
 5 APPPATH\Controllers\CetakController.php(45): view('bagan/cetak_alt', [...])
 6 SYSTEMPATH\CodeIgniter.php(941): App\Controllers\CetakController->bagan()
 7 SYSTEMPATH\CodeIgniter.php(502): CodeIgniter\CodeIgniter->runController(Object(App\Controllers\CetakController))
 8 SYSTEMPATH\CodeIgniter.php(361): CodeIgniter\CodeIgniter->handleRequest(null, Object(Config\Cache), false)
 9 FCPATH\index.php(79): CodeIgniter\CodeIgniter->run()
CRITICAL - 2024-07-02 06:47:44 --> ErrorException: Undefined variable $rowBagan
in APPPATH\Views\bagan\cetak_alt.php on line 161.
 1 APPPATH\Views\bagan\cetak_alt.php(161): CodeIgniter\Debug\Exceptions->errorHandler(2, 'Undefined variable $rowBagan', 'C:\\wamp\\www\\e-sop\\app\\Views\\bagan\\cetak_alt.php', 161)
 2 SYSTEMPATH\View\View.php(228): include('C:\\wamp\\www\\e-sop\\app\\Views\\bagan\\cetak_alt.php')
 3 SYSTEMPATH\View\View.php(231): CodeIgniter\View\View->CodeIgniter\View\{closure}()
 4 SYSTEMPATH\Common.php(1178): CodeIgniter\View\View->render('bagan/cetak_alt', [], true)
 5 APPPATH\Controllers\CetakController.php(45): view('bagan/cetak_alt', [...])
 6 SYSTEMPATH\CodeIgniter.php(941): App\Controllers\CetakController->bagan()
 7 SYSTEMPATH\CodeIgniter.php(502): CodeIgniter\CodeIgniter->runController(Object(App\Controllers\CetakController))
 8 SYSTEMPATH\CodeIgniter.php(361): CodeIgniter\CodeIgniter->handleRequest(null, Object(Config\Cache), false)
 9 FCPATH\index.php(79): CodeIgniter\CodeIgniter->run()
INFO - 2024-07-02 08:07:22 --> Session: Class initialized using 'CodeIgniter\Session\Handlers\FileHandler' driver.
CRITICAL - 2024-07-02 08:37:11 --> ErrorException: Undefined variable $arrGantiLamanMinSatu
in APPPATH\Views\bagan\cetak_alt.php on line 34.
 1 APPPATH\Views\bagan\cetak_alt.php(34): CodeIgniter\Debug\Exceptions->errorHandler(2, 'Undefined variable $arrGantiLamanMinSatu', 'C:\\wamp\\www\\e-sop\\app\\Views\\bagan\\cetak_alt.php', 34)
 2 SYSTEMPATH\View\View.php(228): include('C:\\wamp\\www\\e-sop\\app\\Views\\bagan\\cetak_alt.php')
 3 SYSTEMPATH\View\View.php(231): CodeIgniter\View\View->CodeIgniter\View\{closure}()
 4 SYSTEMPATH\Common.php(1178): CodeIgniter\View\View->render('bagan/cetak_alt', [], true)
 5 APPPATH\Controllers\CetakController.php(51): view('bagan/cetak_alt', [...])
 6 SYSTEMPATH\CodeIgniter.php(941): App\Controllers\CetakController->bagan()
 7 SYSTEMPATH\CodeIgniter.php(502): CodeIgniter\CodeIgniter->runController(Object(App\Controllers\CetakController))
 8 SYSTEMPATH\CodeIgniter.php(361): CodeIgniter\CodeIgniter->handleRequest(null, Object(Config\Cache), false)
 9 FCPATH\index.php(79): CodeIgniter\CodeIgniter->run()
INFO - 2024-07-02 08:49:08 --> Session: Class initialized using 'CodeIgniter\Session\Handlers\FileHandler' driver.
INFO - 2024-07-02 08:53:19 --> Session: Class initialized using 'CodeIgniter\Session\Handlers\FileHandler' driver.
