ERROR - 2024-06-20 02:05:21 --> Error connecting to the database: mysqli_sql_exception: A connection attempt failed because the connected party did not properly respond after a period of time, or established connection failed because connected host has failed to respond in C:\wamp\www\e-sop\system\Database\MySQLi\Connection.php:185
Stack trace:
#0 C:\wamp\www\e-sop\system\Database\MySQLi\Connection.php(185): mysqli->real_connect('172.16.1.123', 'develop', 'Kumham#2024!', 'esop', 3306, '', 0)
#1 C:\wamp\www\e-sop\system\Database\BaseConnection.php(392): CodeIgniter\Database\MySQLi\Connection->connect(false)
#2 C:\wamp\www\e-sop\system\Database\BaseConnection.php(575): CodeIgniter\Database\BaseConnection->initialize()
#3 C:\wamp\www\e-sop\system\Database\BaseBuilder.php(1616): CodeIgniter\Database\BaseConnection->query('SELECT `id`, `n...', Array, false)
#4 C:\wamp\www\e-sop\app\Models\Simbol.php(18): CodeIgniter\Database\BaseBuilder->get()
#5 C:\wamp\www\e-sop\app\Controllers\CetakController.php(24): App\Models\Simbol->getData()
#6 C:\wamp\www\e-sop\system\CodeIgniter.php(941): App\Controllers\CetakController->bagan()
#7 C:\wamp\www\e-sop\system\CodeIgniter.php(502): CodeIgniter\CodeIgniter->runController(Object(App\Controllers\CetakController))
#8 C:\wamp\www\e-sop\system\CodeIgniter.php(361): CodeIgniter\CodeIgniter->handleRequest(NULL, Object(Config\Cache), false)
#9 C:\wamp\www\e-sop\public\index.php(79): CodeIgniter\CodeIgniter->run()
#10 {main}

Next CodeIgniter\Database\Exceptions\DatabaseException: A connection attempt failed because the connected party did not properly respond after a period of time, or established connection failed because connected host has failed to respond in C:\wamp\www\e-sop\system\Database\MySQLi\Connection.php:229
Stack trace:
#0 C:\wamp\www\e-sop\system\Database\BaseConnection.php(392): CodeIgniter\Database\MySQLi\Connection->connect(false)
#1 C:\wamp\www\e-sop\system\Database\BaseConnection.php(575): CodeIgniter\Database\BaseConnection->initialize()
#2 C:\wamp\www\e-sop\system\Database\BaseBuilder.php(1616): CodeIgniter\Database\BaseConnection->query('SELECT `id`, `n...', Array, false)
#3 C:\wamp\www\e-sop\app\Models\Simbol.php(18): CodeIgniter\Database\BaseBuilder->get()
#4 C:\wamp\www\e-sop\app\Controllers\CetakController.php(24): App\Models\Simbol->getData()
#5 C:\wamp\www\e-sop\system\CodeIgniter.php(941): App\Controllers\CetakController->bagan()
#6 C:\wamp\www\e-sop\system\CodeIgniter.php(502): CodeIgniter\CodeIgniter->runController(Object(App\Controllers\CetakController))
#7 C:\wamp\www\e-sop\system\CodeIgniter.php(361): CodeIgniter\CodeIgniter->handleRequest(NULL, Object(Config\Cache), false)
#8 C:\wamp\www\e-sop\public\index.php(79): CodeIgniter\CodeIgniter->run()
#9 {main}
CRITICAL - 2024-06-20 02:05:21 --> CodeIgniter\Database\Exceptions\DatabaseException: Unable to connect to the database.
Main connection [MySQLi]: A connection attempt failed because the connected party did not properly respond after a period of time, or established connection failed because connected host has failed to respond
in SYSTEMPATH\Database\BaseConnection.php on line 428.
 1 SYSTEMPATH\Database\BaseConnection.php(575): CodeIgniter\Database\BaseConnection->initialize()
 2 SYSTEMPATH\Database\BaseBuilder.php(1616): CodeIgniter\Database\BaseConnection->query('SELECT `id`, `nama_simbol`, `path_simbol`
FROM `mst_simbol`', [], false)
 3 APPPATH\Models\Simbol.php(18): CodeIgniter\Database\BaseBuilder->get()
 4 APPPATH\Controllers\CetakController.php(24): App\Models\Simbol->getData()
 5 SYSTEMPATH\CodeIgniter.php(941): App\Controllers\CetakController->bagan()
 6 SYSTEMPATH\CodeIgniter.php(502): CodeIgniter\CodeIgniter->runController(Object(App\Controllers\CetakController))
 7 SYSTEMPATH\CodeIgniter.php(361): CodeIgniter\CodeIgniter->handleRequest(null, Object(Config\Cache), false)
 8 FCPATH\index.php(79): CodeIgniter\CodeIgniter->run()
INFO - 2024-06-20 02:08:23 --> Session: Class initialized using 'CodeIgniter\Session\Handlers\FileHandler' driver.
INFO - 2024-06-20 02:08:30 --> Session: Class initialized using 'CodeIgniter\Session\Handlers\FileHandler' driver.
INFO - 2024-06-20 02:08:31 --> Session: Class initialized using 'CodeIgniter\Session\Handlers\FileHandler' driver.
INFO - 2024-06-20 02:08:42 --> Session: Class initialized using 'CodeIgniter\Session\Handlers\FileHandler' driver.
INFO - 2024-06-20 02:08:45 --> Session: Class initialized using 'CodeIgniter\Session\Handlers\FileHandler' driver.
INFO - 2024-06-20 02:08:49 --> Session: Class initialized using 'CodeIgniter\Session\Handlers\FileHandler' driver.
INFO - 2024-06-20 02:09:13 --> Session: Class initialized using 'CodeIgniter\Session\Handlers\FileHandler' driver.
INFO - 2024-06-20 02:09:14 --> Session: Class initialized using 'CodeIgniter\Session\Handlers\FileHandler' driver.
INFO - 2024-06-20 02:09:25 --> Session: Class initialized using 'CodeIgniter\Session\Handlers\FileHandler' driver.
INFO - 2024-06-20 02:10:04 --> Session: Class initialized using 'CodeIgniter\Session\Handlers\FileHandler' driver.
INFO - 2024-06-20 02:10:23 --> Session: Class initialized using 'CodeIgniter\Session\Handlers\FileHandler' driver.
INFO - 2024-06-20 02:10:25 --> Session: Class initialized using 'CodeIgniter\Session\Handlers\FileHandler' driver.
INFO - 2024-06-20 02:10:39 --> Session: Class initialized using 'CodeIgniter\Session\Handlers\FileHandler' driver.
INFO - 2024-06-20 03:09:35 --> Session: Class initialized using 'CodeIgniter\Session\Handlers\FileHandler' driver.
INFO - 2024-06-20 07:20:51 --> Session: Class initialized using 'CodeIgniter\Session\Handlers\FileHandler' driver.
INFO - 2024-06-20 07:20:51 --> Session: Class initialized using 'CodeIgniter\Session\Handlers\FileHandler' driver.
ERROR - 2024-06-20 07:24:19 --> Error connecting to the database: mysqli_sql_exception: A connection attempt failed because the connected party did not properly respond after a period of time, or established connection failed because connected host has failed to respond in C:\wamp\www\e-sop\system\Database\MySQLi\Connection.php:185
Stack trace:
#0 C:\wamp\www\e-sop\system\Database\MySQLi\Connection.php(185): mysqli->real_connect('172.16.1.123', 'develop', 'Kumham#2024!', 'esop', 3306, '', 0)
#1 C:\wamp\www\e-sop\system\Database\BaseConnection.php(392): CodeIgniter\Database\MySQLi\Connection->connect(false)
#2 C:\wamp\www\e-sop\system\Database\BaseConnection.php(575): CodeIgniter\Database\BaseConnection->initialize()
#3 C:\wamp\www\e-sop\system\Database\BaseBuilder.php(1616): CodeIgniter\Database\BaseConnection->query('SELECT `id`, `n...', Array, false)
#4 C:\wamp\www\e-sop\app\Models\Simbol.php(18): CodeIgniter\Database\BaseBuilder->get()
#5 C:\wamp\www\e-sop\app\Controllers\CetakController.php(24): App\Models\Simbol->getData()
#6 C:\wamp\www\e-sop\system\CodeIgniter.php(941): App\Controllers\CetakController->bagan()
#7 C:\wamp\www\e-sop\system\CodeIgniter.php(502): CodeIgniter\CodeIgniter->runController(Object(App\Controllers\CetakController))
#8 C:\wamp\www\e-sop\system\CodeIgniter.php(361): CodeIgniter\CodeIgniter->handleRequest(NULL, Object(Config\Cache), false)
#9 C:\wamp\www\e-sop\public\index.php(79): CodeIgniter\CodeIgniter->run()
#10 {main}

Next CodeIgniter\Database\Exceptions\DatabaseException: A connection attempt failed because the connected party did not properly respond after a period of time, or established connection failed because connected host has failed to respond in C:\wamp\www\e-sop\system\Database\MySQLi\Connection.php:229
Stack trace:
#0 C:\wamp\www\e-sop\system\Database\BaseConnection.php(392): CodeIgniter\Database\MySQLi\Connection->connect(false)
#1 C:\wamp\www\e-sop\system\Database\BaseConnection.php(575): CodeIgniter\Database\BaseConnection->initialize()
#2 C:\wamp\www\e-sop\system\Database\BaseBuilder.php(1616): CodeIgniter\Database\BaseConnection->query('SELECT `id`, `n...', Array, false)
#3 C:\wamp\www\e-sop\app\Models\Simbol.php(18): CodeIgniter\Database\BaseBuilder->get()
#4 C:\wamp\www\e-sop\app\Controllers\CetakController.php(24): App\Models\Simbol->getData()
#5 C:\wamp\www\e-sop\system\CodeIgniter.php(941): App\Controllers\CetakController->bagan()
#6 C:\wamp\www\e-sop\system\CodeIgniter.php(502): CodeIgniter\CodeIgniter->runController(Object(App\Controllers\CetakController))
#7 C:\wamp\www\e-sop\system\CodeIgniter.php(361): CodeIgniter\CodeIgniter->handleRequest(NULL, Object(Config\Cache), false)
#8 C:\wamp\www\e-sop\public\index.php(79): CodeIgniter\CodeIgniter->run()
#9 {main}
CRITICAL - 2024-06-20 07:24:19 --> CodeIgniter\Database\Exceptions\DatabaseException: Unable to connect to the database.
Main connection [MySQLi]: A connection attempt failed because the connected party did not properly respond after a period of time, or established connection failed because connected host has failed to respond
in SYSTEMPATH\Database\BaseConnection.php on line 428.
 1 SYSTEMPATH\Database\BaseConnection.php(575): CodeIgniter\Database\BaseConnection->initialize()
 2 SYSTEMPATH\Database\BaseBuilder.php(1616): CodeIgniter\Database\BaseConnection->query('SELECT `id`, `nama_simbol`, `path_simbol`
FROM `mst_simbol`', [], false)
 3 APPPATH\Models\Simbol.php(18): CodeIgniter\Database\BaseBuilder->get()
 4 APPPATH\Controllers\CetakController.php(24): App\Models\Simbol->getData()
 5 SYSTEMPATH\CodeIgniter.php(941): App\Controllers\CetakController->bagan()
 6 SYSTEMPATH\CodeIgniter.php(502): CodeIgniter\CodeIgniter->runController(Object(App\Controllers\CetakController))
 7 SYSTEMPATH\CodeIgniter.php(361): CodeIgniter\CodeIgniter->handleRequest(null, Object(Config\Cache), false)
 8 FCPATH\index.php(79): CodeIgniter\CodeIgniter->run()
INFO - 2024-06-20 13:09:07 --> Session: Class initialized using 'CodeIgniter\Session\Handlers\FileHandler' driver.
INFO - 2024-06-20 13:09:33 --> Session: Class initialized using 'CodeIgniter\Session\Handlers\FileHandler' driver.
ERROR - 2024-06-20 13:09:43 --> Error connecting to the database: mysqli_sql_exception: A connection attempt failed because the connected party did not properly respond after a period of time, or established connection failed because connected host has failed to respond in C:\wamp\www\e-sop\system\Database\MySQLi\Connection.php:185
Stack trace:
#0 C:\wamp\www\e-sop\system\Database\MySQLi\Connection.php(185): mysqli->real_connect('172.16.1.123', 'develop', 'Kumham#2024!', 'esop', 3306, '', 0)
#1 C:\wamp\www\e-sop\system\Database\BaseConnection.php(392): CodeIgniter\Database\MySQLi\Connection->connect(false)
#2 C:\wamp\www\e-sop\system\Database\BaseConnection.php(575): CodeIgniter\Database\BaseConnection->initialize()
#3 C:\wamp\www\e-sop\system\Database\BaseBuilder.php(1616): CodeIgniter\Database\BaseConnection->query('SELECT *\nFROM `...', Array, false)
#4 C:\wamp\www\e-sop\system\Model.php(270): CodeIgniter\Database\BaseBuilder->get()
#5 C:\wamp\www\e-sop\system\BaseModel.php(676): CodeIgniter\Model->doFirst()
#6 C:\wamp\www\e-sop\app\Controllers\Auth.php(68): CodeIgniter\BaseModel->first()
#7 C:\wamp\www\e-sop\system\CodeIgniter.php(941): App\Controllers\Auth->auth()
#8 C:\wamp\www\e-sop\system\CodeIgniter.php(502): CodeIgniter\CodeIgniter->runController(Object(App\Controllers\Auth))
#9 C:\wamp\www\e-sop\system\CodeIgniter.php(361): CodeIgniter\CodeIgniter->handleRequest(NULL, Object(Config\Cache), false)
#10 C:\wamp\www\e-sop\public\index.php(79): CodeIgniter\CodeIgniter->run()
#11 {main}

Next CodeIgniter\Database\Exceptions\DatabaseException: A connection attempt failed because the connected party did not properly respond after a period of time, or established connection failed because connected host has failed to respond in C:\wamp\www\e-sop\system\Database\MySQLi\Connection.php:229
Stack trace:
#0 C:\wamp\www\e-sop\system\Database\BaseConnection.php(392): CodeIgniter\Database\MySQLi\Connection->connect(false)
#1 C:\wamp\www\e-sop\system\Database\BaseConnection.php(575): CodeIgniter\Database\BaseConnection->initialize()
#2 C:\wamp\www\e-sop\system\Database\BaseBuilder.php(1616): CodeIgniter\Database\BaseConnection->query('SELECT *\nFROM `...', Array, false)
#3 C:\wamp\www\e-sop\system\Model.php(270): CodeIgniter\Database\BaseBuilder->get()
#4 C:\wamp\www\e-sop\system\BaseModel.php(676): CodeIgniter\Model->doFirst()
#5 C:\wamp\www\e-sop\app\Controllers\Auth.php(68): CodeIgniter\BaseModel->first()
#6 C:\wamp\www\e-sop\system\CodeIgniter.php(941): App\Controllers\Auth->auth()
#7 C:\wamp\www\e-sop\system\CodeIgniter.php(502): CodeIgniter\CodeIgniter->runController(Object(App\Controllers\Auth))
#8 C:\wamp\www\e-sop\system\CodeIgniter.php(361): CodeIgniter\CodeIgniter->handleRequest(NULL, Object(Config\Cache), false)
#9 C:\wamp\www\e-sop\public\index.php(79): CodeIgniter\CodeIgniter->run()
#10 {main}
CRITICAL - 2024-06-20 13:09:43 --> CodeIgniter\Database\Exceptions\DatabaseException: Unable to connect to the database.
Main connection [MySQLi]: A connection attempt failed because the connected party did not properly respond after a period of time, or established connection failed because connected host has failed to respond
in SYSTEMPATH\Database\BaseConnection.php on line 428.
 1 SYSTEMPATH\Database\BaseConnection.php(575): CodeIgniter\Database\BaseConnection->initialize()
 2 SYSTEMPATH\Database\BaseBuilder.php(1616): CodeIgniter\Database\BaseConnection->query('SELECT *
FROM `login_user`
WHERE `nip` = :nip:
AND `is_aktif` = :is_aktif:
 LIMIT 1', [...], false)
 3 SYSTEMPATH\Model.php(270): CodeIgniter\Database\BaseBuilder->get()
 4 SYSTEMPATH\BaseModel.php(676): CodeIgniter\Model->doFirst()
 5 APPPATH\Controllers\Auth.php(68): CodeIgniter\BaseModel->first()
 6 SYSTEMPATH\CodeIgniter.php(941): App\Controllers\Auth->auth()
 7 SYSTEMPATH\CodeIgniter.php(502): CodeIgniter\CodeIgniter->runController(Object(App\Controllers\Auth))
 8 SYSTEMPATH\CodeIgniter.php(361): CodeIgniter\CodeIgniter->handleRequest(null, Object(Config\Cache), false)
 9 FCPATH\index.php(79): CodeIgniter\CodeIgniter->run()
INFO - 2024-06-20 13:10:22 --> Session: Class initialized using 'CodeIgniter\Session\Handlers\FileHandler' driver.
INFO - 2024-06-20 13:10:22 --> Session: Class initialized using 'CodeIgniter\Session\Handlers\FileHandler' driver.
INFO - 2024-06-20 13:10:36 --> Session: Class initialized using 'CodeIgniter\Session\Handlers\FileHandler' driver.
INFO - 2024-06-20 13:10:36 --> Session: Class initialized using 'CodeIgniter\Session\Handlers\FileHandler' driver.
INFO - 2024-06-20 13:10:39 --> Session: Class initialized using 'CodeIgniter\Session\Handlers\FileHandler' driver.
INFO - 2024-06-20 13:10:44 --> Session: Class initialized using 'CodeIgniter\Session\Handlers\FileHandler' driver.
INFO - 2024-06-20 13:10:47 --> Session: Class initialized using 'CodeIgniter\Session\Handlers\FileHandler' driver.
INFO - 2024-06-20 13:11:07 --> Session: Class initialized using 'CodeIgniter\Session\Handlers\FileHandler' driver.
INFO - 2024-06-20 13:13:26 --> Session: Class initialized using 'CodeIgniter\Session\Handlers\FileHandler' driver.
INFO - 2024-06-20 13:16:35 --> Session: Class initialized using 'CodeIgniter\Session\Handlers\FileHandler' driver.
INFO - 2024-06-20 13:27:25 --> Session: Class initialized using 'CodeIgniter\Session\Handlers\FileHandler' driver.
INFO - 2024-06-20 13:27:52 --> Session: Class initialized using 'CodeIgniter\Session\Handlers\FileHandler' driver.
INFO - 2024-06-20 13:48:38 --> Session: Class initialized using 'CodeIgniter\Session\Handlers\FileHandler' driver.
INFO - 2024-06-20 13:48:40 --> Session: Class initialized using 'CodeIgniter\Session\Handlers\FileHandler' driver.
INFO - 2024-06-20 13:49:36 --> Session: Class initialized using 'CodeIgniter\Session\Handlers\FileHandler' driver.
INFO - 2024-06-20 13:49:38 --> Session: Class initialized using 'CodeIgniter\Session\Handlers\FileHandler' driver.
INFO - 2024-06-20 14:32:01 --> Session: Class initialized using 'CodeIgniter\Session\Handlers\FileHandler' driver.
